[SNIPER] (0) Using trace file /root/codes/Victima/traces/dlrm.sift
[SNIPER] Start here
True
[SNIPER] Running ['bash', '-c', '/root/codes/Victima/sniper/lib/sniper -c /root/codes/Victima/sniper/config/base.cfg --general/total_cores=1 --general/output_dir=/root/codes/UniNDP-virtuoso/CPU-cuckoo-potm-virtualized-128K/1core/dlrm -g --traceinput/mirror_output=true --config=/root/codes/Victima/sniper/config/nehalem.cfg --config=/root/codes/Victima/sniper/config/utopia_motivation_baseline.cfg --config=/root/codes/Victima/sniper/config/virtual_memory_configs/common_translation.cfg --config=/root/codes/Victima/sniper/config/UniNDP/configs/UniNDP_baseline_CPU.cfg --config=/root/codes/Victima/sniper/config/UniNDP/CPU/baseline_CPU_1core_cuckoo_potm_channel_128K.cfg --perf_model/ptw/enabled=false --perf_model/ptw/virtualized=true -g --traceinput/stop_with_first_app=true -g --traceinput/restart_apps=false -g --hooks/numscripts=1 -g --hooks/script0name=/root/codes/UniNDP-virtuoso/CPU-cuckoo-potm-virtualized-128K/1core/dlrm/sim.scripts.py -g --hooks/script0args= -g --traceinput/enabled=true -g --traceinput/emulate_syscalls=false -g --traceinput/num_apps=1 -g --traceinput/thread_0=/root/codes/Victima/traces/dlrm.sift']
<subprocess.Popen object at 0x14c0358dba90>
Starting simLet's load config
config_path
Allocating Simulator
Hello from simulator's constructor
Hello from simulator
Supporting 2page sizes: 12, 21,
Creating pwc_L4 cache with 4 sets, 4-way associative, 8B blocksize
Creating pwc_L3 cache with 4 sets, 4-way associative, 8B blocksize
Creating pwc_L2 cache with 8 sets, 4-way associative, 8B blocksize
0
0
60
100
PWC1
Registered special metric: ptw_latency_heatmap
Registered special metric: ptw_latency_heatmap
Registered special metric: ptw_latency_heatmap
Creating nested_tlb_cache cache with 16 sets, 4-way associative, 4096B blocksize
[VM] CUCKOO POTM is enabled
Instantiating Cuckoo Software-managed TLB across_channels
Creating a 8-ary Cuckoo hashtable
Hash function city
Total number of slots 16384
Hash-size 11
Creating a 8-ary Cuckoo hashtable
Hash function city
Total number of slots 16384
Hash-size 11
Creating stlb_cache cache with 128 sets, 12-way associative, 4096B blocksize
Creating itlb_cache cache with 16 sets, 8-way associative, 4096B blocksize
Creating dtlb_cache cache with 16 sets, 4-way associative, 4096B blocksize
Registered special metric: L2_TLB_miss_per_page
Registering cache time series
Registered special metric: cache_timeseries
Creating nuca-cache cache with 2048 sets, 16-way associative, 64B blocksize
Attaching Nuca to PTW
Core : 0
Directory type : limited_no_broadcast
Total Entries : 33554432
Associativity : 16
Cache Block Size : 64
Max hw sharers : 64
Max Num Sharers : 1
Initializing cache L 2
Creating L1-I cache with 64 sets, 8-way associative, 64B blocksize
Initializing cache L 3
Creating L1-D cache with 64 sets, 8-way associative, 64B blocksize
Initializing cache L 4
Creating L2 cache with 64 sets, 8-way associative, 64B blocksize
Initializing cache L 5
Creating L3 cache with 512 sets, 16-way associative, 64B blocksize
Executing Python script /root/codes/UniNDP-virtuoso/CPU-cuckoo-potm-virtualized-128K/1core/dlrm/sim.scripts.py
[STOPBYICOUNT] Starting in ROI (detail)
[STOPBYICOUNT] Then stopping after simulating at least 500000000 instructions in detail
[SNIPER] --------------------------------------------------------------------------------
[SNIPER] Sniper using SIFT/trace-driven frontend
[SNIPER] Running full application in DETAILED mode
[SNIPER] --------------------------------------------------------------------------------
[SNIPER] Enabling performance models
[SNIPER] Setting instrumentation mode to DETAILED
[STOPBYICOUNT] Periodic at 100001 delta = 100001 elapsed time = 00:00:02
[STOPBYICOUNT] Periodic at 200004 delta = 100003 elapsed time = 00:00:05
[STOPBYICOUNT] Periodic at 300004 delta = 100000 elapsed time = 00:00:09
[STOPBYICOUNT] Periodic at 400004 delta = 100000 elapsed time = 00:00:13
[STOPBYICOUNT] Periodic at 500008 delta = 100004 elapsed time = 00:00:17
[STOPBYICOUNT] Periodic at 600002 delta = 99994 elapsed time = 00:00:20
[STOPBYICOUNT] Periodic at 700010 delta = 100008 elapsed time = 00:00:21
[STOPBYICOUNT] Periodic at 800002 delta = 99992 elapsed time = 00:00:23
[STOPBYICOUNT] Periodic at 900001 delta = 99999 elapsed time = 00:00:26
[STOPBYICOUNT] Periodic at 1000005 delta = 100004 elapsed time = 00:00:28
[STOPBYICOUNT] Periodic at 1100001 delta = 99996 elapsed time = 00:00:32
[STOPBYICOUNT] Periodic at 1200001 delta = 100000 elapsed time = 00:00:35
[STOPBYICOUNT] Periodic at 1300003 delta = 100002 elapsed time = 00:00:37
[STOPBYICOUNT] Periodic at 1400001 delta = 99998 elapsed time = 00:00:39
[STOPBYICOUNT] Periodic at 1500005 delta = 100004 elapsed time = 00:00:42
[STOPBYICOUNT] Periodic at 1600002 delta = 99997 elapsed time = 00:00:46
[STOPBYICOUNT] Periodic at 1700011 delta = 100009 elapsed time = 00:00:48
[STOPBYICOUNT] Periodic at 1800011 delta = 100000 elapsed time = 00:00:50
[STOPBYICOUNT] Periodic at 1900005 delta = 99994 elapsed time = 00:00:52
[STOPBYICOUNT] Periodic at 2000007 delta = 100002 elapsed time = 00:00:54
[STOPBYICOUNT] Periodic at 2100008 delta = 100001 elapsed time = 00:00:59
[STOPBYICOUNT] Periodic at 2200002 delta = 99994 elapsed time = 00:01:02
[STOPBYICOUNT] Periodic at 2300005 delta = 100003 elapsed time = 00:01:07
[STOPBYICOUNT] Periodic at 2400006 delta = 100001 elapsed time = 00:01:11
[STOPBYICOUNT] Periodic at 2500005 delta = 99999 elapsed time = 00:01:15
[STOPBYICOUNT] Periodic at 2600003 delta = 99998 elapsed time = 00:01:19
[STOPBYICOUNT] Periodic at 2700008 delta = 100005 elapsed time = 00:01:22
[STOPBYICOUNT] Periodic at 2800009 delta = 100001 elapsed time = 00:01:24
[STOPBYICOUNT] Periodic at 2900003 delta = 99994 elapsed time = 00:01:26
[STOPBYICOUNT] Periodic at 3000002 delta = 99999 elapsed time = 00:01:29
[STOPBYICOUNT] Periodic at 3100001 delta = 99999 elapsed time = 00:01:33
[STOPBYICOUNT] Periodic at 3200002 delta = 100001 elapsed time = 00:01:37
[STOPBYICOUNT] Periodic at 3300002 delta = 100000 elapsed time = 00:01:42
[STOPBYICOUNT] Periodic at 3400006 delta = 100004 elapsed time = 00:01:46
[STOPBYICOUNT] Periodic at 3500009 delta = 100003 elapsed time = 00:01:50
[STOPBYICOUNT] Periodic at 3600006 delta = 99997 elapsed time = 00:01:53
[STOPBYICOUNT] Periodic at 3700002 delta = 99996 elapsed time = 00:01:57
[STOPBYICOUNT] Periodic at 3800008 delta = 100006 elapsed time = 00:02:00
[STOPBYICOUNT] Periodic at 3900002 delta = 99994 elapsed time = 00:02:02
[STOPBYICOUNT] Periodic at 4000002 delta = 100000 elapsed time = 00:02:04
[STOPBYICOUNT] Periodic at 4100004 delta = 100002 elapsed time = 00:02:08
[STOPBYICOUNT] Periodic at 4200006 delta = 100002 elapsed time = 00:02:12
[STOPBYICOUNT] Periodic at 4300001 delta = 99995 elapsed time = 00:02:14
[STOPBYICOUNT] Periodic at 4400007 delta = 100006 elapsed time = 00:02:16
[STOPBYICOUNT] Periodic at 4500001 delta = 99994 elapsed time = 00:02:20
[STOPBYICOUNT] Periodic at 4600001 delta = 100000 elapsed time = 00:02:22
[STOPBYICOUNT] Periodic at 4700001 delta = 100000 elapsed time = 00:02:25
[STOPBYICOUNT] Periodic at 4800010 delta = 100009 elapsed time = 00:02:27
[STOPBYICOUNT] Periodic at 4900003 delta = 99993 elapsed time = 00:02:31
[STOPBYICOUNT] Periodic at 5000003 delta = 100000 elapsed time = 00:02:34
[STOPBYICOUNT] Periodic at 5100002 delta = 99999 elapsed time = 00:02:36
[STOPBYICOUNT] Periodic at 5200001 delta = 99999 elapsed time = 00:02:38
[STOPBYICOUNT] Periodic at 5300010 delta = 100009 elapsed time = 00:02:41
[STOPBYICOUNT] Periodic at 5400002 delta = 99992 elapsed time = 00:02:43
[STOPBYICOUNT] Periodic at 5500005 delta = 100003 elapsed time = 00:02:45
[STOPBYICOUNT] Periodic at 5600009 delta = 100004 elapsed time = 00:02:47
[STOPBYICOUNT] Periodic at 5700001 delta = 99992 elapsed time = 00:02:50
[STOPBYICOUNT] Periodic at 5800008 delta = 100007 elapsed time = 00:02:52
[STOPBYICOUNT] Periodic at 5900001 delta = 99993 elapsed time = 00:02:55
[STOPBYICOUNT] Periodic at 6000014 delta = 100013 elapsed time = 00:02:59
[STOPBYICOUNT] Periodic at 6100005 delta = 99991 elapsed time = 00:03:02
[STOPBYICOUNT] Periodic at 6200007 delta = 100002 elapsed time = 00:03:04
[STOPBYICOUNT] Periodic at 6300008 delta = 100001 elapsed time = 00:03:06
[STOPBYICOUNT] Periodic at 6400001 delta = 99993 elapsed time = 00:03:09
[STOPBYICOUNT] Periodic at 6500005 delta = 100004 elapsed time = 00:03:11
[STOPBYICOUNT] Periodic at 6600003 delta = 99998 elapsed time = 00:03:13
[STOPBYICOUNT] Periodic at 6700002 delta = 99999 elapsed time = 00:03:17
[STOPBYICOUNT] Periodic at 6800011 delta = 100009 elapsed time = 00:03:22
[STOPBYICOUNT] Periodic at 6900001 delta = 99990 elapsed time = 00:03:26
[STOPBYICOUNT] Periodic at 7000014 delta = 100013 elapsed time = 00:03:30
[STOPBYICOUNT] Periodic at 7100002 delta = 99988 elapsed time = 00:03:33
[STOPBYICOUNT] Periodic at 7200009 delta = 100007 elapsed time = 00:03:37
[STOPBYICOUNT] Periodic at 7300015 delta = 100006 elapsed time = 00:03:40
[STOPBYICOUNT] Periodic at 7400001 delta = 99986 elapsed time = 00:03:42
[STOPBYICOUNT] Periodic at 7500005 delta = 100004 elapsed time = 00:03:44
[STOPBYICOUNT] Periodic at 7600005 delta = 100000 elapsed time = 00:03:49
[STOPBYICOUNT] Periodic at 7700007 delta = 100002 elapsed time = 00:03:54
[STOPBYICOUNT] Periodic at 7800006 delta = 99999 elapsed time = 00:03:57
[STOPBYICOUNT] Periodic at 7900002 delta = 99996 elapsed time = 00:03:59
[STOPBYICOUNT] Periodic at 8000003 delta = 100001 elapsed time = 00:04:02
[STOPBYICOUNT] Periodic at 8100002 delta = 99999 elapsed time = 00:04:06
[STOPBYICOUNT] Periodic at 8200007 delta = 100005 elapsed time = 00:04:07
[STOPBYICOUNT] Periodic at 8300002 delta = 99995 elapsed time = 00:04:09
[STOPBYICOUNT] Periodic at 8400009 delta = 100007 elapsed time = 00:04:12
[STOPBYICOUNT] Periodic at 8500006 delta = 99997 elapsed time = 00:04:15
[STOPBYICOUNT] Periodic at 8600002 delta = 99996 elapsed time = 00:04:16
[STOPBYICOUNT] Periodic at 8700001 delta = 99999 elapsed time = 00:04:18
[STOPBYICOUNT] Periodic at 8800006 delta = 100005 elapsed time = 00:04:22
[STOPBYICOUNT] Periodic at 8900004 delta = 99998 elapsed time = 00:04:26
[STOPBYICOUNT] Periodic at 9000004 delta = 100000 elapsed time = 00:04:29
[STOPBYICOUNT] Periodic at 9100002 delta = 99998 elapsed time = 00:04:33
[STOPBYICOUNT] Periodic at 9200001 delta = 99999 elapsed time = 00:04:35
[STOPBYICOUNT] Periodic at 9300001 delta = 100000 elapsed time = 00:04:39
[STOPBYICOUNT] Periodic at 9400005 delta = 100004 elapsed time = 00:04:42
[STOPBYICOUNT] Periodic at 9500001 delta = 99996 elapsed time = 00:04:44
[STOPBYICOUNT] Periodic at 9600007 delta = 100006 elapsed time = 00:04:48
[STOPBYICOUNT] Periodic at 9700001 delta = 99994 elapsed time = 00:04:53
[STOPBYICOUNT] Periodic at 9800011 delta = 100010 elapsed time = 00:04:57
[STOPBYICOUNT] Periodic at 9900004 delta = 99993 elapsed time = 00:05:00
[STOPBYICOUNT] Periodic at 10000006 delta = 100002 elapsed time = 00:05:02
