[SNIPER] (0) Using trace file /root/codes/Victima/traces/sssp.sift
[SNIPER] Start here
True
[SNIPER] Running ['bash', '-c', '/root/codes/Victima/sniper/lib/sniper -c /root/codes/Victima/sniper/config/base.cfg --general/total_cores=1 --general/output_dir=/root/codes/UniNDP-virtuoso/CPU-cuckoo-potm-2048K/1core/sssp -g --traceinput/mirror_output=true --config=/root/codes/Victima/sniper/config/nehalem.cfg --config=/root/codes/Victima/sniper/config/utopia_motivation_baseline.cfg --config=/root/codes/Victima/sniper/config/virtual_memory_configs/common_translation.cfg --config=/root/codes/Victima/sniper/config/UniNDP/configs/UniNDP_baseline_CPU.cfg --config=/root/codes/Victima/sniper/config/UniNDP/CPU/baseline_CPU_1core_cuckoo_potm_channel_2048K.cfg -g --traceinput/stop_with_first_app=true -g --traceinput/restart_apps=false -g --hooks/numscripts=1 -g --hooks/script0name=/root/codes/UniNDP-virtuoso/CPU-cuckoo-potm-2048K/1core/sssp/sim.scripts.py -g --hooks/script0args= -g --traceinput/enabled=true -g --traceinput/emulate_syscalls=false -g --traceinput/num_apps=1 -g --traceinput/thread_0=/root/codes/Victima/traces/sssp.sift']
<subprocess.Popen object at 0x14b46e485a90>
Starting simLet's load config
config_path
Allocating Simulator
Hello from simulator's constructor
Hello from simulator
Supporting 2page sizes: 12, 21,
Creating pwc_L4 cache with 4 sets, 4-way associative, 8B blocksize
Creating pwc_L3 cache with 4 sets, 4-way associative, 8B blocksize
Creating pwc_L2 cache with 8 sets, 4-way associative, 8B blocksize
0
0
60
100
Registered special metric: ptw_latency_heatmap
[VM] CUCKOO POTM is enabled
Instantiating Cuckoo Software-managed TLB across_channels
Creating a 8-ary Cuckoo hashtable
Hash function city
Total number of slots 2097152
Hash-size 18
Creating a 8-ary Cuckoo hashtable
Hash function city
Total number of slots 2097152
Hash-size 18
Creating stlb_cache cache with 128 sets, 12-way associative, 4096B blocksize
Creating itlb_cache cache with 16 sets, 8-way associative, 4096B blocksize
Creating dtlb_cache cache with 16 sets, 4-way associative, 4096B blocksize
Registered special metric: L2_TLB_miss_per_page
Registering cache time series
Registered special metric: cache_timeseries
Creating nuca-cache cache with 2048 sets, 16-way associative, 64B blocksize
Attaching Nuca to PTW
Core : 0
Directory type : limited_no_broadcast
Total Entries : 33554432
Associativity : 16
Cache Block Size : 64
Max hw sharers : 64
Max Num Sharers : 1
Initializing cache L 2
Creating L1-I cache with 64 sets, 8-way associative, 64B blocksize
Initializing cache L 3
Creating L1-D cache with 64 sets, 8-way associative, 64B blocksize
Initializing cache L 4
Creating L2 cache with 64 sets, 8-way associative, 64B blocksize
Initializing cache L 5
Creating L3 cache with 512 sets, 16-way associative, 64B blocksize
Executing Python script /root/codes/UniNDP-virtuoso/CPU-cuckoo-potm-2048K/1core/sssp/sim.scripts.py
[STOPBYICOUNT] Starting in ROI (detail)
[STOPBYICOUNT] Then stopping after simulating at least 500000000 instructions in detail
[SNIPER] --------------------------------------------------------------------------------
[SNIPER] Sniper using SIFT/trace-driven frontend
[SNIPER] Running full application in DETAILED mode
[SNIPER] --------------------------------------------------------------------------------
[SNIPER] Enabling performance models
[SNIPER] Setting instrumentation mode to DETAILED
[STOPBYICOUNT] Periodic at 100002 delta = 100002 elapsed time = 00:00:06
[STOPBYICOUNT] Periodic at 200001 delta = 99999 elapsed time = 00:00:15
[STOPBYICOUNT] Periodic at 300001 delta = 100000 elapsed time = 00:00:25
[STOPBYICOUNT] Periodic at 400002 delta = 100001 elapsed time = 00:00:30
[STOPBYICOUNT] Periodic at 500002 delta = 100000 elapsed time = 00:00:33
[STOPBYICOUNT] Periodic at 600006 delta = 100004 elapsed time = 00:00:39
[STOPBYICOUNT] Periodic at 700005 delta = 99999 elapsed time = 00:00:44
[STOPBYICOUNT] Periodic at 800005 delta = 100000 elapsed time = 00:00:53
[STOPBYICOUNT] Periodic at 900004 delta = 99999 elapsed time = 00:00:58
[STOPBYICOUNT] Periodic at 1000004 delta = 100000 elapsed time = 00:01:05
[STOPBYICOUNT] Periodic at 1100008 delta = 100004 elapsed time = 00:01:10
[STOPBYICOUNT] Periodic at 1200006 delta = 99998 elapsed time = 00:01:14
[STOPBYICOUNT] Periodic at 1300001 delta = 99995 elapsed time = 00:01:22
[STOPBYICOUNT] Periodic at 1400002 delta = 100001 elapsed time = 00:01:25
[STOPBYICOUNT] Periodic at 1500002 delta = 100000 elapsed time = 00:01:30
[STOPBYICOUNT] Periodic at 1600001 delta = 99999 elapsed time = 00:01:40
[STOPBYICOUNT] Periodic at 1700005 delta = 100004 elapsed time = 00:01:50
[STOPBYICOUNT] Periodic at 1800005 delta = 100000 elapsed time = 00:02:00
[STOPBYICOUNT] Periodic at 1900003 delta = 99998 elapsed time = 00:02:01
[STOPBYICOUNT] Periodic at 2000009 delta = 100006 elapsed time = 00:02:06
[STOPBYICOUNT] Periodic at 2100001 delta = 99992 elapsed time = 00:02:08
[STOPBYICOUNT] Periodic at 2200001 delta = 100000 elapsed time = 00:02:16
[STOPBYICOUNT] Periodic at 2300012 delta = 100011 elapsed time = 00:02:22
[STOPBYICOUNT] Periodic at 2400002 delta = 99990 elapsed time = 00:02:27
[STOPBYICOUNT] Periodic at 2500001 delta = 99999 elapsed time = 00:02:36
[STOPBYICOUNT] Periodic at 2600006 delta = 100005 elapsed time = 00:02:45
[STOPBYICOUNT] Periodic at 2700006 delta = 100000 elapsed time = 00:02:48
[STOPBYICOUNT] Periodic at 2800006 delta = 100000 elapsed time = 00:02:51
[STOPBYICOUNT] Periodic at 2900006 delta = 100000 elapsed time = 00:02:54
[STOPBYICOUNT] Periodic at 3000001 delta = 99995 elapsed time = 00:03:00
[STOPBYICOUNT] Periodic at 3100001 delta = 100000 elapsed time = 00:03:08
[STOPBYICOUNT] Periodic at 3200005 delta = 100004 elapsed time = 00:03:14
[STOPBYICOUNT] Periodic at 3300003 delta = 99998 elapsed time = 00:03:22
[STOPBYICOUNT] Periodic at 3400003 delta = 100000 elapsed time = 00:03:29
[STOPBYICOUNT] Periodic at 3500001 delta = 99998 elapsed time = 00:03:40
[STOPBYICOUNT] Periodic at 3600007 delta = 100006 elapsed time = 00:03:48
[STOPBYICOUNT] Periodic at 3700006 delta = 99999 elapsed time = 00:03:53
[STOPBYICOUNT] Periodic at 3800006 delta = 100000 elapsed time = 00:04:00
[STOPBYICOUNT] Periodic at 3900010 delta = 100004 elapsed time = 00:04:10
[STOPBYICOUNT] Periodic at 4000008 delta = 99998 elapsed time = 00:04:21
[STOPBYICOUNT] Periodic at 4100001 delta = 99993 elapsed time = 00:04:29
[STOPBYICOUNT] Periodic at 4200006 delta = 100005 elapsed time = 00:04:31
[STOPBYICOUNT] Periodic at 4300003 delta = 99997 elapsed time = 00:04:33
[STOPBYICOUNT] Periodic at 4400001 delta = 99998 elapsed time = 00:04:37
[STOPBYICOUNT] Periodic at 4500001 delta = 100000 elapsed time = 00:04:44
[STOPBYICOUNT] Periodic at 4600001 delta = 100000 elapsed time = 00:04:54
[STOPBYICOUNT] Periodic at 4700005 delta = 100004 elapsed time = 00:05:02
[STOPBYICOUNT] Periodic at 4800004 delta = 99999 elapsed time = 00:05:11
[STOPBYICOUNT] Periodic at 4900004 delta = 100000 elapsed time = 00:05:21
[STOPBYICOUNT] Periodic at 5000008 delta = 100004 elapsed time = 00:05:31
[STOPBYICOUNT] Periodic at 5100006 delta = 99998 elapsed time = 00:05:41
[STOPBYICOUNT] Periodic at 5200007 delta = 100001 elapsed time = 00:05:50
[STOPBYICOUNT] Periodic at 5300007 delta = 100000 elapsed time = 00:05:55
[STOPBYICOUNT] Periodic at 5400007 delta = 100000 elapsed time = 00:05:59
[STOPBYICOUNT] Periodic at 5500007 delta = 100000 elapsed time = 00:06:02
[STOPBYICOUNT] Periodic at 5600007 delta = 100000 elapsed time = 00:06:05
[STOPBYICOUNT] Periodic at 5700007 delta = 100000 elapsed time = 00:06:09
[STOPBYICOUNT] Periodic at 5800007 delta = 100000 elapsed time = 00:06:12
[STOPBYICOUNT] Periodic at 5900002 delta = 99995 elapsed time = 00:06:20
[STOPBYICOUNT] Periodic at 6000003 delta = 100001 elapsed time = 00:06:32
[STOPBYICOUNT] Periodic at 6100003 delta = 100000 elapsed time = 00:06:43
[STOPBYICOUNT] Periodic at 6200014 delta = 100011 elapsed time = 00:06:53
[STOPBYICOUNT] Periodic at 6300004 delta = 99990 elapsed time = 00:07:02
[STOPBYICOUNT] Periodic at 6400003 delta = 99999 elapsed time = 00:07:11
[STOPBYICOUNT] Periodic at 6500003 delta = 100000 elapsed time = 00:07:21
[STOPBYICOUNT] Periodic at 6600007 delta = 100004 elapsed time = 00:07:31
[STOPBYICOUNT] Periodic at 6700005 delta = 99998 elapsed time = 00:07:37
[STOPBYICOUNT] Periodic at 6800005 delta = 100000 elapsed time = 00:07:43
[STOPBYICOUNT] Periodic at 6900003 delta = 99998 elapsed time = 00:07:51
[STOPBYICOUNT] Periodic at 7000009 delta = 100006 elapsed time = 00:08:02
[STOPBYICOUNT] Periodic at 7100001 delta = 99992 elapsed time = 00:08:13
[STOPBYICOUNT] Periodic at 7200001 delta = 100000 elapsed time = 00:08:24
[STOPBYICOUNT] Periodic at 7300012 delta = 100011 elapsed time = 00:08:35
[STOPBYICOUNT] Periodic at 7400002 delta = 99990 elapsed time = 00:08:47
[STOPBYICOUNT] Periodic at 7500001 delta = 99999 elapsed time = 00:08:53
[STOPBYICOUNT] Periodic at 7600001 delta = 100000 elapsed time = 00:08:59
[STOPBYICOUNT] Periodic at 7700005 delta = 100004 elapsed time = 00:09:10
[STOPBYICOUNT] Periodic at 7800003 delta = 99998 elapsed time = 00:09:18
[STOPBYICOUNT] Periodic at 7900003 delta = 100000 elapsed time = 00:09:27
[STOPBYICOUNT] Periodic at 8000001 delta = 99998 elapsed time = 00:09:38
[STOPBYICOUNT] Periodic at 8100007 delta = 100006 elapsed time = 00:09:50
[STOPBYICOUNT] Periodic at 8200006 delta = 99999 elapsed time = 00:10:03
[STOPBYICOUNT] Periodic at 8300006 delta = 100000 elapsed time = 00:10:14
[STOPBYICOUNT] Periodic at 8400010 delta = 100004 elapsed time = 00:10:25
[STOPBYICOUNT] Periodic at 8500008 delta = 99998 elapsed time = 00:10:36
[STOPBYICOUNT] Periodic at 8600001 delta = 99993 elapsed time = 00:10:44
[STOPBYICOUNT] Periodic at 8700006 delta = 100005 elapsed time = 00:10:52
[STOPBYICOUNT] Periodic at 8800003 delta = 99997 elapsed time = 00:10:58
[STOPBYICOUNT] Periodic at 8900001 delta = 99998 elapsed time = 00:11:09
[STOPBYICOUNT] Periodic at 9000005 delta = 100004 elapsed time = 00:11:22
[STOPBYICOUNT] Periodic at 9100003 delta = 99998 elapsed time = 00:11:36
[STOPBYICOUNT] Periodic at 9200005 delta = 100002 elapsed time = 00:11:49
[STOPBYICOUNT] Periodic at 9300001 delta = 99996 elapsed time = 00:12:00
[STOPBYICOUNT] Periodic at 9400006 delta = 100005 elapsed time = 00:12:10
[STOPBYICOUNT] Periodic at 9500003 delta = 99997 elapsed time = 00:12:22
[STOPBYICOUNT] Periodic at 9600004 delta = 100001 elapsed time = 00:12:35
[STOPBYICOUNT] Periodic at 9700004 delta = 100000 elapsed time = 00:12:46
[STOPBYICOUNT] Periodic at 9800012 delta = 100008 elapsed time = 00:12:58
[STOPBYICOUNT] Periodic at 9900002 delta = 99990 elapsed time = 00:13:09
[STOPBYICOUNT] Periodic at 10000009 delta = 100007 elapsed time = 00:13:20
[STOPBYICOUNT] Periodic at 10100014 delta = 100005 elapsed time = 00:13:35
[STOPBYICOUNT] Periodic at 10200006 delta = 99992 elapsed time = 00:13:43
[STOPBYICOUNT] Periodic at 10300002 delta = 99996 elapsed time = 00:14:03
[STOPBYICOUNT] Periodic at 10400004 delta = 100002 elapsed time = 00:14:20
[STOPBYICOUNT] Periodic at 10500004 delta = 100000 elapsed time = 00:14:38
[STOPBYICOUNT] Periodic at 10600008 delta = 100004 elapsed time = 00:14:55
[STOPBYICOUNT] Periodic at 10700004 delta = 99996 elapsed time = 00:15:08
[STOPBYICOUNT] Periodic at 10800004 delta = 100000 elapsed time = 00:15:19
[STOPBYICOUNT] Periodic at 10900007 delta = 100003 elapsed time = 00:15:31
[STOPBYICOUNT] Periodic at 11000003 delta = 99996 elapsed time = 00:15:49
[STOPBYICOUNT] Periodic at 11100001 delta = 99998 elapsed time = 00:15:54
[STOPBYICOUNT] Periodic at 11200001 delta = 100000 elapsed time = 00:15:58
[STOPBYICOUNT] Periodic at 11300001 delta = 100000 elapsed time = 00:16:02
[STOPBYICOUNT] Periodic at 11400001 delta = 100000 elapsed time = 00:16:05
[STOPBYICOUNT] Periodic at 11500001 delta = 100000 elapsed time = 00:16:09
[STOPBYICOUNT] Periodic at 11600001 delta = 100000 elapsed time = 00:16:12
[STOPBYICOUNT] Periodic at 11700001 delta = 100000 elapsed time = 00:16:16
[STOPBYICOUNT] Periodic at 11800001 delta = 100000 elapsed time = 00:16:20
[STOPBYICOUNT] Periodic at 11900001 delta = 100000 elapsed time = 00:16:24
[STOPBYICOUNT] Periodic at 12000001 delta = 100000 elapsed time = 00:16:29
[STOPBYICOUNT] Periodic at 12100001 delta = 100000 elapsed time = 00:16:33
[STOPBYICOUNT] Periodic at 12200001 delta = 100000 elapsed time = 00:16:37
[STOPBYICOUNT] Periodic at 12300001 delta = 100000 elapsed time = 00:16:41
[STOPBYICOUNT] Periodic at 12400008 delta = 100007 elapsed time = 00:16:52
[STOPBYICOUNT] Periodic at 12500001 delta = 99993 elapsed time = 00:17:05
[STOPBYICOUNT] Periodic at 12600001 delta = 100000 elapsed time = 00:17:21
[STOPBYICOUNT] Periodic at 12700001 delta = 100000 elapsed time = 00:17:37
[STOPBYICOUNT] Periodic at 12800021 delta = 100020 elapsed time = 00:17:54
[STOPBYICOUNT] Periodic at 12900003 delta = 99982 elapsed time = 00:17:57
[STOPBYICOUNT] Periodic at 13000004 delta = 100001 elapsed time = 00:18:03
[STOPBYICOUNT] Periodic at 13100003 delta = 99999 elapsed time = 00:18:18
[STOPBYICOUNT] Periodic at 13200008 delta = 100005 elapsed time = 00:18:34
[STOPBYICOUNT] Periodic at 13300003 delta = 99995 elapsed time = 00:18:51
[STOPBYICOUNT] Periodic at 13400001 delta = 99998 elapsed time = 00:19:08
[STOPBYICOUNT] Periodic at 13500003 delta = 100002 elapsed time = 00:19:27
[STOPBYICOUNT] Periodic at 13600002 delta = 99999 elapsed time = 00:19:37
[STOPBYICOUNT] Periodic at 13700004 delta = 100002 elapsed time = 00:19:55
[STOPBYICOUNT] Periodic at 13800001 delta = 99997 elapsed time = 00:20:06
[STOPBYICOUNT] Periodic at 13900001 delta = 100000 elapsed time = 00:20:20
[STOPBYICOUNT] Periodic at 14000004 delta = 100003 elapsed time = 00:20:33
[STOPBYICOUNT] Periodic at 14100002 delta = 99998 elapsed time = 00:20:49
[STOPBYICOUNT] Periodic at 14200001 delta = 99999 elapsed time = 00:21:07
[STOPBYICOUNT] Periodic at 14300005 delta = 100004 elapsed time = 00:21:21
[STOPBYICOUNT] Periodic at 14400001 delta = 99996 elapsed time = 00:21:32
[STOPBYICOUNT] Periodic at 14500006 delta = 100005 elapsed time = 00:21:45
[STOPBYICOUNT] Periodic at 14600007 delta = 100001 elapsed time = 00:21:56
[STOPBYICOUNT] Periodic at 14700001 delta = 99994 elapsed time = 00:22:07
[STOPBYICOUNT] Periodic at 14800001 delta = 100000 elapsed time = 00:22:22
[STOPBYICOUNT] Periodic at 14900005 delta = 100004 elapsed time = 00:22:37
[STOPBYICOUNT] Periodic at 15000004 delta = 99999 elapsed time = 00:22:52
[STOPBYICOUNT] Periodic at 15100001 delta = 99997 elapsed time = 00:23:10
[STOPBYICOUNT] Periodic at 15200002 delta = 100001 elapsed time = 00:23:20
[STOPBYICOUNT] Periodic at 15300002 delta = 100000 elapsed time = 00:23:44
[STOPBYICOUNT] Periodic at 15400005 delta = 100003 elapsed time = 00:23:57
[STOPBYICOUNT] Periodic at 15500003 delta = 99998 elapsed time = 00:24:12
[STOPBYICOUNT] Periodic at 15600001 delta = 99998 elapsed time = 00:24:31
[STOPBYICOUNT] Periodic at 15700001 delta = 100000 elapsed time = 00:24:45
[STOPBYICOUNT] Periodic at 15800007 delta = 100006 elapsed time = 00:24:56
[STOPBYICOUNT] Periodic at 15900001 delta = 99994 elapsed time = 00:25:09
[STOPBYICOUNT] Periodic at 16000002 delta = 100001 elapsed time = 00:25:24
[STOPBYICOUNT] Periodic at 16100001 delta = 99999 elapsed time = 00:25:33
[STOPBYICOUNT] Periodic at 16200010 delta = 100009 elapsed time = 00:25:41
[STOPBYICOUNT] Periodic at 16300012 delta = 100002 elapsed time = 00:25:56
[STOPBYICOUNT] Periodic at 16400002 delta = 99990 elapsed time = 00:26:08
[STOPBYICOUNT] Periodic at 16500001 delta = 99999 elapsed time = 00:26:32
[STOPBYICOUNT] Periodic at 16600001 delta = 100000 elapsed time = 00:26:41
[STOPBYICOUNT] Periodic at 16700008 delta = 100007 elapsed time = 00:26:55
[STOPBYICOUNT] Periodic at 16800002 delta = 99994 elapsed time = 00:27:02
[STOPBYICOUNT] Periodic at 16900001 delta = 99999 elapsed time = 00:27:06
[STOPBYICOUNT] Periodic at 17000008 delta = 100007 elapsed time = 00:27:15
[STOPBYICOUNT] Periodic at 17100008 delta = 100000 elapsed time = 00:27:27
[STOPBYICOUNT] Periodic at 17200004 delta = 99996 elapsed time = 00:27:37
[STOPBYICOUNT] Periodic at 17300002 delta = 99998 elapsed time = 00:27:56
[STOPBYICOUNT] Periodic at 17400005 delta = 100003 elapsed time = 00:28:10
[STOPBYICOUNT] Periodic at 17500002 delta = 99997 elapsed time = 00:28:27
[STOPBYICOUNT] Periodic at 17600003 delta = 100001 elapsed time = 00:28:33
[STOPBYICOUNT] Periodic at 17700012 delta = 100009 elapsed time = 00:28:50
[STOPBYICOUNT] Periodic at 17800007 delta = 99995 elapsed time = 00:29:20
[STOPBYICOUNT] Periodic at 17900007 delta = 100000 elapsed time = 00:29:37
[STOPBYICOUNT] Periodic at 18000007 delta = 100000 elapsed time = 00:29:51
[STOPBYICOUNT] Periodic at 18100003 delta = 99996 elapsed time = 00:30:06
[STOPBYICOUNT] Periodic at 18200002 delta = 99999 elapsed time = 00:30:32
[STOPBYICOUNT] Periodic at 18300001 delta = 99999 elapsed time = 00:30:40
[STOPBYICOUNT] Periodic at 18400007 delta = 100006 elapsed time = 00:30:51
[STOPBYICOUNT] Periodic at 18500001 delta = 99994 elapsed time = 00:31:01
[STOPBYICOUNT] Periodic at 18600003 delta = 100002 elapsed time = 00:31:18
[STOPBYICOUNT] Periodic at 18700002 delta = 99999 elapsed time = 00:31:34
[STOPBYICOUNT] Periodic at 18800001 delta = 99999 elapsed time = 00:31:43
[STOPBYICOUNT] Periodic at 18900002 delta = 100001 elapsed time = 00:31:55
[STOPBYICOUNT] Periodic at 19000001 delta = 99999 elapsed time = 00:32:28
[STOPBYICOUNT] Periodic at 19100001 delta = 100000 elapsed time = 00:32:47
[STOPBYICOUNT] Periodic at 19200003 delta = 100002 elapsed time = 00:32:59
[STOPBYICOUNT] Periodic at 19300008 delta = 100005 elapsed time = 00:33:33
[STOPBYICOUNT] Periodic at 19400003 delta = 99995 elapsed time = 00:33:47
[STOPBYICOUNT] Periodic at 19500002 delta = 99999 elapsed time = 00:34:06
[STOPBYICOUNT] Periodic at 19600003 delta = 100001 elapsed time = 00:34:25
[STOPBYICOUNT] Periodic at 19700003 delta = 100000 elapsed time = 00:34:45
[STOPBYICOUNT] Periodic at 19800004 delta = 100001 elapsed time = 00:34:55
[STOPBYICOUNT] Periodic at 19900004 delta = 100000 elapsed time = 00:35:07
[STOPBYICOUNT] Periodic at 20000002 delta = 99998 elapsed time = 00:35:22
[STOPBYICOUNT] Periodic at 20100003 delta = 100001 elapsed time = 00:35:41
[STOPBYICOUNT] Periodic at 20200002 delta = 99999 elapsed time = 00:35:49
[STOPBYICOUNT] Periodic at 20300002 delta = 100000 elapsed time = 00:36:02
[STOPBYICOUNT] Periodic at 20400005 delta = 100003 elapsed time = 00:36:11
[STOPBYICOUNT] Periodic at 20500003 delta = 99998 elapsed time = 00:36:21
[STOPBYICOUNT] Periodic at 20600005 delta = 100002 elapsed time = 00:36:27
[STOPBYICOUNT] Periodic at 20700007 delta = 100002 elapsed time = 00:36:43
[STOPBYICOUNT] Periodic at 20800002 delta = 99995 elapsed time = 00:36:54
[STOPBYICOUNT] Periodic at 20900003 delta = 100001 elapsed time = 00:37:06
[STOPBYICOUNT] Periodic at 21000005 delta = 100002 elapsed time = 00:37:19
[STOPBYICOUNT] Periodic at 21100006 delta = 100001 elapsed time = 00:37:34
[STOPBYICOUNT] Periodic at 21200006 delta = 100000 elapsed time = 00:37:43
[STOPBYICOUNT] Periodic at 21300003 delta = 99997 elapsed time = 00:38:01
[STOPBYICOUNT] Periodic at 21400001 delta = 99998 elapsed time = 00:38:14
[STOPBYICOUNT] Periodic at 21500005 delta = 100004 elapsed time = 00:38:32
[STOPBYICOUNT] Periodic at 21600004 delta = 99999 elapsed time = 00:38:51
[STOPBYICOUNT] Periodic at 21700006 delta = 100002 elapsed time = 00:39:02
[STOPBYICOUNT] Periodic at 21800001 delta = 99995 elapsed time = 00:39:22
[STOPBYICOUNT] Periodic at 21900003 delta = 100002 elapsed time = 00:39:41
[STOPBYICOUNT] Periodic at 22000004 delta = 100001 elapsed time = 00:40:00
[STOPBYICOUNT] Periodic at 22100001 delta = 99997 elapsed time = 00:40:19
[STOPBYICOUNT] Periodic at 22200004 delta = 100003 elapsed time = 00:40:32
[STOPBYICOUNT] Periodic at 22300003 delta = 99999 elapsed time = 00:41:10
[STOPBYICOUNT] Periodic at 22400006 delta = 100003 elapsed time = 00:41:30
[STOPBYICOUNT] Periodic at 22500001 delta = 99995 elapsed time = 00:41:38
[STOPBYICOUNT] Periodic at 22600007 delta = 100006 elapsed time = 00:41:59
[STOPBYICOUNT] Periodic at 22700007 delta = 100000 elapsed time = 00:42:10
[STOPBYICOUNT] Periodic at 22800006 delta = 99999 elapsed time = 00:42:21
[STOPBYICOUNT] Periodic at 22900003 delta = 99997 elapsed time = 00:42:34
[STOPBYICOUNT] Periodic at 23000006 delta = 100003 elapsed time = 00:42:47
[STOPBYICOUNT] Periodic at 23100001 delta = 99995 elapsed time = 00:43:04
[STOPBYICOUNT] Periodic at 23200006 delta = 100005 elapsed time = 00:43:15
[STOPBYICOUNT] Periodic at 23300005 delta = 99999 elapsed time = 00:44:00
[STOPBYICOUNT] Periodic at 23400006 delta = 100001 elapsed time = 00:44:13
[STOPBYICOUNT] Periodic at 23500001 delta = 99995 elapsed time = 00:44:28
[STOPBYICOUNT] Periodic at 23600008 delta = 100007 elapsed time = 00:44:45
[STOPBYICOUNT] Periodic at 23700007 delta = 99999 elapsed time = 00:45:39
[STOPBYICOUNT] Periodic at 23800002 delta = 99995 elapsed time = 00:45:47
[STOPBYICOUNT] Periodic at 23900003 delta = 100001 elapsed time = 00:45:57
[STOPBYICOUNT] Periodic at 24000002 delta = 99999 elapsed time = 00:46:11
[STOPBYICOUNT] Periodic at 24100001 delta = 99999 elapsed time = 00:46:22
[STOPBYICOUNT] Periodic at 24200006 delta = 100005 elapsed time = 00:46:57
[STOPBYICOUNT] Periodic at 24300004 delta = 99998 elapsed time = 00:47:12
[STOPBYICOUNT] Periodic at 24400005 delta = 100001 elapsed time = 00:47:18
[STOPBYICOUNT] Periodic at 24500007 delta = 100002 elapsed time = 00:47:20
[STOPBYICOUNT] Periodic at 24600002 delta = 99995 elapsed time = 00:47:27
[STOPBYICOUNT] Periodic at 24700004 delta = 100002 elapsed time = 00:47:30
[STOPBYICOUNT] Periodic at 24800003 delta = 99999 elapsed time = 00:47:34
[STOPBYICOUNT] Periodic at 24900002 delta = 99999 elapsed time = 00:47:44
[STOPBYICOUNT] Periodic at 25000003 delta = 100001 elapsed time = 00:48:15
[STOPBYICOUNT] Periodic at 25100002 delta = 99999 elapsed time = 00:48:32
[STOPBYICOUNT] Periodic at 25200004 delta = 100002 elapsed time = 00:48:49
[STOPBYICOUNT] Periodic at 25300010 delta = 100006 elapsed time = 00:49:02
[STOPBYICOUNT] Periodic at 25400006 delta = 99996 elapsed time = 00:49:20
[STOPBYICOUNT] Periodic at 25500001 delta = 99995 elapsed time = 00:49:32
[STOPBYICOUNT] Periodic at 25600003 delta = 100002 elapsed time = 00:49:43
[STOPBYICOUNT] Periodic at 25700002 delta = 99999 elapsed time = 00:49:57
[STOPBYICOUNT] Periodic at 25800005 delta = 100003 elapsed time = 00:50:18
[STOPBYICOUNT] Periodic at 25900002 delta = 99997 elapsed time = 00:50:31
[STOPBYICOUNT] Periodic at 26000003 delta = 100001 elapsed time = 00:50:41
[STOPBYICOUNT] Periodic at 26100005 delta = 100002 elapsed time = 00:50:53
[STOPBYICOUNT] Periodic at 26200003 delta = 99998 elapsed time = 00:51:05
[STOPBYICOUNT] Periodic at 26300007 delta = 100004 elapsed time = 00:51:16
[STOPBYICOUNT] Periodic at 26400004 delta = 99997 elapsed time = 00:51:45
[STOPBYICOUNT] Periodic at 26500005 delta = 100001 elapsed time = 00:51:56
[STOPBYICOUNT] Periodic at 26600002 delta = 99997 elapsed time = 00:52:06
[STOPBYICOUNT] Periodic at 26700004 delta = 100002 elapsed time = 00:52:16
[STOPBYICOUNT] Periodic at 26800002 delta = 99998 elapsed time = 00:52:31
[STOPBYICOUNT] Periodic at 26900001 delta = 99999 elapsed time = 00:52:49
[STOPBYICOUNT] Periodic at 27000001 delta = 100000 elapsed time = 00:54:10
[STOPBYICOUNT] Periodic at 27100002 delta = 100001 elapsed time = 00:54:23
[STOPBYICOUNT] Periodic at 27200012 delta = 100010 elapsed time = 00:54:34
[STOPBYICOUNT] Periodic at 27300005 delta = 99993 elapsed time = 00:54:45
[STOPBYICOUNT] Periodic at 27400002 delta = 99997 elapsed time = 00:54:59
[STOPBYICOUNT] Periodic at 27500007 delta = 100005 elapsed time = 00:56:07
[STOPBYICOUNT] Periodic at 27600002 delta = 99995 elapsed time = 00:56:19
[STOPBYICOUNT] Periodic at 27700002 delta = 100000 elapsed time = 00:56:29
[STOPBYICOUNT] Periodic at 27800008 delta = 100006 elapsed time = 00:56:37
[STOPBYICOUNT] Periodic at 27900008 delta = 100000 elapsed time = 00:56:39
[STOPBYICOUNT] Periodic at 28000008 delta = 100000 elapsed time = 00:56:43
[STOPBYICOUNT] Periodic at 28100008 delta = 100000 elapsed time = 00:56:46
[STOPBYICOUNT] Periodic at 28200008 delta = 100000 elapsed time = 00:56:49
[STOPBYICOUNT] Periodic at 28300008 delta = 100000 elapsed time = 00:56:53
[STOPBYICOUNT] Periodic at 28400008 delta = 100000 elapsed time = 00:56:54
[STOPBYICOUNT] Periodic at 28500008 delta = 100000 elapsed time = 00:56:55
[STOPBYICOUNT] Periodic at 28600008 delta = 100000 elapsed time = 00:56:55
[STOPBYICOUNT] Periodic at 28700008 delta = 100000 elapsed time = 00:56:56
[STOPBYICOUNT] Periodic at 28800008 delta = 100000 elapsed time = 00:56:56
[STOPBYICOUNT] Periodic at 28900008 delta = 100000 elapsed time = 00:56:57
[STOPBYICOUNT] Periodic at 29000008 delta = 100000 elapsed time = 00:56:59
[STOPBYICOUNT] Periodic at 29100008 delta = 100000 elapsed time = 00:57:02
[STOPBYICOUNT] Periodic at 29200008 delta = 100000 elapsed time = 00:57:06
[STOPBYICOUNT] Periodic at 29300008 delta = 100000 elapsed time = 00:57:08
[STOPBYICOUNT] Periodic at 29400008 delta = 100000 elapsed time = 00:57:10
[STOPBYICOUNT] Periodic at 29500008 delta = 100000 elapsed time = 00:57:13
[STOPBYICOUNT] Periodic at 29600008 delta = 100000 elapsed time = 00:57:15
[STOPBYICOUNT] Periodic at 29700008 delta = 100000 elapsed time = 00:57:18
[STOPBYICOUNT] Periodic at 29800008 delta = 100000 elapsed time = 00:58:22
[STOPBYICOUNT] Periodic at 29900008 delta = 100000 elapsed time = 00:58:23
[STOPBYICOUNT] Periodic at 30000008 delta = 100000 elapsed time = 00:58:24
[STOPBYICOUNT] Periodic at 30100008 delta = 100000 elapsed time = 00:58:27
[STOPBYICOUNT] Periodic at 30200008 delta = 100000 elapsed time = 00:58:30
[STOPBYICOUNT] Periodic at 30300008 delta = 100000 elapsed time = 00:58:33
[STOPBYICOUNT] Periodic at 30400004 delta = 99996 elapsed time = 00:58:37
[STOPBYICOUNT] Periodic at 30500004 delta = 100000 elapsed time = 00:58:48
[STOPBYICOUNT] Periodic at 30600002 delta = 99998 elapsed time = 00:59:00
[STOPBYICOUNT] Periodic at 30700002 delta = 100000 elapsed time = 00:59:15
[STOPBYICOUNT] Periodic at 30800001 delta = 99999 elapsed time = 00:59:22
[STOPBYICOUNT] Periodic at 30900002 delta = 100001 elapsed time = 00:59:45
[STOPBYICOUNT] Periodic at 31000005 delta = 100003 elapsed time = 00:59:53
[STOPBYICOUNT] Periodic at 31100002 delta = 99997 elapsed time = 01:00:06
[STOPBYICOUNT] Periodic at 31200004 delta = 100002 elapsed time = 01:00:21
[STOPBYICOUNT] Periodic at 31300004 delta = 100000 elapsed time = 01:00:35
[STOPBYICOUNT] Periodic at 31400005 delta = 100001 elapsed time = 01:00:46
[STOPBYICOUNT] Periodic at 31500001 delta = 99996 elapsed time = 01:00:58
[STOPBYICOUNT] Periodic at 31600003 delta = 100002 elapsed time = 01:01:18
[STOPBYICOUNT] Periodic at 31700003 delta = 100000 elapsed time = 01:01:32
[STOPBYICOUNT] Periodic at 31800014 delta = 100011 elapsed time = 01:01:44
[STOPBYICOUNT] Periodic at 31900013 delta = 99999 elapsed time = 01:01:56
[STOPBYICOUNT] Periodic at 32000004 delta = 99991 elapsed time = 01:02:09
[STOPBYICOUNT] Periodic at 32100002 delta = 99998 elapsed time = 01:02:21
[STOPBYICOUNT] Periodic at 32200001 delta = 99999 elapsed time = 01:03:19
[STOPBYICOUNT] Periodic at 32300001 delta = 100000 elapsed time = 01:03:33
[STOPBYICOUNT] Periodic at 32400001 delta = 100000 elapsed time = 01:03:41
[STOPBYICOUNT] Periodic at 32500001 delta = 100000 elapsed time = 01:03:50
[STOPBYICOUNT] Periodic at 32600003 delta = 100002 elapsed time = 01:04:01
[STOPBYICOUNT] Periodic at 32700001 delta = 99998 elapsed time = 01:04:10
[STOPBYICOUNT] Periodic at 32800002 delta = 100001 elapsed time = 01:04:25
[STOPBYICOUNT] Periodic at 32900003 delta = 100001 elapsed time = 01:08:50
[STOPBYICOUNT] Periodic at 33000002 delta = 99999 elapsed time = 01:09:05
[STOPBYICOUNT] Periodic at 33100007 delta = 100005 elapsed time = 01:09:19
[STOPBYICOUNT] Periodic at 33200002 delta = 99995 elapsed time = 01:09:30
[STOPBYICOUNT] Periodic at 33300005 delta = 100003 elapsed time = 01:09:40
[STOPBYICOUNT] Periodic at 33400006 delta = 100001 elapsed time = 01:09:51
[STOPBYICOUNT] Periodic at 33500010 delta = 100004 elapsed time = 01:10:01
[STOPBYICOUNT] Periodic at 33600001 delta = 99991 elapsed time = 01:10:27
[STOPBYICOUNT] Periodic at 33700005 delta = 100004 elapsed time = 01:10:36
[STOPBYICOUNT] Periodic at 33800001 delta = 99996 elapsed time = 01:10:45
[STOPBYICOUNT] Periodic at 33900006 delta = 100005 elapsed time = 01:10:53
[STOPBYICOUNT] Periodic at 34000006 delta = 100000 elapsed time = 01:11:03
[STOPBYICOUNT] Periodic at 34100002 delta = 99996 elapsed time = 01:11:14
[STOPBYICOUNT] Periodic at 34200009 delta = 100007 elapsed time = 01:11:24
[STOPBYICOUNT] Periodic at 34300007 delta = 99998 elapsed time = 01:11:33
[STOPBYICOUNT] Periodic at 34400001 delta = 99994 elapsed time = 01:11:44
[STOPBYICOUNT] Periodic at 34500012 delta = 100011 elapsed time = 01:11:51
[STOPBYICOUNT] Periodic at 34600004 delta = 99992 elapsed time = 01:12:03
[STOPBYICOUNT] Periodic at 34700002 delta = 99998 elapsed time = 01:12:16
[STOPBYICOUNT] Periodic at 34800001 delta = 99999 elapsed time = 01:12:25
[STOPBYICOUNT] Periodic at 34900007 delta = 100006 elapsed time = 01:12:29
[STOPBYICOUNT] Periodic at 35000013 delta = 100006 elapsed time = 01:12:41
[STOPBYICOUNT] Periodic at 35100001 delta = 99988 elapsed time = 01:12:51
[STOPBYICOUNT] Periodic at 35200002 delta = 100001 elapsed time = 01:12:59
[STOPBYICOUNT] Periodic at 35300004 delta = 100002 elapsed time = 01:13:06
[STOPBYICOUNT] Periodic at 35400004 delta = 100000 elapsed time = 01:13:08
[STOPBYICOUNT] Periodic at 35500007 delta = 100003 elapsed time = 01:13:17
[STOPBYICOUNT] Periodic at 35600002 delta = 99995 elapsed time = 01:13:27
[STOPBYICOUNT] Periodic at 35700005 delta = 100003 elapsed time = 01:14:25
[STOPBYICOUNT] Periodic at 35800007 delta = 100002 elapsed time = 01:14:37
[STOPBYICOUNT] Periodic at 35900005 delta = 99998 elapsed time = 01:14:50
[STOPBYICOUNT] Periodic at 36000006 delta = 100001 elapsed time = 01:15:03
[STOPBYICOUNT] Periodic at 36100001 delta = 99995 elapsed time = 01:15:17
[STOPBYICOUNT] Periodic at 36200001 delta = 100000 elapsed time = 01:15:31
[STOPBYICOUNT] Periodic at 36300015 delta = 100014 elapsed time = 01:15:44
[STOPBYICOUNT] Periodic at 36400004 delta = 99989 elapsed time = 01:16:21
[STOPBYICOUNT] Periodic at 36500007 delta = 100003 elapsed time = 01:16:33
[STOPBYICOUNT] Periodic at 36600006 delta = 99999 elapsed time = 01:16:48
[STOPBYICOUNT] Periodic at 36700005 delta = 99999 elapsed time = 01:17:00
[STOPBYICOUNT] Periodic at 36800005 delta = 100000 elapsed time = 01:17:12
[STOPBYICOUNT] Periodic at 36900001 delta = 99996 elapsed time = 01:17:24
[STOPBYICOUNT] Periodic at 37000003 delta = 100002 elapsed time = 01:17:36
[STOPBYICOUNT] Periodic at 37100013 delta = 100010 elapsed time = 01:17:48
[STOPBYICOUNT] Periodic at 37200004 delta = 99991 elapsed time = 01:18:05
[STOPBYICOUNT] Periodic at 37300002 delta = 99998 elapsed time = 01:18:18
[STOPBYICOUNT] Periodic at 37400002 delta = 100000 elapsed time = 01:18:33
[STOPBYICOUNT] Periodic at 37500005 delta = 100003 elapsed time = 01:18:46
[STOPBYICOUNT] Periodic at 37600005 delta = 100000 elapsed time = 01:18:51
[STOPBYICOUNT] Periodic at 37700001 delta = 99996 elapsed time = 01:18:56
[STOPBYICOUNT] Periodic at 37800001 delta = 100000 elapsed time = 01:19:10
[STOPBYICOUNT] Periodic at 37900003 delta = 100002 elapsed time = 01:19:20
[STOPBYICOUNT] Periodic at 38000002 delta = 99999 elapsed time = 01:19:27
[STOPBYICOUNT] Periodic at 38100005 delta = 100003 elapsed time = 01:19:40
[STOPBYICOUNT] Periodic at 38200001 delta = 99996 elapsed time = 01:19:49
[STOPBYICOUNT] Periodic at 38300001 delta = 100000 elapsed time = 01:20:17
[STOPBYICOUNT] Periodic at 38400001 delta = 100000 elapsed time = 01:20:31
[STOPBYICOUNT] Periodic at 38500005 delta = 100004 elapsed time = 01:20:45
[STOPBYICOUNT] Periodic at 38600001 delta = 99996 elapsed time = 01:20:56
[STOPBYICOUNT] Periodic at 38700002 delta = 100001 elapsed time = 01:21:07
[STOPBYICOUNT] Periodic at 38800007 delta = 100005 elapsed time = 01:21:18
[STOPBYICOUNT] Periodic at 38900007 delta = 100000 elapsed time = 01:21:30
[STOPBYICOUNT] Periodic at 39000001 delta = 99994 elapsed time = 01:21:40
[STOPBYICOUNT] Periodic at 39100004 delta = 100003 elapsed time = 01:21:52
[STOPBYICOUNT] Periodic at 39200007 delta = 100003 elapsed time = 01:22:34
[STOPBYICOUNT] Periodic at 39300011 delta = 100004 elapsed time = 01:22:51
[STOPBYICOUNT] Periodic at 39400001 delta = 99990 elapsed time = 01:23:03
[STOPBYICOUNT] Periodic at 39500007 delta = 100006 elapsed time = 01:23:14
[STOPBYICOUNT] Periodic at 39600002 delta = 99995 elapsed time = 01:23:27
[STOPBYICOUNT] Periodic at 39700002 delta = 100000 elapsed time = 01:23:42
[STOPBYICOUNT] Periodic at 39800003 delta = 100001 elapsed time = 01:23:58
[STOPBYICOUNT] Periodic at 39900004 delta = 100001 elapsed time = 01:24:17
[STOPBYICOUNT] Periodic at 40000013 delta = 100009 elapsed time = 01:24:33
[STOPBYICOUNT] Periodic at 40100004 delta = 99991 elapsed time = 01:24:45
[STOPBYICOUNT] Periodic at 40200001 delta = 99997 elapsed time = 01:24:57
[STOPBYICOUNT] Periodic at 40300004 delta = 100003 elapsed time = 01:25:10
[STOPBYICOUNT] Periodic at 40400001 delta = 99997 elapsed time = 01:25:24
[STOPBYICOUNT] Periodic at 40500002 delta = 100001 elapsed time = 01:25:40
[STOPBYICOUNT] Periodic at 40600001 delta = 99999 elapsed time = 01:25:54
[STOPBYICOUNT] Periodic at 40700009 delta = 100008 elapsed time = 01:26:09
[STOPBYICOUNT] Periodic at 40800007 delta = 99998 elapsed time = 01:28:08
[STOPBYICOUNT] Periodic at 40900003 delta = 99996 elapsed time = 01:28:23
[STOPBYICOUNT] Periodic at 41000002 delta = 99999 elapsed time = 01:28:36
[STOPBYICOUNT] Periodic at 41100001 delta = 99999 elapsed time = 01:28:53
[STOPBYICOUNT] Periodic at 41200004 delta = 100003 elapsed time = 01:29:09
[STOPBYICOUNT] Periodic at 41300014 delta = 100010 elapsed time = 01:29:24
[STOPBYICOUNT] Periodic at 41400001 delta = 99987 elapsed time = 01:29:35
[STOPBYICOUNT] Periodic at 41500007 delta = 100006 elapsed time = 01:29:46
[STOPBYICOUNT] Periodic at 41600002 delta = 99995 elapsed time = 01:29:57
[STOPBYICOUNT] Periodic at 41700002 delta = 100000 elapsed time = 01:30:24
[STOPBYICOUNT] Periodic at 41800009 delta = 100007 elapsed time = 01:30:37
[STOPBYICOUNT] Periodic at 41900002 delta = 99993 elapsed time = 01:30:46
[STOPBYICOUNT] Periodic at 42000001 delta = 99999 elapsed time = 01:30:57
[STOPBYICOUNT] Periodic at 42100004 delta = 100003 elapsed time = 01:31:08
[STOPBYICOUNT] Periodic at 42200003 delta = 99999 elapsed time = 01:31:24
[STOPBYICOUNT] Periodic at 42300001 delta = 99998 elapsed time = 01:31:40
[STOPBYICOUNT] Periodic at 42400007 delta = 100006 elapsed time = 01:31:56
[STOPBYICOUNT] Periodic at 42500001 delta = 99994 elapsed time = 01:32:09
[STOPBYICOUNT] Periodic at 42600005 delta = 100004 elapsed time = 01:32:18
[STOPBYICOUNT] Periodic at 42700008 delta = 100003 elapsed time = 01:32:30
[STOPBYICOUNT] Periodic at 42800002 delta = 99994 elapsed time = 01:32:56
[STOPBYICOUNT] Periodic at 42900001 delta = 99999 elapsed time = 01:33:08
[STOPBYICOUNT] Periodic at 43000003 delta = 100002 elapsed time = 01:33:19
[STOPBYICOUNT] Periodic at 43100007 delta = 100004 elapsed time = 01:33:27
[STOPBYICOUNT] Periodic at 43200005 delta = 99998 elapsed time = 01:33:37
[STOPBYICOUNT] Periodic at 43300010 delta = 100005 elapsed time = 01:33:48
[STOPBYICOUNT] Periodic at 43400002 delta = 99992 elapsed time = 01:33:55
[STOPBYICOUNT] Periodic at 43500001 delta = 99999 elapsed time = 01:34:11
[STOPBYICOUNT] Periodic at 43600007 delta = 100006 elapsed time = 01:34:25
[STOPBYICOUNT] Periodic at 43700001 delta = 99994 elapsed time = 01:34:39
[STOPBYICOUNT] Periodic at 43800007 delta = 100006 elapsed time = 01:34:52
[STOPBYICOUNT] Periodic at 43900004 delta = 99997 elapsed time = 01:35:03
[STOPBYICOUNT] Periodic at 44000004 delta = 100000 elapsed time = 01:36:24
[STOPBYICOUNT] Periodic at 44100004 delta = 100000 elapsed time = 01:36:37
[STOPBYICOUNT] Periodic at 44200002 delta = 99998 elapsed time = 01:36:49
[STOPBYICOUNT] Periodic at 44300002 delta = 100000 elapsed time = 01:37:04
[STOPBYICOUNT] Periodic at 44400003 delta = 100001 elapsed time = 01:37:11
[STOPBYICOUNT] Periodic at 44500004 delta = 100001 elapsed time = 01:37:23
[STOPBYICOUNT] Periodic at 44600003 delta = 99999 elapsed time = 01:37:34
[STOPBYICOUNT] Periodic at 44700002 delta = 99999 elapsed time = 01:37:47
[STOPBYICOUNT] Periodic at 44800001 delta = 99999 elapsed time = 01:37:59
[STOPBYICOUNT] Periodic at 44900004 delta = 100003 elapsed time = 01:38:09
[STOPBYICOUNT] Periodic at 45000002 delta = 99998 elapsed time = 01:38:21
[STOPBYICOUNT] Periodic at 45100002 delta = 100000 elapsed time = 01:38:29
[STOPBYICOUNT] Periodic at 45200005 delta = 100003 elapsed time = 01:38:42
[STOPBYICOUNT] Periodic at 45300004 delta = 99999 elapsed time = 01:39:16
[STOPBYICOUNT] Periodic at 45400004 delta = 100000 elapsed time = 01:39:29
[STOPBYICOUNT] Periodic at 45500005 delta = 100001 elapsed time = 01:39:41
[STOPBYICOUNT] Periodic at 45600007 delta = 100002 elapsed time = 01:39:52
[STOPBYICOUNT] Periodic at 45700003 delta = 99996 elapsed time = 01:40:05
[STOPBYICOUNT] Periodic at 45800002 delta = 99999 elapsed time = 01:40:19
[STOPBYICOUNT] Periodic at 45900003 delta = 100001 elapsed time = 01:40:33
[STOPBYICOUNT] Periodic at 46000001 delta = 99998 elapsed time = 01:40:47
[STOPBYICOUNT] Periodic at 46100004 delta = 100003 elapsed time = 01:41:01
[STOPBYICOUNT] Periodic at 46200007 delta = 100003 elapsed time = 01:41:12
[STOPBYICOUNT] Periodic at 46300002 delta = 99995 elapsed time = 01:41:30
[STOPBYICOUNT] Periodic at 46400006 delta = 100004 elapsed time = 01:41:45
[STOPBYICOUNT] Periodic at 46500007 delta = 100001 elapsed time = 01:43:45
[STOPBYICOUNT] Periodic at 46600013 delta = 100006 elapsed time = 01:43:58
[STOPBYICOUNT] Periodic at 46700004 delta = 99991 elapsed time = 01:44:07
[STOPBYICOUNT] Periodic at 46800003 delta = 99999 elapsed time = 01:44:13
[STOPBYICOUNT] Periodic at 46900005 delta = 100002 elapsed time = 01:44:19
[STOPBYICOUNT] Periodic at 47000001 delta = 99996 elapsed time = 01:44:29
[STOPBYICOUNT] Periodic at 47100007 delta = 100006 elapsed time = 01:44:44
[STOPBYICOUNT] Periodic at 47200022 delta = 100015 elapsed time = 01:44:58
[STOPBYICOUNT] Periodic at 47300006 delta = 99984 elapsed time = 01:45:13
[STOPBYICOUNT] Periodic at 47400006 delta = 100000 elapsed time = 01:45:29
[STOPBYICOUNT] Periodic at 47500006 delta = 100000 elapsed time = 01:45:42
[STOPBYICOUNT] Periodic at 47600004 delta = 99998 elapsed time = 01:45:55
[STOPBYICOUNT] Periodic at 47700004 delta = 100000 elapsed time = 01:46:08
[STOPBYICOUNT] Periodic at 47800004 delta = 100000 elapsed time = 01:46:21
[STOPBYICOUNT] Periodic at 47900009 delta = 100005 elapsed time = 01:46:44
[STOPBYICOUNT] Periodic at 48000007 delta = 99998 elapsed time = 01:46:54
[STOPBYICOUNT] Periodic at 48100004 delta = 99997 elapsed time = 01:46:58
[STOPBYICOUNT] Periodic at 48200007 delta = 100003 elapsed time = 01:47:07
[STOPBYICOUNT] Periodic at 48300003 delta = 99996 elapsed time = 01:47:16
[STOPBYICOUNT] Periodic at 48400014 delta = 100011 elapsed time = 01:47:28
[STOPBYICOUNT] Periodic at 48500003 delta = 99989 elapsed time = 01:47:37
[STOPBYICOUNT] Periodic at 48600003 delta = 100000 elapsed time = 01:47:48
[STOPBYICOUNT] Periodic at 48700003 delta = 100000 elapsed time = 01:48:01
[STOPBYICOUNT] Periodic at 48800001 delta = 99998 elapsed time = 01:48:14
[STOPBYICOUNT] Periodic at 48900004 delta = 100003 elapsed time = 01:48:25
[STOPBYICOUNT] Periodic at 49000003 delta = 99999 elapsed time = 01:48:40
[STOPBYICOUNT] Periodic at 49100003 delta = 100000 elapsed time = 01:48:54
[STOPBYICOUNT] Periodic at 49200002 delta = 99999 elapsed time = 01:49:04
[STOPBYICOUNT] Periodic at 49300005 delta = 100003 elapsed time = 01:49:18
[STOPBYICOUNT] Periodic at 49400002 delta = 99997 elapsed time = 01:49:32
[STOPBYICOUNT] Periodic at 49500004 delta = 100002 elapsed time = 01:50:41
[STOPBYICOUNT] Periodic at 49600002 delta = 99998 elapsed time = 01:50:50
[STOPBYICOUNT] Periodic at 49700003 delta = 100001 elapsed time = 01:51:01
[STOPBYICOUNT] Periodic at 49800003 delta = 100000 elapsed time = 01:51:11
[STOPBYICOUNT] Periodic at 49900002 delta = 99999 elapsed time = 01:51:21
[STOPBYICOUNT] Periodic at 50000002 delta = 100000 elapsed time = 01:51:37
[STOPBYICOUNT] Periodic at 50100002 delta = 100000 elapsed time = 01:51:53
[STOPBYICOUNT] Periodic at 50200002 delta = 100000 elapsed time = 01:52:07
[STOPBYICOUNT] Periodic at 50300003 delta = 100001 elapsed time = 01:52:22
[STOPBYICOUNT] Periodic at 50400010 delta = 100007 elapsed time = 01:52:35
[STOPBYICOUNT] Periodic at 50500009 delta = 99999 elapsed time = 01:52:44
[STOPBYICOUNT] Periodic at 50600005 delta = 99996 elapsed time = 01:52:54
[STOPBYICOUNT] Periodic at 50700006 delta = 100001 elapsed time = 01:53:06
[STOPBYICOUNT] Periodic at 50800003 delta = 99997 elapsed time = 01:53:16
[STOPBYICOUNT] Periodic at 50900002 delta = 99999 elapsed time = 01:53:27
[STOPBYICOUNT] Periodic at 51000001 delta = 99999 elapsed time = 01:53:35
[STOPBYICOUNT] Periodic at 51100001 delta = 100000 elapsed time = 01:53:46
[STOPBYICOUNT] Periodic at 51200001 delta = 100000 elapsed time = 01:54:03
[STOPBYICOUNT] Periodic at 51300001 delta = 100000 elapsed time = 01:54:17
[STOPBYICOUNT] Periodic at 51400005 delta = 100004 elapsed time = 01:54:26
[STOPBYICOUNT] Periodic at 51500002 delta = 99997 elapsed time = 01:54:36
[STOPBYICOUNT] Periodic at 51600006 delta = 100004 elapsed time = 01:54:47
[STOPBYICOUNT] Periodic at 51700003 delta = 99997 elapsed time = 01:54:55
[STOPBYICOUNT] Periodic at 51800004 delta = 100001 elapsed time = 01:55:00
[STOPBYICOUNT] Periodic at 51900002 delta = 99998 elapsed time = 01:55:08
[STOPBYICOUNT] Periodic at 52000007 delta = 100005 elapsed time = 01:55:18
[STOPBYICOUNT] Periodic at 52100001 delta = 99994 elapsed time = 01:55:29
[STOPBYICOUNT] Periodic at 52200005 delta = 100004 elapsed time = 01:55:34
[STOPBYICOUNT] Periodic at 52300002 delta = 99997 elapsed time = 01:55:44
[STOPBYICOUNT] Periodic at 52400001 delta = 99999 elapsed time = 01:55:55
[STOPBYICOUNT] Periodic at 52500007 delta = 100006 elapsed time = 01:56:10
[STOPBYICOUNT] Periodic at 52600003 delta = 99996 elapsed time = 01:56:21
[STOPBYICOUNT] Periodic at 52700002 delta = 99999 elapsed time = 01:56:33
[STOPBYICOUNT] Periodic at 52800006 delta = 100004 elapsed time = 01:56:48
[STOPBYICOUNT] Periodic at 52900001 delta = 99995 elapsed time = 01:56:58
[STOPBYICOUNT] Periodic at 53000002 delta = 100001 elapsed time = 01:57:08
[STOPBYICOUNT] Periodic at 53100001 delta = 99999 elapsed time = 01:57:17
[STOPBYICOUNT] Periodic at 53200001 delta = 100000 elapsed time = 01:57:42
[STOPBYICOUNT] Periodic at 53300006 delta = 100005 elapsed time = 01:57:52
[STOPBYICOUNT] Periodic at 53400002 delta = 99996 elapsed time = 01:58:02
[STOPBYICOUNT] Periodic at 53500002 delta = 100000 elapsed time = 01:58:11
[STOPBYICOUNT] Periodic at 53600003 delta = 100001 elapsed time = 01:58:21
[STOPBYICOUNT] Periodic at 53700004 delta = 100001 elapsed time = 01:58:29
[STOPBYICOUNT] Periodic at 53800002 delta = 99998 elapsed time = 01:58:39
[STOPBYICOUNT] Periodic at 53900005 delta = 100003 elapsed time = 01:58:52
[STOPBYICOUNT] Periodic at 54000002 delta = 99997 elapsed time = 01:59:03
[STOPBYICOUNT] Periodic at 54100002 delta = 100000 elapsed time = 01:59:15
[STOPBYICOUNT] Periodic at 54200009 delta = 100007 elapsed time = 01:59:24
[STOPBYICOUNT] Periodic at 54300013 delta = 100004 elapsed time = 01:59:34
[STOPBYICOUNT] Periodic at 54400007 delta = 99994 elapsed time = 01:59:48
[STOPBYICOUNT] Periodic at 54500001 delta = 99994 elapsed time = 02:00:04
[STOPBYICOUNT] Periodic at 54600005 delta = 100004 elapsed time = 02:00:16
[STOPBYICOUNT] Periodic at 54700002 delta = 99997 elapsed time = 02:00:28
[STOPBYICOUNT] Periodic at 54800003 delta = 100001 elapsed time = 02:00:36
[STOPBYICOUNT] Periodic at 54900001 delta = 99998 elapsed time = 02:00:43
[STOPBYICOUNT] Periodic at 55000001 delta = 100000 elapsed time = 02:00:52
[STOPBYICOUNT] Periodic at 55100007 delta = 100006 elapsed time = 02:01:00
[STOPBYICOUNT] Periodic at 55200002 delta = 99995 elapsed time = 02:01:10
[STOPBYICOUNT] Periodic at 55300003 delta = 100001 elapsed time = 02:01:53
[STOPBYICOUNT] Periodic at 55400003 delta = 100000 elapsed time = 02:02:00
[STOPBYICOUNT] Periodic at 55500002 delta = 99999 elapsed time = 02:02:07
[STOPBYICOUNT] Periodic at 55600003 delta = 100001 elapsed time = 02:02:10
[STOPBYICOUNT] Periodic at 55700002 delta = 99999 elapsed time = 02:02:19
[STOPBYICOUNT] Periodic at 55800006 delta = 100004 elapsed time = 02:02:30
[STOPBYICOUNT] Periodic at 55900005 delta = 99999 elapsed time = 02:02:39
[STOPBYICOUNT] Periodic at 56000009 delta = 100004 elapsed time = 02:02:50
[STOPBYICOUNT] Periodic at 56100004 delta = 99995 elapsed time = 02:03:01
[STOPBYICOUNT] Periodic at 56200006 delta = 100002 elapsed time = 02:03:13
[STOPBYICOUNT] Periodic at 56300003 delta = 99997 elapsed time = 02:03:25
[STOPBYICOUNT] Periodic at 56400002 delta = 99999 elapsed time = 02:03:41
[STOPBYICOUNT] Periodic at 56500002 delta = 100000 elapsed time = 02:03:55
[STOPBYICOUNT] Periodic at 56600001 delta = 99999 elapsed time = 02:04:10
[STOPBYICOUNT] Periodic at 56700004 delta = 100003 elapsed time = 02:04:24
[STOPBYICOUNT] Periodic at 56800009 delta = 100005 elapsed time = 02:04:38
[STOPBYICOUNT] Periodic at 56900005 delta = 99996 elapsed time = 02:04:55
[STOPBYICOUNT] Periodic at 57000001 delta = 99996 elapsed time = 02:05:09
[STOPBYICOUNT] Periodic at 57100007 delta = 100006 elapsed time = 02:05:20
[STOPBYICOUNT] Periodic at 57200001 delta = 99994 elapsed time = 02:05:32
[STOPBYICOUNT] Periodic at 57300001 delta = 100000 elapsed time = 02:05:51
[STOPBYICOUNT] Periodic at 57400003 delta = 100002 elapsed time = 02:06:05
[STOPBYICOUNT] Periodic at 57500003 delta = 100000 elapsed time = 02:06:19
[STOPBYICOUNT] Periodic at 57600002 delta = 99999 elapsed time = 02:06:33
[STOPBYICOUNT] Periodic at 57700004 delta = 100002 elapsed time = 02:06:49
[STOPBYICOUNT] Periodic at 57800002 delta = 99998 elapsed time = 02:07:05
[STOPBYICOUNT] Periodic at 57900007 delta = 100005 elapsed time = 02:07:19
[STOPBYICOUNT] Periodic at 58000001 delta = 99994 elapsed time = 02:07:31
[STOPBYICOUNT] Periodic at 58100002 delta = 100001 elapsed time = 02:07:47
[STOPBYICOUNT] Periodic at 58200003 delta = 100001 elapsed time = 02:08:01
[STOPBYICOUNT] Periodic at 58300003 delta = 100000 elapsed time = 02:08:14
[STOPBYICOUNT] Periodic at 58400004 delta = 100001 elapsed time = 02:08:25
[STOPBYICOUNT] Periodic at 58500005 delta = 100001 elapsed time = 02:08:37
[STOPBYICOUNT] Periodic at 58600007 delta = 100002 elapsed time = 02:08:48
[STOPBYICOUNT] Periodic at 58700002 delta = 99995 elapsed time = 02:08:59
[STOPBYICOUNT] Periodic at 58800006 delta = 100004 elapsed time = 02:09:12
[STOPBYICOUNT] Periodic at 58900002 delta = 99996 elapsed time = 02:09:28
[STOPBYICOUNT] Periodic at 59000002 delta = 100000 elapsed time = 02:09:37
[STOPBYICOUNT] Periodic at 59100002 delta = 100000 elapsed time = 02:09:53
[STOPBYICOUNT] Periodic at 59200004 delta = 100002 elapsed time = 02:10:07
[STOPBYICOUNT] Periodic at 59300002 delta = 99998 elapsed time = 02:10:18
[STOPBYICOUNT] Periodic at 59400001 delta = 99999 elapsed time = 02:10:28
[STOPBYICOUNT] Periodic at 59500001 delta = 100000 elapsed time = 02:10:37
[STOPBYICOUNT] Periodic at 59600003 delta = 100002 elapsed time = 02:10:44
[STOPBYICOUNT] Periodic at 59700001 delta = 99998 elapsed time = 02:10:59
[STOPBYICOUNT] Periodic at 59800011 delta = 100010 elapsed time = 02:11:09
[STOPBYICOUNT] Periodic at 59900001 delta = 99990 elapsed time = 02:11:20
[STOPBYICOUNT] Periodic at 60000006 delta = 100005 elapsed time = 02:11:27
[STOPBYICOUNT] Periodic at 60100007 delta = 100001 elapsed time = 02:11:36
[STOPBYICOUNT] Periodic at 60200002 delta = 99995 elapsed time = 02:11:46
[STOPBYICOUNT] Periodic at 60300005 delta = 100003 elapsed time = 02:11:54
[STOPBYICOUNT] Periodic at 60400001 delta = 99996 elapsed time = 02:12:03
[STOPBYICOUNT] Periodic at 60500001 delta = 100000 elapsed time = 02:12:15
[STOPBYICOUNT] Periodic at 60600003 delta = 100002 elapsed time = 02:12:26
[STOPBYICOUNT] Periodic at 60700003 delta = 100000 elapsed time = 02:12:36
[STOPBYICOUNT] Periodic at 60800004 delta = 100001 elapsed time = 02:12:46
[STOPBYICOUNT] Periodic at 60900003 delta = 99999 elapsed time = 02:12:57
[STOPBYICOUNT] Periodic at 61000009 delta = 100006 elapsed time = 02:13:09
[STOPBYICOUNT] Periodic at 61100001 delta = 99992 elapsed time = 02:13:20
[STOPBYICOUNT] Periodic at 61200004 delta = 100003 elapsed time = 02:13:26
[STOPBYICOUNT] Periodic at 61300006 delta = 100002 elapsed time = 02:13:40
[STOPBYICOUNT] Periodic at 61400004 delta = 99998 elapsed time = 02:13:53
[STOPBYICOUNT] Periodic at 61500006 delta = 100002 elapsed time = 02:14:06
[STOPBYICOUNT] Periodic at 61600003 delta = 99997 elapsed time = 02:14:13
[STOPBYICOUNT] Periodic at 61700002 delta = 99999 elapsed time = 02:14:46
[STOPBYICOUNT] Periodic at 61800007 delta = 100005 elapsed time = 02:15:00
[STOPBYICOUNT] Periodic at 61900001 delta = 99994 elapsed time = 02:15:15
[STOPBYICOUNT] Periodic at 62000003 delta = 100002 elapsed time = 02:15:28
[STOPBYICOUNT] Periodic at 62100002 delta = 99999 elapsed time = 02:15:42
[STOPBYICOUNT] Periodic at 62200004 delta = 100002 elapsed time = 02:15:56
[STOPBYICOUNT] Periodic at 62300006 delta = 100002 elapsed time = 02:16:11
[STOPBYICOUNT] Periodic at 62400003 delta = 99997 elapsed time = 02:16:24
[STOPBYICOUNT] Periodic at 62500002 delta = 99999 elapsed time = 02:16:35
[STOPBYICOUNT] Periodic at 62600007 delta = 100005 elapsed time = 02:16:47
[STOPBYICOUNT] Periodic at 62700007 delta = 100000 elapsed time = 02:16:56
[STOPBYICOUNT] Periodic at 62800001 delta = 99994 elapsed time = 02:17:08
[STOPBYICOUNT] Periodic at 62900003 delta = 100002 elapsed time = 02:17:20
[STOPBYICOUNT] Periodic at 63000008 delta = 100005 elapsed time = 02:17:34
[STOPBYICOUNT] Periodic at 63100002 delta = 99994 elapsed time = 02:17:46
[STOPBYICOUNT] Periodic at 63200002 delta = 100000 elapsed time = 02:17:56
[STOPBYICOUNT] Periodic at 63300006 delta = 100004 elapsed time = 02:18:08
[STOPBYICOUNT] Periodic at 63400001 delta = 99995 elapsed time = 02:18:18
[STOPBYICOUNT] Periodic at 63500004 delta = 100003 elapsed time = 02:18:29
[STOPBYICOUNT] Periodic at 63600012 delta = 100008 elapsed time = 02:18:45
[STOPBYICOUNT] Periodic at 63700002 delta = 99990 elapsed time = 02:19:00
[STOPBYICOUNT] Periodic at 63800008 delta = 100006 elapsed time = 02:19:12
[STOPBYICOUNT] Periodic at 63900003 delta = 99995 elapsed time = 02:19:22
[STOPBYICOUNT] Periodic at 64000007 delta = 100004 elapsed time = 02:19:37
[STOPBYICOUNT] Periodic at 64100014 delta = 100007 elapsed time = 02:19:43
[STOPBYICOUNT] Periodic at 64200002 delta = 99988 elapsed time = 02:19:49
[STOPBYICOUNT] Periodic at 64300001 delta = 99999 elapsed time = 02:20:01
[STOPBYICOUNT] Periodic at 64400001 delta = 100000 elapsed time = 02:20:14
[STOPBYICOUNT] Periodic at 64500007 delta = 100006 elapsed time = 02:20:27
[STOPBYICOUNT] Periodic at 64600002 delta = 99995 elapsed time = 02:20:37
[STOPBYICOUNT] Periodic at 64700004 delta = 100002 elapsed time = 02:20:49
[STOPBYICOUNT] Periodic at 64800001 delta = 99997 elapsed time = 02:20:57
[STOPBYICOUNT] Periodic at 64900002 delta = 100001 elapsed time = 02:21:03
[STOPBYICOUNT] Periodic at 65000006 delta = 100004 elapsed time = 02:21:14
[STOPBYICOUNT] Periodic at 65100002 delta = 99996 elapsed time = 02:21:22
[STOPBYICOUNT] Periodic at 65200002 delta = 100000 elapsed time = 02:21:36
[STOPBYICOUNT] Periodic at 65300006 delta = 100004 elapsed time = 02:21:39
[STOPBYICOUNT] Periodic at 65400006 delta = 100000 elapsed time = 02:21:43
[STOPBYICOUNT] Periodic at 65500001 delta = 99995 elapsed time = 02:21:55
[STOPBYICOUNT] Periodic at 65600001 delta = 100000 elapsed time = 02:22:09
[STOPBYICOUNT] Periodic at 65700001 delta = 100000 elapsed time = 02:22:23
[STOPBYICOUNT] Periodic at 65800003 delta = 100002 elapsed time = 02:22:34
[STOPBYICOUNT] Periodic at 65900006 delta = 100003 elapsed time = 02:22:47
[STOPBYICOUNT] Periodic at 66000007 delta = 100001 elapsed time = 02:23:01
[STOPBYICOUNT] Periodic at 66100002 delta = 99995 elapsed time = 02:23:14
[STOPBYICOUNT] Periodic at 66200003 delta = 100001 elapsed time = 02:23:24
[STOPBYICOUNT] Periodic at 66300002 delta = 99999 elapsed time = 02:23:36
[STOPBYICOUNT] Periodic at 66400013 delta = 100011 elapsed time = 02:23:47
[STOPBYICOUNT] Periodic at 66500003 delta = 99990 elapsed time = 02:23:58
[STOPBYICOUNT] Periodic at 66600001 delta = 99998 elapsed time = 02:24:13
[STOPBYICOUNT] Periodic at 66700003 delta = 100002 elapsed time = 02:24:23
[STOPBYICOUNT] Periodic at 66800001 delta = 99998 elapsed time = 02:24:33
[STOPBYICOUNT] Periodic at 66900002 delta = 100001 elapsed time = 02:24:50
[STOPBYICOUNT] Periodic at 67000004 delta = 100002 elapsed time = 02:24:59
[STOPBYICOUNT] Periodic at 67100010 delta = 100006 elapsed time = 02:25:06
[STOPBYICOUNT] Periodic at 67200002 delta = 99992 elapsed time = 02:25:16
[STOPBYICOUNT] Periodic at 67300003 delta = 100001 elapsed time = 02:25:22
[STOPBYICOUNT] Periodic at 67400001 delta = 99998 elapsed time = 02:25:26
[STOPBYICOUNT] Periodic at 67500006 delta = 100005 elapsed time = 02:25:35
[STOPBYICOUNT] Periodic at 67600004 delta = 99998 elapsed time = 02:25:48
[STOPBYICOUNT] Periodic at 67700002 delta = 99998 elapsed time = 02:26:03
[STOPBYICOUNT] Periodic at 67800002 delta = 100000 elapsed time = 02:26:17
[STOPBYICOUNT] Periodic at 67900008 delta = 100006 elapsed time = 02:26:30
[STOPBYICOUNT] Periodic at 68000003 delta = 99995 elapsed time = 02:26:44
[STOPBYICOUNT] Periodic at 68100011 delta = 100008 elapsed time = 02:26:54
[STOPBYICOUNT] Periodic at 68200004 delta = 99993 elapsed time = 02:27:04
[STOPBYICOUNT] Periodic at 68300009 delta = 100005 elapsed time = 02:27:19
[STOPBYICOUNT] Periodic at 68400002 delta = 99993 elapsed time = 02:27:33
[STOPBYICOUNT] Periodic at 68500001 delta = 99999 elapsed time = 02:27:44
[STOPBYICOUNT] Periodic at 68600004 delta = 100003 elapsed time = 02:27:53
[STOPBYICOUNT] Periodic at 68700002 delta = 99998 elapsed time = 02:28:04
[STOPBYICOUNT] Periodic at 68800003 delta = 100001 elapsed time = 02:28:14
[STOPBYICOUNT] Periodic at 68900001 delta = 99998 elapsed time = 02:28:24
[STOPBYICOUNT] Periodic at 69000005 delta = 100004 elapsed time = 02:28:34
[STOPBYICOUNT] Periodic at 69100002 delta = 99997 elapsed time = 02:28:39
[STOPBYICOUNT] Periodic at 69200007 delta = 100005 elapsed time = 02:28:49
[STOPBYICOUNT] Periodic at 69300004 delta = 99997 elapsed time = 02:28:59
[STOPBYICOUNT] Periodic at 69400003 delta = 99999 elapsed time = 02:29:09
[STOPBYICOUNT] Periodic at 69500008 delta = 100005 elapsed time = 02:29:23
[STOPBYICOUNT] Periodic at 69600006 delta = 99998 elapsed time = 02:29:40
[STOPBYICOUNT] Periodic at 69700007 delta = 100001 elapsed time = 02:29:52
[STOPBYICOUNT] Periodic at 69800001 delta = 99994 elapsed time = 02:30:01
[STOPBYICOUNT] Periodic at 69900002 delta = 100001 elapsed time = 02:30:12
[STOPBYICOUNT] Periodic at 70000001 delta = 99999 elapsed time = 02:30:23
[STOPBYICOUNT] Periodic at 70100005 delta = 100004 elapsed time = 02:30:36
[STOPBYICOUNT] Periodic at 70200004 delta = 99999 elapsed time = 02:31:34
[STOPBYICOUNT] Periodic at 70300004 delta = 100000 elapsed time = 02:31:45
[STOPBYICOUNT] Periodic at 70400001 delta = 99997 elapsed time = 02:32:00
[STOPBYICOUNT] Periodic at 70500003 delta = 100002 elapsed time = 02:32:11
[STOPBYICOUNT] Periodic at 70600001 delta = 99998 elapsed time = 02:32:20
[STOPBYICOUNT] Periodic at 70700007 delta = 100006 elapsed time = 02:32:31
[STOPBYICOUNT] Periodic at 70800004 delta = 99997 elapsed time = 02:32:42
[STOPBYICOUNT] Periodic at 70900004 delta = 100000 elapsed time = 02:32:54
[STOPBYICOUNT] Periodic at 71000005 delta = 100001 elapsed time = 02:33:05
[STOPBYICOUNT] Periodic at 71100001 delta = 99996 elapsed time = 02:33:16
[STOPBYICOUNT] Periodic at 71200001 delta = 100000 elapsed time = 02:33:27
[STOPBYICOUNT] Periodic at 71300003 delta = 100002 elapsed time = 02:33:35
[STOPBYICOUNT] Periodic at 71400002 delta = 99999 elapsed time = 02:33:38
[STOPBYICOUNT] Periodic at 71500003 delta = 100001 elapsed time = 02:33:49
[STOPBYICOUNT] Periodic at 71600002 delta = 99999 elapsed time = 02:33:59
[STOPBYICOUNT] Periodic at 71700001 delta = 99999 elapsed time = 02:34:05
[STOPBYICOUNT] Periodic at 71800005 delta = 100004 elapsed time = 02:34:14
[STOPBYICOUNT] Periodic at 71900005 delta = 100000 elapsed time = 02:34:24
[STOPBYICOUNT] Periodic at 72000001 delta = 99996 elapsed time = 02:34:35
[STOPBYICOUNT] Periodic at 72100002 delta = 100001 elapsed time = 02:34:47
[STOPBYICOUNT] Periodic at 72200001 delta = 99999 elapsed time = 02:35:00
[STOPBYICOUNT] Periodic at 72300005 delta = 100004 elapsed time = 02:35:07
[STOPBYICOUNT] Periodic at 72400001 delta = 99996 elapsed time = 02:35:19
[STOPBYICOUNT] Periodic at 72500003 delta = 100002 elapsed time = 02:35:29
[STOPBYICOUNT] Periodic at 72600001 delta = 99998 elapsed time = 02:35:40
[STOPBYICOUNT] Periodic at 72700001 delta = 100000 elapsed time = 02:35:44
[STOPBYICOUNT] Periodic at 72800001 delta = 100000 elapsed time = 02:35:47
[STOPBYICOUNT] Periodic at 72900001 delta = 100000 elapsed time = 02:35:50
[STOPBYICOUNT] Periodic at 73000001 delta = 100000 elapsed time = 02:35:54
[STOPBYICOUNT] Periodic at 73100001 delta = 100000 elapsed time = 02:35:58
[STOPBYICOUNT] Periodic at 73200001 delta = 100000 elapsed time = 02:36:00
[STOPBYICOUNT] Periodic at 73300001 delta = 100000 elapsed time = 02:36:03
[STOPBYICOUNT] Periodic at 73400001 delta = 100000 elapsed time = 02:36:05
[STOPBYICOUNT] Periodic at 73500001 delta = 100000 elapsed time = 02:36:08
[STOPBYICOUNT] Periodic at 73600001 delta = 100000 elapsed time = 02:36:11
[STOPBYICOUNT] Periodic at 73700001 delta = 100000 elapsed time = 02:36:14
[STOPBYICOUNT] Periodic at 73800001 delta = 100000 elapsed time = 02:36:16
[STOPBYICOUNT] Periodic at 73900001 delta = 100000 elapsed time = 02:36:19
[STOPBYICOUNT] Periodic at 74000001 delta = 100000 elapsed time = 02:36:21
[STOPBYICOUNT] Periodic at 74100001 delta = 100000 elapsed time = 02:36:23
[STOPBYICOUNT] Periodic at 74200001 delta = 100000 elapsed time = 02:36:26
[STOPBYICOUNT] Periodic at 74300001 delta = 100000 elapsed time = 02:36:29
[STOPBYICOUNT] Periodic at 74400001 delta = 100000 elapsed time = 02:36:31
[STOPBYICOUNT] Periodic at 74500001 delta = 100000 elapsed time = 02:36:35
[STOPBYICOUNT] Periodic at 74600001 delta = 100000 elapsed time = 02:36:38
[STOPBYICOUNT] Periodic at 74700001 delta = 100000 elapsed time = 02:36:41
[STOPBYICOUNT] Periodic at 74800001 delta = 100000 elapsed time = 02:36:43
[STOPBYICOUNT] Periodic at 74900001 delta = 100000 elapsed time = 02:36:44
[STOPBYICOUNT] Periodic at 75000001 delta = 100000 elapsed time = 02:36:45
[STOPBYICOUNT] Periodic at 75100001 delta = 100000 elapsed time = 02:36:48
[STOPBYICOUNT] Periodic at 75200001 delta = 100000 elapsed time = 02:36:51
[STOPBYICOUNT] Periodic at 75300001 delta = 100000 elapsed time = 02:36:53
[STOPBYICOUNT] Periodic at 75400001 delta = 100000 elapsed time = 02:36:54
[STOPBYICOUNT] Periodic at 75500001 delta = 100000 elapsed time = 02:36:56
[STOPBYICOUNT] Periodic at 75600001 delta = 100000 elapsed time = 02:36:58
[STOPBYICOUNT] Periodic at 75700001 delta = 100000 elapsed time = 02:37:01
[STOPBYICOUNT] Periodic at 75800001 delta = 100000 elapsed time = 02:37:02
[STOPBYICOUNT] Periodic at 75900001 delta = 100000 elapsed time = 02:37:05
[STOPBYICOUNT] Periodic at 76000001 delta = 100000 elapsed time = 02:37:08
[STOPBYICOUNT] Periodic at 76100001 delta = 100000 elapsed time = 02:37:11
[STOPBYICOUNT] Periodic at 76200001 delta = 100000 elapsed time = 02:37:14
[STOPBYICOUNT] Periodic at 76300001 delta = 100000 elapsed time = 02:37:17
[STOPBYICOUNT] Periodic at 76400001 delta = 100000 elapsed time = 02:37:20
[STOPBYICOUNT] Periodic at 76500001 delta = 100000 elapsed time = 02:37:22
[STOPBYICOUNT] Periodic at 76600001 delta = 100000 elapsed time = 02:37:25
[STOPBYICOUNT] Periodic at 76700001 delta = 100000 elapsed time = 02:37:27
[STOPBYICOUNT] Periodic at 76800001 delta = 100000 elapsed time = 02:37:30
[STOPBYICOUNT] Periodic at 76900001 delta = 100000 elapsed time = 02:37:33
[STOPBYICOUNT] Periodic at 77000001 delta = 100000 elapsed time = 02:37:35
[STOPBYICOUNT] Periodic at 77100001 delta = 100000 elapsed time = 02:37:38
[STOPBYICOUNT] Periodic at 77200001 delta = 100000 elapsed time = 02:37:41
[STOPBYICOUNT] Periodic at 77300001 delta = 100000 elapsed time = 02:37:43
[STOPBYICOUNT] Periodic at 77400001 delta = 100000 elapsed time = 02:37:46
[STOPBYICOUNT] Periodic at 77500001 delta = 100000 elapsed time = 02:37:49
[STOPBYICOUNT] Periodic at 77600001 delta = 100000 elapsed time = 02:37:51
[STOPBYICOUNT] Periodic at 77700001 delta = 100000 elapsed time = 02:37:53
[STOPBYICOUNT] Periodic at 77800001 delta = 100000 elapsed time = 02:37:55
[STOPBYICOUNT] Periodic at 77900001 delta = 100000 elapsed time = 02:38:05
[STOPBYICOUNT] Periodic at 78000003 delta = 100002 elapsed time = 02:38:17
[STOPBYICOUNT] Periodic at 78100008 delta = 100005 elapsed time = 02:38:27
[STOPBYICOUNT] Periodic at 78200006 delta = 99998 elapsed time = 02:38:34
[STOPBYICOUNT] Periodic at 78300002 delta = 99996 elapsed time = 02:38:42
[STOPBYICOUNT] Periodic at 78400003 delta = 100001 elapsed time = 02:38:53
[STOPBYICOUNT] Periodic at 78500006 delta = 100003 elapsed time = 02:39:07
[STOPBYICOUNT] Periodic at 78600004 delta = 99998 elapsed time = 02:39:20
[STOPBYICOUNT] Periodic at 78700001 delta = 99997 elapsed time = 02:39:35
[STOPBYICOUNT] Periodic at 78800006 delta = 100005 elapsed time = 02:39:51
[STOPBYICOUNT] Periodic at 78900004 delta = 99998 elapsed time = 02:40:04
[STOPBYICOUNT] Periodic at 79000008 delta = 100004 elapsed time = 02:40:11
[STOPBYICOUNT] Periodic at 79100001 delta = 99993 elapsed time = 02:40:14
[STOPBYICOUNT] Periodic at 79200007 delta = 100006 elapsed time = 02:40:26
[STOPBYICOUNT] Periodic at 79300004 delta = 99997 elapsed time = 02:40:39
[STOPBYICOUNT] Periodic at 79400001 delta = 99997 elapsed time = 02:40:50
[STOPBYICOUNT] Periodic at 79500007 delta = 100006 elapsed time = 02:41:02
[STOPBYICOUNT] Periodic at 79600001 delta = 99994 elapsed time = 02:41:13
[STOPBYICOUNT] Periodic at 79700003 delta = 100002 elapsed time = 02:41:25
[STOPBYICOUNT] Periodic at 79800005 delta = 100002 elapsed time = 02:41:38
[STOPBYICOUNT] Periodic at 79900004 delta = 99999 elapsed time = 02:41:50
[STOPBYICOUNT] Periodic at 80000005 delta = 100001 elapsed time = 02:41:57
[STOPBYICOUNT] Periodic at 80100004 delta = 99999 elapsed time = 02:42:07
[STOPBYICOUNT] Periodic at 80200005 delta = 100001 elapsed time = 02:42:17
[STOPBYICOUNT] Periodic at 80300003 delta = 99998 elapsed time = 02:42:26
[STOPBYICOUNT] Periodic at 80400004 delta = 100001 elapsed time = 02:42:34
[STOPBYICOUNT] Periodic at 80500004 delta = 100000 elapsed time = 02:42:46
[STOPBYICOUNT] Periodic at 80600006 delta = 100002 elapsed time = 02:42:59
[STOPBYICOUNT] Periodic at 80700001 delta = 99995 elapsed time = 02:44:26
[STOPBYICOUNT] Periodic at 80800002 delta = 100001 elapsed time = 02:44:36
[STOPBYICOUNT] Periodic at 80900017 delta = 100015 elapsed time = 02:44:44
[STOPBYICOUNT] Periodic at 81000002 delta = 99985 elapsed time = 02:44:57
[STOPBYICOUNT] Periodic at 81100003 delta = 100001 elapsed time = 02:45:07
[STOPBYICOUNT] Periodic at 81200002 delta = 99999 elapsed time = 02:45:16
[STOPBYICOUNT] Periodic at 81300006 delta = 100004 elapsed time = 02:45:22
[STOPBYICOUNT] Periodic at 81400001 delta = 99995 elapsed time = 02:45:25
[STOPBYICOUNT] Periodic at 81500005 delta = 100004 elapsed time = 02:45:35
[STOPBYICOUNT] Periodic at 81600001 delta = 99996 elapsed time = 02:45:44
[STOPBYICOUNT] Periodic at 81700003 delta = 100002 elapsed time = 02:45:47
[STOPBYICOUNT] Periodic at 81800001 delta = 99998 elapsed time = 02:45:53
[STOPBYICOUNT] Periodic at 81900001 delta = 100000 elapsed time = 02:46:03
[STOPBYICOUNT] Periodic at 82000001 delta = 100000 elapsed time = 02:46:13
[STOPBYICOUNT] Periodic at 82100001 delta = 100000 elapsed time = 02:46:25
[STOPBYICOUNT] Periodic at 82200001 delta = 100000 elapsed time = 02:46:36
[STOPBYICOUNT] Periodic at 82300001 delta = 100000 elapsed time = 02:46:49
[STOPBYICOUNT] Periodic at 82400003 delta = 100002 elapsed time = 02:47:02
[STOPBYICOUNT] Periodic at 82500001 delta = 99998 elapsed time = 02:47:15
[STOPBYICOUNT] Periodic at 82600003 delta = 100002 elapsed time = 02:47:24
[STOPBYICOUNT] Periodic at 82700002 delta = 99999 elapsed time = 02:47:35
[STOPBYICOUNT] Periodic at 82800007 delta = 100005 elapsed time = 02:47:44
[STOPBYICOUNT] Periodic at 82900002 delta = 99995 elapsed time = 02:47:53
[STOPBYICOUNT] Periodic at 83000006 delta = 100004 elapsed time = 02:48:03
[STOPBYICOUNT] Periodic at 83100002 delta = 99996 elapsed time = 02:48:12
[STOPBYICOUNT] Periodic at 83200002 delta = 100000 elapsed time = 02:48:23
[STOPBYICOUNT] Periodic at 83300003 delta = 100001 elapsed time = 02:48:36
[STOPBYICOUNT] Periodic at 83400002 delta = 99999 elapsed time = 02:48:45
[STOPBYICOUNT] Periodic at 83500002 delta = 100000 elapsed time = 02:48:52
[STOPBYICOUNT] Periodic at 83600005 delta = 100003 elapsed time = 02:49:02
[STOPBYICOUNT] Periodic at 83700001 delta = 99996 elapsed time = 02:49:14
[STOPBYICOUNT] Periodic at 83800004 delta = 100003 elapsed time = 02:49:23
[STOPBYICOUNT] Periodic at 83900005 delta = 100001 elapsed time = 02:49:32
[STOPBYICOUNT] Periodic at 84000003 delta = 99998 elapsed time = 02:49:40
[STOPBYICOUNT] Periodic at 84100005 delta = 100002 elapsed time = 02:49:50
[STOPBYICOUNT] Periodic at 84200004 delta = 99999 elapsed time = 02:50:00
[STOPBYICOUNT] Periodic at 84300006 delta = 100002 elapsed time = 02:50:09
[STOPBYICOUNT] Periodic at 84400003 delta = 99997 elapsed time = 02:50:19
[STOPBYICOUNT] Periodic at 84500001 delta = 99998 elapsed time = 02:50:30
[STOPBYICOUNT] Periodic at 84600007 delta = 100006 elapsed time = 02:50:40
[STOPBYICOUNT] Periodic at 84700001 delta = 99994 elapsed time = 02:50:51
[STOPBYICOUNT] Periodic at 84800001 delta = 100000 elapsed time = 02:50:59
[STOPBYICOUNT] Periodic at 84900004 delta = 100003 elapsed time = 02:51:11
[STOPBYICOUNT] Periodic at 85000001 delta = 99997 elapsed time = 02:51:26
[STOPBYICOUNT] Periodic at 85100003 delta = 100002 elapsed time = 02:51:39
[STOPBYICOUNT] Periodic at 85200013 delta = 100010 elapsed time = 02:51:53
[STOPBYICOUNT] Periodic at 85300002 delta = 99989 elapsed time = 02:52:02
[STOPBYICOUNT] Periodic at 85400005 delta = 100003 elapsed time = 02:52:10
[STOPBYICOUNT] Periodic at 85500007 delta = 100002 elapsed time = 02:52:16
[STOPBYICOUNT] Periodic at 85600005 delta = 99998 elapsed time = 02:52:24
[STOPBYICOUNT] Periodic at 85700001 delta = 99996 elapsed time = 02:52:30
[STOPBYICOUNT] Periodic at 85800006 delta = 100005 elapsed time = 02:52:39
[STOPBYICOUNT] Periodic at 85900004 delta = 99998 elapsed time = 02:52:49
[STOPBYICOUNT] Periodic at 86000005 delta = 100001 elapsed time = 02:52:58
[STOPBYICOUNT] Periodic at 86100001 delta = 99996 elapsed time = 02:53:09
[STOPBYICOUNT] Periodic at 86200011 delta = 100010 elapsed time = 02:53:22
[STOPBYICOUNT] Periodic at 86300001 delta = 99990 elapsed time = 02:53:34
[STOPBYICOUNT] Periodic at 86400002 delta = 100001 elapsed time = 02:53:47
[STOPBYICOUNT] Periodic at 86500006 delta = 100004 elapsed time = 02:54:01
[STOPBYICOUNT] Periodic at 86600004 delta = 99998 elapsed time = 02:54:14
[STOPBYICOUNT] Periodic at 86700001 delta = 99997 elapsed time = 02:54:27
[STOPBYICOUNT] Periodic at 86800003 delta = 100002 elapsed time = 02:54:41
[STOPBYICOUNT] Periodic at 86900017 delta = 100014 elapsed time = 02:54:55
[STOPBYICOUNT] Periodic at 87000002 delta = 99985 elapsed time = 02:55:09
[STOPBYICOUNT] Periodic at 87100007 delta = 100005 elapsed time = 02:55:25
[STOPBYICOUNT] Periodic at 87200008 delta = 100001 elapsed time = 02:55:35
[STOPBYICOUNT] Periodic at 87300001 delta = 99993 elapsed time = 02:55:46
[STOPBYICOUNT] Periodic at 87400002 delta = 100001 elapsed time = 02:55:53
[STOPBYICOUNT] Periodic at 87500003 delta = 100001 elapsed time = 02:56:06
[STOPBYICOUNT] Periodic at 87600002 delta = 99999 elapsed time = 02:56:20
[STOPBYICOUNT] Periodic at 87700006 delta = 100004 elapsed time = 02:56:30
[STOPBYICOUNT] Periodic at 87800004 delta = 99998 elapsed time = 02:56:39
[STOPBYICOUNT] Periodic at 87900003 delta = 99999 elapsed time = 02:56:46
[STOPBYICOUNT] Periodic at 88000002 delta = 99999 elapsed time = 02:56:54
[STOPBYICOUNT] Periodic at 88100002 delta = 100000 elapsed time = 02:57:06
[STOPBYICOUNT] Periodic at 88200002 delta = 100000 elapsed time = 02:57:17
[STOPBYICOUNT] Periodic at 88300006 delta = 100004 elapsed time = 02:57:28
[STOPBYICOUNT] Periodic at 88400003 delta = 99997 elapsed time = 02:57:33
[STOPBYICOUNT] Periodic at 88500002 delta = 99999 elapsed time = 02:57:44
[STOPBYICOUNT] Periodic at 88600007 delta = 100005 elapsed time = 02:57:58
[STOPBYICOUNT] Periodic at 88700003 delta = 99996 elapsed time = 02:58:14
[STOPBYICOUNT] Periodic at 88800003 delta = 100000 elapsed time = 02:58:25
[STOPBYICOUNT] Periodic at 88900004 delta = 100001 elapsed time = 02:58:34
[STOPBYICOUNT] Periodic at 89000001 delta = 99997 elapsed time = 02:58:48
[STOPBYICOUNT] Periodic at 89100001 delta = 100000 elapsed time = 02:58:58
[STOPBYICOUNT] Periodic at 89200003 delta = 100002 elapsed time = 02:59:09
[STOPBYICOUNT] Periodic at 89300001 delta = 99998 elapsed time = 02:59:19
[STOPBYICOUNT] Periodic at 89400001 delta = 100000 elapsed time = 02:59:31
[STOPBYICOUNT] Periodic at 89500002 delta = 100001 elapsed time = 02:59:43
[STOPBYICOUNT] Periodic at 89600004 delta = 100002 elapsed time = 02:59:56
[STOPBYICOUNT] Periodic at 89700002 delta = 99998 elapsed time = 03:00:05
[STOPBYICOUNT] Periodic at 89800001 delta = 99999 elapsed time = 03:00:16
[STOPBYICOUNT] Periodic at 89900001 delta = 100000 elapsed time = 03:00:29
[STOPBYICOUNT] Periodic at 90000001 delta = 100000 elapsed time = 03:00:40
[STOPBYICOUNT] Periodic at 90100004 delta = 100003 elapsed time = 03:00:53
[STOPBYICOUNT] Periodic at 90200001 delta = 99997 elapsed time = 03:01:04
[STOPBYICOUNT] Periodic at 90300014 delta = 100013 elapsed time = 03:01:17
[STOPBYICOUNT] Periodic at 90400003 delta = 99989 elapsed time = 03:01:25
[STOPBYICOUNT] Periodic at 90500007 delta = 100004 elapsed time = 03:01:40
[STOPBYICOUNT] Periodic at 90600002 delta = 99995 elapsed time = 03:01:50
[STOPBYICOUNT] Periodic at 90700001 delta = 99999 elapsed time = 03:02:00
[STOPBYICOUNT] Periodic at 90800007 delta = 100006 elapsed time = 03:02:05
[STOPBYICOUNT] Periodic at 90900002 delta = 99995 elapsed time = 03:02:10
[STOPBYICOUNT] Periodic at 91000001 delta = 99999 elapsed time = 03:02:18
[STOPBYICOUNT] Periodic at 91100003 delta = 100002 elapsed time = 03:02:26
[STOPBYICOUNT] Periodic at 91200003 delta = 100000 elapsed time = 03:02:34
[STOPBYICOUNT] Periodic at 91300006 delta = 100003 elapsed time = 03:02:44
[STOPBYICOUNT] Periodic at 91400005 delta = 99999 elapsed time = 03:02:53
[STOPBYICOUNT] Periodic at 91500002 delta = 99997 elapsed time = 03:03:02
[STOPBYICOUNT] Periodic at 91600003 delta = 100001 elapsed time = 03:03:13
[STOPBYICOUNT] Periodic at 91700002 delta = 99999 elapsed time = 03:03:21
[STOPBYICOUNT] Periodic at 91800007 delta = 100005 elapsed time = 03:03:32
[STOPBYICOUNT] Periodic at 91900004 delta = 99997 elapsed time = 03:03:43
[STOPBYICOUNT] Periodic at 92000003 delta = 99999 elapsed time = 03:03:55
208981 9
inside nested try
inside try
0
[SNIPER] End
[SNIPER] Elapsed time: 11044.87 seconds
[SNIPER] Running dumpstats
Traceback (most recent call last):
File "/root/codes/Victima/sniper/tools/dumpstats.py", line 172, in <module>
results = sniper_lib.get_results(jobid, resultsdir, partial = partial)
File "/root/codes/Victima/sniper/tools/sniper_lib.py", line 47, in get_results
results = parse_results_from_dir(resultsdir, partial = partial, metrics = metrics)
File "/root/codes/Victima/sniper/tools/sniper_lib.py", line 179, in parse_results_from_dir
results += stats.parse_stats((k1, k2), ncores, metrics = metrics)
File "/root/codes/Victima/sniper/tools/sniper_stats.py", line 8, in parse_stats
v2 = self.read_snapshot(k2, metrics = metrics)
File "/root/codes/Victima/sniper/tools/sniper_stats_sqlite.py", line 44, in read_snapshot
raise ValueError('Invalid prefix %s' % prefix)
ValueError: Invalid prefix roi-end
