[SNIPER] (0) Using trace file /root/codes/Victima/traces/sssp.sift
[SNIPER] Start here
True
[SNIPER] Running ['bash', '-c', '/root/codes/Victima/sniper/lib/sniper -c /root/codes/Victima/sniper/config/base.cfg --general/total_cores=1 --general/output_dir=/root/codes/UniNDP-virtuoso/CPU-cuckoo-potm-virtualized-64K/1core/sssp -g --traceinput/mirror_output=true --config=/root/codes/Victima/sniper/config/nehalem.cfg --config=/root/codes/Victima/sniper/config/utopia_motivation_baseline.cfg --config=/root/codes/Victima/sniper/config/virtual_memory_configs/common_translation.cfg --config=/root/codes/Victima/sniper/config/UniNDP/configs/UniNDP_baseline_CPU.cfg --config=/root/codes/Victima/sniper/config/UniNDP/CPU/baseline_CPU_1core_cuckoo_potm_channel_64K.cfg --perf_model/ptw/enabled=false --perf_model/ptw/virtualized=true -g --traceinput/stop_with_first_app=true -g --traceinput/restart_apps=false -g --hooks/numscripts=1 -g --hooks/script0name=/root/codes/UniNDP-virtuoso/CPU-cuckoo-potm-virtualized-64K/1core/sssp/sim.scripts.py -g --hooks/script0args= -g --traceinput/enabled=true -g --traceinput/emulate_syscalls=false -g --traceinput/num_apps=1 -g --traceinput/thread_0=/root/codes/Victima/traces/sssp.sift']
<subprocess.Popen object at 0x1495891a8a90>
Starting simLet's load config
config_path
Allocating Simulator
Hello from simulator's constructor
Hello from simulator
Supporting 2page sizes: 12, 21,
Creating pwc_L4 cache with 4 sets, 4-way associative, 8B blocksize
Creating pwc_L3 cache with 4 sets, 4-way associative, 8B blocksize
Creating pwc_L2 cache with 8 sets, 4-way associative, 8B blocksize
0
0
60
100
PWC1
Registered special metric: ptw_latency_heatmap
Registered special metric: ptw_latency_heatmap
Registered special metric: ptw_latency_heatmap
Creating nested_tlb_cache cache with 16 sets, 4-way associative, 4096B blocksize
[VM] CUCKOO POTM is enabled
Instantiating Cuckoo Software-managed TLB across_channels
Creating a 8-ary Cuckoo hashtable
Hash function city
Total number of slots 8192
Hash-size 10
Creating a 8-ary Cuckoo hashtable
Hash function city
Total number of slots 8192
Hash-size 10
Creating stlb_cache cache with 128 sets, 12-way associative, 4096B blocksize
Creating itlb_cache cache with 16 sets, 8-way associative, 4096B blocksize
Creating dtlb_cache cache with 16 sets, 4-way associative, 4096B blocksize
Registered special metric: L2_TLB_miss_per_page
Registering cache time series
Registered special metric: cache_timeseries
Creating nuca-cache cache with 2048 sets, 16-way associative, 64B blocksize
Attaching Nuca to PTW
Core : 0
Directory type : limited_no_broadcast
Total Entries : 33554432
Associativity : 16
Cache Block Size : 64
Max hw sharers : 64
Max Num Sharers : 1
Initializing cache L 2
Creating L1-I cache with 64 sets, 8-way associative, 64B blocksize
Initializing cache L 3
Creating L1-D cache with 64 sets, 8-way associative, 64B blocksize
Initializing cache L 4
Creating L2 cache with 64 sets, 8-way associative, 64B blocksize
Initializing cache L 5
Creating L3 cache with 512 sets, 16-way associative, 64B blocksize
Executing Python script /root/codes/UniNDP-virtuoso/CPU-cuckoo-potm-virtualized-64K/1core/sssp/sim.scripts.py
[STOPBYICOUNT] Starting in ROI (detail)
[STOPBYICOUNT] Then stopping after simulating at least 500000000 instructions in detail
[SNIPER] --------------------------------------------------------------------------------
[SNIPER] Sniper using SIFT/trace-driven frontend
[SNIPER] Running full application in DETAILED mode
[SNIPER] --------------------------------------------------------------------------------
[SNIPER] Enabling performance models
[SNIPER] Setting instrumentation mode to DETAILED
[STOPBYICOUNT] Periodic at 100002 delta = 100002 elapsed time = 00:00:01
[STOPBYICOUNT] Periodic at 200001 delta = 99999 elapsed time = 00:00:03
[STOPBYICOUNT] Periodic at 300001 delta = 100000 elapsed time = 00:00:05
[STOPBYICOUNT] Periodic at 400002 delta = 100001 elapsed time = 00:00:06
[STOPBYICOUNT] Periodic at 500002 delta = 100000 elapsed time = 00:00:08
[STOPBYICOUNT] Periodic at 600006 delta = 100004 elapsed time = 00:00:10
[STOPBYICOUNT] Periodic at 700005 delta = 99999 elapsed time = 00:00:11
[STOPBYICOUNT] Periodic at 800005 delta = 100000 elapsed time = 00:00:12
[STOPBYICOUNT] Periodic at 900004 delta = 99999 elapsed time = 00:00:13
[STOPBYICOUNT] Periodic at 1000004 delta = 100000 elapsed time = 00:00:15
[STOPBYICOUNT] Periodic at 1100008 delta = 100004 elapsed time = 00:00:16
[STOPBYICOUNT] Periodic at 1200006 delta = 99998 elapsed time = 00:00:18
[STOPBYICOUNT] Periodic at 1300001 delta = 99995 elapsed time = 00:00:20
[STOPBYICOUNT] Periodic at 1400002 delta = 100001 elapsed time = 00:00:20
[STOPBYICOUNT] Periodic at 1500002 delta = 100000 elapsed time = 00:00:22
[STOPBYICOUNT] Periodic at 1600001 delta = 99999 elapsed time = 00:00:23
[STOPBYICOUNT] Periodic at 1700005 delta = 100004 elapsed time = 00:00:24
[STOPBYICOUNT] Periodic at 1800005 delta = 100000 elapsed time = 00:00:26
[STOPBYICOUNT] Periodic at 1900003 delta = 99998 elapsed time = 00:00:27
[STOPBYICOUNT] Periodic at 2000009 delta = 100006 elapsed time = 00:00:28
[STOPBYICOUNT] Periodic at 2100001 delta = 99992 elapsed time = 00:00:30
[STOPBYICOUNT] Periodic at 2200001 delta = 100000 elapsed time = 00:00:31
[STOPBYICOUNT] Periodic at 2300012 delta = 100011 elapsed time = 00:00:32
[STOPBYICOUNT] Periodic at 2400002 delta = 99990 elapsed time = 00:00:33
[STOPBYICOUNT] Periodic at 2500001 delta = 99999 elapsed time = 00:00:35
[STOPBYICOUNT] Periodic at 2600006 delta = 100005 elapsed time = 00:00:36
[STOPBYICOUNT] Periodic at 2700006 delta = 100000 elapsed time = 00:00:36
[STOPBYICOUNT] Periodic at 2800006 delta = 100000 elapsed time = 00:00:37
[STOPBYICOUNT] Periodic at 2900006 delta = 100000 elapsed time = 00:00:38
[STOPBYICOUNT] Periodic at 3000001 delta = 99995 elapsed time = 00:00:39
[STOPBYICOUNT] Periodic at 3100001 delta = 100000 elapsed time = 00:00:40
[STOPBYICOUNT] Periodic at 3200005 delta = 100004 elapsed time = 00:00:41
[STOPBYICOUNT] Periodic at 3300003 delta = 99998 elapsed time = 00:00:43
[STOPBYICOUNT] Periodic at 3400003 delta = 100000 elapsed time = 00:00:44
[STOPBYICOUNT] Periodic at 3500001 delta = 99998 elapsed time = 00:00:45
[STOPBYICOUNT] Periodic at 3600007 delta = 100006 elapsed time = 00:00:46
[STOPBYICOUNT] Periodic at 3700006 delta = 99999 elapsed time = 00:00:48
[STOPBYICOUNT] Periodic at 3800006 delta = 100000 elapsed time = 00:00:49
[STOPBYICOUNT] Periodic at 3900010 delta = 100004 elapsed time = 00:00:51
[STOPBYICOUNT] Periodic at 4000008 delta = 99998 elapsed time = 00:00:52
[STOPBYICOUNT] Periodic at 4100001 delta = 99993 elapsed time = 00:00:53
[STOPBYICOUNT] Periodic at 4200006 delta = 100005 elapsed time = 00:00:55
[STOPBYICOUNT] Periodic at 4300003 delta = 99997 elapsed time = 00:00:56
[STOPBYICOUNT] Periodic at 4400001 delta = 99998 elapsed time = 00:00:57
[STOPBYICOUNT] Periodic at 4500001 delta = 100000 elapsed time = 00:00:59
[STOPBYICOUNT] Periodic at 4600001 delta = 100000 elapsed time = 00:01:00
[STOPBYICOUNT] Periodic at 4700005 delta = 100004 elapsed time = 00:01:02
[STOPBYICOUNT] Periodic at 4800004 delta = 99999 elapsed time = 00:01:03
[STOPBYICOUNT] Periodic at 4900004 delta = 100000 elapsed time = 00:01:05
[STOPBYICOUNT] Periodic at 5000008 delta = 100004 elapsed time = 00:01:06
[STOPBYICOUNT] Periodic at 5100006 delta = 99998 elapsed time = 00:01:07
[STOPBYICOUNT] Periodic at 5200007 delta = 100001 elapsed time = 00:01:08
[STOPBYICOUNT] Periodic at 5300007 delta = 100000 elapsed time = 00:01:09
[STOPBYICOUNT] Periodic at 5400007 delta = 100000 elapsed time = 00:01:09
[STOPBYICOUNT] Periodic at 5500007 delta = 100000 elapsed time = 00:01:10
[STOPBYICOUNT] Periodic at 5600007 delta = 100000 elapsed time = 00:01:10
[STOPBYICOUNT] Periodic at 5700007 delta = 100000 elapsed time = 00:01:11
[STOPBYICOUNT] Periodic at 5800007 delta = 100000 elapsed time = 00:01:11
[STOPBYICOUNT] Periodic at 5900002 delta = 99995 elapsed time = 00:01:12
[STOPBYICOUNT] Periodic at 6000003 delta = 100001 elapsed time = 00:01:13
[STOPBYICOUNT] Periodic at 6100003 delta = 100000 elapsed time = 00:01:15
[STOPBYICOUNT] Periodic at 6200014 delta = 100011 elapsed time = 00:01:16
[STOPBYICOUNT] Periodic at 6300004 delta = 99990 elapsed time = 00:01:17
[STOPBYICOUNT] Periodic at 6400003 delta = 99999 elapsed time = 00:01:18
[STOPBYICOUNT] Periodic at 6500003 delta = 100000 elapsed time = 00:01:20
[STOPBYICOUNT] Periodic at 6600007 delta = 100004 elapsed time = 00:01:21
[STOPBYICOUNT] Periodic at 6700005 delta = 99998 elapsed time = 00:01:22
[STOPBYICOUNT] Periodic at 6800005 delta = 100000 elapsed time = 00:01:23
[STOPBYICOUNT] Periodic at 6900003 delta = 99998 elapsed time = 00:01:25
[STOPBYICOUNT] Periodic at 7000009 delta = 100006 elapsed time = 00:01:26
[STOPBYICOUNT] Periodic at 7100001 delta = 99992 elapsed time = 00:01:27
[STOPBYICOUNT] Periodic at 7200001 delta = 100000 elapsed time = 00:01:29
[STOPBYICOUNT] Periodic at 7300012 delta = 100011 elapsed time = 00:01:30
[STOPBYICOUNT] Periodic at 7400002 delta = 99990 elapsed time = 00:01:32
[STOPBYICOUNT] Periodic at 7500001 delta = 99999 elapsed time = 00:01:33
[STOPBYICOUNT] Periodic at 7600001 delta = 100000 elapsed time = 00:01:34
[STOPBYICOUNT] Periodic at 7700005 delta = 100004 elapsed time = 00:01:36
[STOPBYICOUNT] Periodic at 7800003 delta = 99998 elapsed time = 00:01:37
[STOPBYICOUNT] Periodic at 7900003 delta = 100000 elapsed time = 00:01:38
[STOPBYICOUNT] Periodic at 8000001 delta = 99998 elapsed time = 00:01:40
[STOPBYICOUNT] Periodic at 8100007 delta = 100006 elapsed time = 00:01:41
[STOPBYICOUNT] Periodic at 8200006 delta = 99999 elapsed time = 00:01:43
[STOPBYICOUNT] Periodic at 8300006 delta = 100000 elapsed time = 00:01:44
[STOPBYICOUNT] Periodic at 8400010 delta = 100004 elapsed time = 00:01:45
[STOPBYICOUNT] Periodic at 8500008 delta = 99998 elapsed time = 00:01:47
[STOPBYICOUNT] Periodic at 8600001 delta = 99993 elapsed time = 00:01:48
[STOPBYICOUNT] Periodic at 8700006 delta = 100005 elapsed time = 00:01:49
[STOPBYICOUNT] Periodic at 8800003 delta = 99997 elapsed time = 00:01:51
[STOPBYICOUNT] Periodic at 8900001 delta = 99998 elapsed time = 00:01:52
[STOPBYICOUNT] Periodic at 9000005 delta = 100004 elapsed time = 00:01:54
[STOPBYICOUNT] Periodic at 9100003 delta = 99998 elapsed time = 00:01:56
[STOPBYICOUNT] Periodic at 9200005 delta = 100002 elapsed time = 00:01:58
[STOPBYICOUNT] Periodic at 9300001 delta = 99996 elapsed time = 00:01:59
[STOPBYICOUNT] Periodic at 9400006 delta = 100005 elapsed time = 00:02:01
[STOPBYICOUNT] Periodic at 9500003 delta = 99997 elapsed time = 00:02:03
[STOPBYICOUNT] Periodic at 9600004 delta = 100001 elapsed time = 00:02:05
[STOPBYICOUNT] Periodic at 9700004 delta = 100000 elapsed time = 00:02:06
[STOPBYICOUNT] Periodic at 9800012 delta = 100008 elapsed time = 00:02:08
[STOPBYICOUNT] Periodic at 9900002 delta = 99990 elapsed time = 00:02:10
[STOPBYICOUNT] Periodic at 10000009 delta = 100007 elapsed time = 00:02:12
[STOPBYICOUNT] Periodic at 10100014 delta = 100005 elapsed time = 00:02:14
[STOPBYICOUNT] Periodic at 10200006 delta = 99992 elapsed time = 00:02:16
[STOPBYICOUNT] Periodic at 10300002 delta = 99996 elapsed time = 00:02:18
[STOPBYICOUNT] Periodic at 10400004 delta = 100002 elapsed time = 00:02:20
[STOPBYICOUNT] Periodic at 10500004 delta = 100000 elapsed time = 00:02:22
[STOPBYICOUNT] Periodic at 10600008 delta = 100004 elapsed time = 00:02:24
[STOPBYICOUNT] Periodic at 10700004 delta = 99996 elapsed time = 00:02:26
[STOPBYICOUNT] Periodic at 10800004 delta = 100000 elapsed time = 00:02:28
[STOPBYICOUNT] Periodic at 10900007 delta = 100003 elapsed time = 00:02:30
[STOPBYICOUNT] Periodic at 11000003 delta = 99996 elapsed time = 00:02:32
[STOPBYICOUNT] Periodic at 11100001 delta = 99998 elapsed time = 00:02:32
[STOPBYICOUNT] Periodic at 11200001 delta = 100000 elapsed time = 00:02:33
[STOPBYICOUNT] Periodic at 11300001 delta = 100000 elapsed time = 00:02:33
[STOPBYICOUNT] Periodic at 11400001 delta = 100000 elapsed time = 00:02:34
[STOPBYICOUNT] Periodic at 11500001 delta = 100000 elapsed time = 00:02:34
[STOPBYICOUNT] Periodic at 11600001 delta = 100000 elapsed time = 00:02:35
[STOPBYICOUNT] Periodic at 11700001 delta = 100000 elapsed time = 00:02:35
[STOPBYICOUNT] Periodic at 11800001 delta = 100000 elapsed time = 00:02:36
[STOPBYICOUNT] Periodic at 11900001 delta = 100000 elapsed time = 00:02:36
[STOPBYICOUNT] Periodic at 12000001 delta = 100000 elapsed time = 00:02:37
[STOPBYICOUNT] Periodic at 12100001 delta = 100000 elapsed time = 00:02:37
[STOPBYICOUNT] Periodic at 12200001 delta = 100000 elapsed time = 00:02:38
[STOPBYICOUNT] Periodic at 12300001 delta = 100000 elapsed time = 00:02:38
[STOPBYICOUNT] Periodic at 12400008 delta = 100007 elapsed time = 00:02:40
[STOPBYICOUNT] Periodic at 12500001 delta = 99993 elapsed time = 00:02:42
[STOPBYICOUNT] Periodic at 12600001 delta = 100000 elapsed time = 00:02:44
[STOPBYICOUNT] Periodic at 12700001 delta = 100000 elapsed time = 00:02:46
[STOPBYICOUNT] Periodic at 12800021 delta = 100020 elapsed time = 00:02:48
[STOPBYICOUNT] Periodic at 12900003 delta = 99982 elapsed time = 00:02:50
[STOPBYICOUNT] Periodic at 13000004 delta = 100001 elapsed time = 00:02:52
[STOPBYICOUNT] Periodic at 13100003 delta = 99999 elapsed time = 00:02:54
[STOPBYICOUNT] Periodic at 13200008 delta = 100005 elapsed time = 00:02:56
[STOPBYICOUNT] Periodic at 13300003 delta = 99995 elapsed time = 00:02:58
[STOPBYICOUNT] Periodic at 13400001 delta = 99998 elapsed time = 00:03:00
[STOPBYICOUNT] Periodic at 13500003 delta = 100002 elapsed time = 00:03:02
[STOPBYICOUNT] Periodic at 13600002 delta = 99999 elapsed time = 00:03:05
[STOPBYICOUNT] Periodic at 13700004 delta = 100002 elapsed time = 00:03:07
[STOPBYICOUNT] Periodic at 13800001 delta = 99997 elapsed time = 00:03:09
[STOPBYICOUNT] Periodic at 13900001 delta = 100000 elapsed time = 00:03:11
[STOPBYICOUNT] Periodic at 14000004 delta = 100003 elapsed time = 00:03:13
[STOPBYICOUNT] Periodic at 14100002 delta = 99998 elapsed time = 00:03:15
[STOPBYICOUNT] Periodic at 14200001 delta = 99999 elapsed time = 00:03:17
[STOPBYICOUNT] Periodic at 14300005 delta = 100004 elapsed time = 00:03:18
[STOPBYICOUNT] Periodic at 14400001 delta = 99996 elapsed time = 00:03:20
[STOPBYICOUNT] Periodic at 14500006 delta = 100005 elapsed time = 00:03:22
[STOPBYICOUNT] Periodic at 14600007 delta = 100001 elapsed time = 00:03:24
[STOPBYICOUNT] Periodic at 14700001 delta = 99994 elapsed time = 00:03:26
[STOPBYICOUNT] Periodic at 14800001 delta = 100000 elapsed time = 00:03:28
[STOPBYICOUNT] Periodic at 14900005 delta = 100004 elapsed time = 00:03:30
[STOPBYICOUNT] Periodic at 15000004 delta = 99999 elapsed time = 00:03:32
[STOPBYICOUNT] Periodic at 15100001 delta = 99997 elapsed time = 00:03:34
[STOPBYICOUNT] Periodic at 15200002 delta = 100001 elapsed time = 00:03:36
[STOPBYICOUNT] Periodic at 15300002 delta = 100000 elapsed time = 00:03:38
[STOPBYICOUNT] Periodic at 15400005 delta = 100003 elapsed time = 00:03:40
[STOPBYICOUNT] Periodic at 15500003 delta = 99998 elapsed time = 00:03:42
[STOPBYICOUNT] Periodic at 15600001 delta = 99998 elapsed time = 00:03:44
[STOPBYICOUNT] Periodic at 15700001 delta = 100000 elapsed time = 00:03:46
[STOPBYICOUNT] Periodic at 15800007 delta = 100006 elapsed time = 00:03:48
[STOPBYICOUNT] Periodic at 15900001 delta = 99994 elapsed time = 00:03:52
[STOPBYICOUNT] Periodic at 16000002 delta = 100001 elapsed time = 00:03:55
[STOPBYICOUNT] Periodic at 16100001 delta = 99999 elapsed time = 00:03:57
[STOPBYICOUNT] Periodic at 16200010 delta = 100009 elapsed time = 00:04:00
[STOPBYICOUNT] Periodic at 16300012 delta = 100002 elapsed time = 00:04:02
[STOPBYICOUNT] Periodic at 16400002 delta = 99990 elapsed time = 00:04:04
[STOPBYICOUNT] Periodic at 16500001 delta = 99999 elapsed time = 00:04:06
[STOPBYICOUNT] Periodic at 16600001 delta = 100000 elapsed time = 00:04:08
[STOPBYICOUNT] Periodic at 16700008 delta = 100007 elapsed time = 00:04:10
[STOPBYICOUNT] Periodic at 16800002 delta = 99994 elapsed time = 00:04:12
[STOPBYICOUNT] Periodic at 16900001 delta = 99999 elapsed time = 00:04:14
[STOPBYICOUNT] Periodic at 17000008 delta = 100007 elapsed time = 00:04:16
[STOPBYICOUNT] Periodic at 17100008 delta = 100000 elapsed time = 00:04:19
[STOPBYICOUNT] Periodic at 17200004 delta = 99996 elapsed time = 00:04:21
[STOPBYICOUNT] Periodic at 17300002 delta = 99998 elapsed time = 00:04:23
[STOPBYICOUNT] Periodic at 17400005 delta = 100003 elapsed time = 00:04:26
[STOPBYICOUNT] Periodic at 17500002 delta = 99997 elapsed time = 00:04:28
[STOPBYICOUNT] Periodic at 17600003 delta = 100001 elapsed time = 00:04:30
[STOPBYICOUNT] Periodic at 17700012 delta = 100009 elapsed time = 00:04:32
[STOPBYICOUNT] Periodic at 17800007 delta = 99995 elapsed time = 00:04:34
[STOPBYICOUNT] Periodic at 17900007 delta = 100000 elapsed time = 00:04:36
[STOPBYICOUNT] Periodic at 18000007 delta = 100000 elapsed time = 00:04:38
[STOPBYICOUNT] Periodic at 18100003 delta = 99996 elapsed time = 00:04:41
[STOPBYICOUNT] Periodic at 18200002 delta = 99999 elapsed time = 00:04:43
[STOPBYICOUNT] Periodic at 18300001 delta = 99999 elapsed time = 00:04:45
[STOPBYICOUNT] Periodic at 18400007 delta = 100006 elapsed time = 00:04:47
[STOPBYICOUNT] Periodic at 18500001 delta = 99994 elapsed time = 00:04:49
[STOPBYICOUNT] Periodic at 18600003 delta = 100002 elapsed time = 00:04:51
[STOPBYICOUNT] Periodic at 18700002 delta = 99999 elapsed time = 00:04:53
[STOPBYICOUNT] Periodic at 18800001 delta = 99999 elapsed time = 00:04:57
[STOPBYICOUNT] Periodic at 18900002 delta = 100001 elapsed time = 00:04:59
[STOPBYICOUNT] Periodic at 19000001 delta = 99999 elapsed time = 00:05:02
[STOPBYICOUNT] Periodic at 19100001 delta = 100000 elapsed time = 00:05:04
[STOPBYICOUNT] Periodic at 19200003 delta = 100002 elapsed time = 00:05:06
