[SNIPER] (0) Using trace file /root/codes/Victima/traces/bc.sift
[SNIPER] Start here
True
[SNIPER] Running ['bash', '-c', '/root/codes/Victima/sniper/lib/sniper -c /root/codes/Victima/sniper/config/base.cfg --general/total_cores=1 --general/output_dir=/root/codes/UniNDP-virtuoso/CPU-cuckoo-potm-virtualized-64K/1core/bc -g --traceinput/mirror_output=true --config=/root/codes/Victima/sniper/config/nehalem.cfg --config=/root/codes/Victima/sniper/config/utopia_motivation_baseline.cfg --config=/root/codes/Victima/sniper/config/virtual_memory_configs/common_translation.cfg --config=/root/codes/Victima/sniper/config/UniNDP/configs/UniNDP_baseline_CPU.cfg --config=/root/codes/Victima/sniper/config/UniNDP/CPU/baseline_CPU_1core_cuckoo_potm_channel_64K.cfg --perf_model/ptw/enabled=false --perf_model/ptw/virtualized=true -g --traceinput/stop_with_first_app=true -g --traceinput/restart_apps=false -g --hooks/numscripts=1 -g --hooks/script0name=/root/codes/UniNDP-virtuoso/CPU-cuckoo-potm-virtualized-64K/1core/bc/sim.scripts.py -g --hooks/script0args= -g --traceinput/enabled=true -g --traceinput/emulate_syscalls=false -g --traceinput/num_apps=1 -g --traceinput/thread_0=/root/codes/Victima/traces/bc.sift']
<subprocess.Popen object at 0x1465fd4a1a90>
Starting simLet's load config
config_path
Allocating Simulator
Hello from simulator's constructor
Hello from simulator
Supporting 2page sizes: 12, 21,
Creating pwc_L4 cache with 4 sets, 4-way associative, 8B blocksize
Creating pwc_L3 cache with 4 sets, 4-way associative, 8B blocksize
Creating pwc_L2 cache with 8 sets, 4-way associative, 8B blocksize
0
0
60
100
PWC1
Registered special metric: ptw_latency_heatmap
Registered special metric: ptw_latency_heatmap
Registered special metric: ptw_latency_heatmap
Creating nested_tlb_cache cache with 16 sets, 4-way associative, 4096B blocksize
[VM] CUCKOO POTM is enabled
Instantiating Cuckoo Software-managed TLB across_channels
Creating a 8-ary Cuckoo hashtable
Hash function city
Total number of slots 8192
Hash-size 10
Creating a 8-ary Cuckoo hashtable
Hash function city
Total number of slots 8192
Hash-size 10
Creating stlb_cache cache with 128 sets, 12-way associative, 4096B blocksize
Creating itlb_cache cache with 16 sets, 8-way associative, 4096B blocksize
Creating dtlb_cache cache with 16 sets, 4-way associative, 4096B blocksize
Registered special metric: L2_TLB_miss_per_page
Registering cache time series
Registered special metric: cache_timeseries
Creating nuca-cache cache with 2048 sets, 16-way associative, 64B blocksize
Attaching Nuca to PTW
Core : 0
Directory type : limited_no_broadcast
Total Entries : 33554432
Associativity : 16
Cache Block Size : 64
Max hw sharers : 64
Max Num Sharers : 1
Initializing cache L 2
Creating L1-I cache with 64 sets, 8-way associative, 64B blocksize
Initializing cache L 3
Creating L1-D cache with 64 sets, 8-way associative, 64B blocksize
Initializing cache L 4
Creating L2 cache with 64 sets, 8-way associative, 64B blocksize
Initializing cache L 5
Creating L3 cache with 512 sets, 16-way associative, 64B blocksize
Executing Python script /root/codes/UniNDP-virtuoso/CPU-cuckoo-potm-virtualized-64K/1core/bc/sim.scripts.py
[STOPBYICOUNT] Starting in ROI (detail)
[STOPBYICOUNT] Then stopping after simulating at least 500000000 instructions in detail
[SNIPER] --------------------------------------------------------------------------------
[SNIPER] Sniper using SIFT/trace-driven frontend
[SNIPER] Running full application in DETAILED mode
[SNIPER] --------------------------------------------------------------------------------
[SNIPER] Enabling performance models
[SNIPER] Setting instrumentation mode to DETAILED
[STOPBYICOUNT] Periodic at 100012 delta = 100012 elapsed time = 00:00:00
[STOPBYICOUNT] Periodic at 200009 delta = 99997 elapsed time = 00:00:01
[STOPBYICOUNT] Periodic at 300006 delta = 99997 elapsed time = 00:00:01
[STOPBYICOUNT] Periodic at 400003 delta = 99997 elapsed time = 00:00:02
[STOPBYICOUNT] Periodic at 500003 delta = 100000 elapsed time = 00:00:03
[STOPBYICOUNT] Periodic at 600016 delta = 100013 elapsed time = 00:00:04
[STOPBYICOUNT] Periodic at 700013 delta = 99997 elapsed time = 00:00:04
[STOPBYICOUNT] Periodic at 800010 delta = 99997 elapsed time = 00:00:05
[STOPBYICOUNT] Periodic at 900007 delta = 99997 elapsed time = 00:00:06
[STOPBYICOUNT] Periodic at 1000004 delta = 99997 elapsed time = 00:00:07
[STOPBYICOUNT] Periodic at 1100001 delta = 99997 elapsed time = 00:00:08
[STOPBYICOUNT] Periodic at 1200001 delta = 100000 elapsed time = 00:00:08
[STOPBYICOUNT] Periodic at 1300014 delta = 100013 elapsed time = 00:00:09
[STOPBYICOUNT] Periodic at 1400011 delta = 99997 elapsed time = 00:00:09
[STOPBYICOUNT] Periodic at 1500008 delta = 99997 elapsed time = 00:00:10
[STOPBYICOUNT] Periodic at 1600005 delta = 99997 elapsed time = 00:00:11
[STOPBYICOUNT] Periodic at 1700002 delta = 99997 elapsed time = 00:00:11
[STOPBYICOUNT] Periodic at 1800002 delta = 100000 elapsed time = 00:00:12
[STOPBYICOUNT] Periodic at 1900015 delta = 100013 elapsed time = 00:00:13
[STOPBYICOUNT] Periodic at 2000012 delta = 99997 elapsed time = 00:00:13
[STOPBYICOUNT] Periodic at 2100009 delta = 99997 elapsed time = 00:00:14
[STOPBYICOUNT] Periodic at 2200006 delta = 99997 elapsed time = 00:00:14
[STOPBYICOUNT] Periodic at 2300003 delta = 99997 elapsed time = 00:00:15
[STOPBYICOUNT] Periodic at 2400003 delta = 100000 elapsed time = 00:00:15
[STOPBYICOUNT] Periodic at 2500016 delta = 100013 elapsed time = 00:00:16
[STOPBYICOUNT] Periodic at 2600013 delta = 99997 elapsed time = 00:00:17
[STOPBYICOUNT] Periodic at 2700010 delta = 99997 elapsed time = 00:00:17
[STOPBYICOUNT] Periodic at 2800007 delta = 99997 elapsed time = 00:00:18
[STOPBYICOUNT] Periodic at 2900004 delta = 99997 elapsed time = 00:00:19
[STOPBYICOUNT] Periodic at 3000001 delta = 99997 elapsed time = 00:00:19
[STOPBYICOUNT] Periodic at 3100001 delta = 100000 elapsed time = 00:00:20
[STOPBYICOUNT] Periodic at 3200014 delta = 100013 elapsed time = 00:00:21
[STOPBYICOUNT] Periodic at 3300011 delta = 99997 elapsed time = 00:00:21
[STOPBYICOUNT] Periodic at 3400008 delta = 99997 elapsed time = 00:00:22
[STOPBYICOUNT] Periodic at 3500005 delta = 99997 elapsed time = 00:00:23
[STOPBYICOUNT] Periodic at 3600002 delta = 99997 elapsed time = 00:00:23
[STOPBYICOUNT] Periodic at 3700002 delta = 100000 elapsed time = 00:00:24
[STOPBYICOUNT] Periodic at 3800015 delta = 100013 elapsed time = 00:00:24
[STOPBYICOUNT] Periodic at 3900012 delta = 99997 elapsed time = 00:00:25
[STOPBYICOUNT] Periodic at 4000009 delta = 99997 elapsed time = 00:00:25
[STOPBYICOUNT] Periodic at 4100006 delta = 99997 elapsed time = 00:00:26
[STOPBYICOUNT] Periodic at 4200003 delta = 99997 elapsed time = 00:00:26
[STOPBYICOUNT] Periodic at 4300003 delta = 100000 elapsed time = 00:00:27
[STOPBYICOUNT] Periodic at 4400016 delta = 100013 elapsed time = 00:00:27
[STOPBYICOUNT] Periodic at 4500013 delta = 99997 elapsed time = 00:00:28
[STOPBYICOUNT] Periodic at 4600010 delta = 99997 elapsed time = 00:00:28
[STOPBYICOUNT] Periodic at 4700007 delta = 99997 elapsed time = 00:00:29
[STOPBYICOUNT] Periodic at 4800004 delta = 99997 elapsed time = 00:00:30
[STOPBYICOUNT] Periodic at 4900001 delta = 99997 elapsed time = 00:00:30
[STOPBYICOUNT] Periodic at 5000001 delta = 100000 elapsed time = 00:00:31
[STOPBYICOUNT] Periodic at 5100014 delta = 100013 elapsed time = 00:00:31
[STOPBYICOUNT] Periodic at 5200011 delta = 99997 elapsed time = 00:00:32
[STOPBYICOUNT] Periodic at 5300008 delta = 99997 elapsed time = 00:00:32
[STOPBYICOUNT] Periodic at 5400005 delta = 99997 elapsed time = 00:00:33
[STOPBYICOUNT] Periodic at 5500002 delta = 99997 elapsed time = 00:00:33
[STOPBYICOUNT] Periodic at 5600002 delta = 100000 elapsed time = 00:00:34
[STOPBYICOUNT] Periodic at 5700015 delta = 100013 elapsed time = 00:00:34
[STOPBYICOUNT] Periodic at 5800012 delta = 99997 elapsed time = 00:00:35
[STOPBYICOUNT] Periodic at 5900009 delta = 99997 elapsed time = 00:00:35
[STOPBYICOUNT] Periodic at 6000006 delta = 99997 elapsed time = 00:00:36
[STOPBYICOUNT] Periodic at 6100003 delta = 99997 elapsed time = 00:00:37
[STOPBYICOUNT] Periodic at 6200003 delta = 100000 elapsed time = 00:00:37
[STOPBYICOUNT] Periodic at 6300016 delta = 100013 elapsed time = 00:00:38
[STOPBYICOUNT] Periodic at 6400013 delta = 99997 elapsed time = 00:00:39
[STOPBYICOUNT] Periodic at 6500010 delta = 99997 elapsed time = 00:00:39
[STOPBYICOUNT] Periodic at 6600007 delta = 99997 elapsed time = 00:00:40
[STOPBYICOUNT] Periodic at 6700004 delta = 99997 elapsed time = 00:00:40
[STOPBYICOUNT] Periodic at 6800001 delta = 99997 elapsed time = 00:00:41
[STOPBYICOUNT] Periodic at 6900001 delta = 100000 elapsed time = 00:00:41
[STOPBYICOUNT] Periodic at 7000014 delta = 100013 elapsed time = 00:00:42
[STOPBYICOUNT] Periodic at 7100011 delta = 99997 elapsed time = 00:00:42
[STOPBYICOUNT] Periodic at 7200008 delta = 99997 elapsed time = 00:00:43
[STOPBYICOUNT] Periodic at 7300005 delta = 99997 elapsed time = 00:00:44
[STOPBYICOUNT] Periodic at 7400002 delta = 99997 elapsed time = 00:00:44
[STOPBYICOUNT] Periodic at 7500002 delta = 100000 elapsed time = 00:00:44
[STOPBYICOUNT] Periodic at 7600015 delta = 100013 elapsed time = 00:00:45
[STOPBYICOUNT] Periodic at 7700012 delta = 99997 elapsed time = 00:00:46
[STOPBYICOUNT] Periodic at 7800009 delta = 99997 elapsed time = 00:00:46
[STOPBYICOUNT] Periodic at 7900006 delta = 99997 elapsed time = 00:00:47
[STOPBYICOUNT] Periodic at 8000003 delta = 99997 elapsed time = 00:00:47
[STOPBYICOUNT] Periodic at 8100003 delta = 100000 elapsed time = 00:00:48
[STOPBYICOUNT] Periodic at 8200016 delta = 100013 elapsed time = 00:00:48
[STOPBYICOUNT] Periodic at 8300013 delta = 99997 elapsed time = 00:00:49
[STOPBYICOUNT] Periodic at 8400010 delta = 99997 elapsed time = 00:00:49
[STOPBYICOUNT] Periodic at 8500007 delta = 99997 elapsed time = 00:00:50
[STOPBYICOUNT] Periodic at 8600004 delta = 99997 elapsed time = 00:00:51
[STOPBYICOUNT] Periodic at 8700001 delta = 99997 elapsed time = 00:00:51
[STOPBYICOUNT] Periodic at 8800001 delta = 100000 elapsed time = 00:00:52
[STOPBYICOUNT] Periodic at 8900014 delta = 100013 elapsed time = 00:00:52
[STOPBYICOUNT] Periodic at 9000011 delta = 99997 elapsed time = 00:00:53
[STOPBYICOUNT] Periodic at 9100008 delta = 99997 elapsed time = 00:00:53
[STOPBYICOUNT] Periodic at 9200005 delta = 99997 elapsed time = 00:00:54
[STOPBYICOUNT] Periodic at 9300002 delta = 99997 elapsed time = 00:00:54
[STOPBYICOUNT] Periodic at 9400002 delta = 100000 elapsed time = 00:00:55
[STOPBYICOUNT] Periodic at 9500015 delta = 100013 elapsed time = 00:00:56
[STOPBYICOUNT] Periodic at 9600012 delta = 99997 elapsed time = 00:00:56
[STOPBYICOUNT] Periodic at 9700009 delta = 99997 elapsed time = 00:00:57
[STOPBYICOUNT] Periodic at 9800006 delta = 99997 elapsed time = 00:00:57
[STOPBYICOUNT] Periodic at 9900003 delta = 99997 elapsed time = 00:00:58
[STOPBYICOUNT] Periodic at 10000003 delta = 100000 elapsed time = 00:00:58
[STOPBYICOUNT] Periodic at 10100016 delta = 100013 elapsed time = 00:00:59
[STOPBYICOUNT] Periodic at 10200013 delta = 99997 elapsed time = 00:01:00
[STOPBYICOUNT] Periodic at 10300010 delta = 99997 elapsed time = 00:01:00
[STOPBYICOUNT] Periodic at 10400007 delta = 99997 elapsed time = 00:01:01
[STOPBYICOUNT] Periodic at 10500004 delta = 99997 elapsed time = 00:01:01
[STOPBYICOUNT] Periodic at 10600001 delta = 99997 elapsed time = 00:01:02
[STOPBYICOUNT] Periodic at 10700001 delta = 100000 elapsed time = 00:01:02
[STOPBYICOUNT] Periodic at 10800014 delta = 100013 elapsed time = 00:01:03
[STOPBYICOUNT] Periodic at 10900011 delta = 99997 elapsed time = 00:01:03
[STOPBYICOUNT] Periodic at 11000008 delta = 99997 elapsed time = 00:01:04
[STOPBYICOUNT] Periodic at 11100005 delta = 99997 elapsed time = 00:01:05
[STOPBYICOUNT] Periodic at 11200002 delta = 99997 elapsed time = 00:01:05
[STOPBYICOUNT] Periodic at 11300002 delta = 100000 elapsed time = 00:01:06
[STOPBYICOUNT] Periodic at 11400015 delta = 100013 elapsed time = 00:01:06
[STOPBYICOUNT] Periodic at 11500012 delta = 99997 elapsed time = 00:01:07
[STOPBYICOUNT] Periodic at 11600009 delta = 99997 elapsed time = 00:01:07
[STOPBYICOUNT] Periodic at 11700006 delta = 99997 elapsed time = 00:01:08
[STOPBYICOUNT] Periodic at 11800003 delta = 99997 elapsed time = 00:01:08
[STOPBYICOUNT] Periodic at 11900003 delta = 100000 elapsed time = 00:01:09
[STOPBYICOUNT] Periodic at 12000016 delta = 100013 elapsed time = 00:01:10
[STOPBYICOUNT] Periodic at 12100013 delta = 99997 elapsed time = 00:01:10
[STOPBYICOUNT] Periodic at 12200010 delta = 99997 elapsed time = 00:01:11
[STOPBYICOUNT] Periodic at 12300007 delta = 99997 elapsed time = 00:01:11
[STOPBYICOUNT] Periodic at 12400004 delta = 99997 elapsed time = 00:01:12
[STOPBYICOUNT] Periodic at 12500001 delta = 99997 elapsed time = 00:01:12
[STOPBYICOUNT] Periodic at 12600001 delta = 100000 elapsed time = 00:01:13
[STOPBYICOUNT] Periodic at 12700014 delta = 100013 elapsed time = 00:01:13
[STOPBYICOUNT] Periodic at 12800011 delta = 99997 elapsed time = 00:01:14
[STOPBYICOUNT] Periodic at 12900008 delta = 99997 elapsed time = 00:01:15
[STOPBYICOUNT] Periodic at 13000005 delta = 99997 elapsed time = 00:01:15
[STOPBYICOUNT] Periodic at 13100002 delta = 99997 elapsed time = 00:01:16
[STOPBYICOUNT] Periodic at 13200002 delta = 100000 elapsed time = 00:01:16
[STOPBYICOUNT] Periodic at 13300015 delta = 100013 elapsed time = 00:01:17
[STOPBYICOUNT] Periodic at 13400012 delta = 99997 elapsed time = 00:01:17
[STOPBYICOUNT] Periodic at 13500009 delta = 99997 elapsed time = 00:01:18
[STOPBYICOUNT] Periodic at 13600006 delta = 99997 elapsed time = 00:01:19
[STOPBYICOUNT] Periodic at 13700003 delta = 99997 elapsed time = 00:01:19
[STOPBYICOUNT] Periodic at 13800003 delta = 100000 elapsed time = 00:01:20
[STOPBYICOUNT] Periodic at 13900016 delta = 100013 elapsed time = 00:01:20
[STOPBYICOUNT] Periodic at 14000013 delta = 99997 elapsed time = 00:01:21
[STOPBYICOUNT] Periodic at 14100010 delta = 99997 elapsed time = 00:01:21
[STOPBYICOUNT] Periodic at 14200007 delta = 99997 elapsed time = 00:01:22
[STOPBYICOUNT] Periodic at 14300004 delta = 99997 elapsed time = 00:01:22
[STOPBYICOUNT] Periodic at 14400001 delta = 99997 elapsed time = 00:01:23
[STOPBYICOUNT] Periodic at 14500001 delta = 100000 elapsed time = 00:01:24
[STOPBYICOUNT] Periodic at 14600014 delta = 100013 elapsed time = 00:01:24
[STOPBYICOUNT] Periodic at 14700011 delta = 99997 elapsed time = 00:01:26
[STOPBYICOUNT] Periodic at 14800008 delta = 99997 elapsed time = 00:01:26
[STOPBYICOUNT] Periodic at 14900005 delta = 99997 elapsed time = 00:01:27
[STOPBYICOUNT] Periodic at 15000002 delta = 99997 elapsed time = 00:01:27
[STOPBYICOUNT] Periodic at 15100002 delta = 100000 elapsed time = 00:01:28
[STOPBYICOUNT] Periodic at 15200015 delta = 100013 elapsed time = 00:01:29
[STOPBYICOUNT] Periodic at 15300012 delta = 99997 elapsed time = 00:01:29
[STOPBYICOUNT] Periodic at 15400009 delta = 99997 elapsed time = 00:01:30
[STOPBYICOUNT] Periodic at 15500006 delta = 99997 elapsed time = 00:01:30
[STOPBYICOUNT] Periodic at 15600003 delta = 99997 elapsed time = 00:01:31
[STOPBYICOUNT] Periodic at 15700003 delta = 100000 elapsed time = 00:01:31
[STOPBYICOUNT] Periodic at 15800016 delta = 100013 elapsed time = 00:01:32
[STOPBYICOUNT] Periodic at 15900013 delta = 99997 elapsed time = 00:01:33
[STOPBYICOUNT] Periodic at 16000010 delta = 99997 elapsed time = 00:01:33
[STOPBYICOUNT] Periodic at 16100007 delta = 99997 elapsed time = 00:01:34
[STOPBYICOUNT] Periodic at 16200004 delta = 99997 elapsed time = 00:01:35
[STOPBYICOUNT] Periodic at 16300001 delta = 99997 elapsed time = 00:01:35
[STOPBYICOUNT] Periodic at 16400001 delta = 100000 elapsed time = 00:01:36
[STOPBYICOUNT] Periodic at 16500014 delta = 100013 elapsed time = 00:01:37
[STOPBYICOUNT] Periodic at 16600011 delta = 99997 elapsed time = 00:01:37
[STOPBYICOUNT] Periodic at 16700008 delta = 99997 elapsed time = 00:01:38
[STOPBYICOUNT] Periodic at 16800005 delta = 99997 elapsed time = 00:01:38
[STOPBYICOUNT] Periodic at 16900002 delta = 99997 elapsed time = 00:01:39
[STOPBYICOUNT] Periodic at 17000002 delta = 100000 elapsed time = 00:01:40
[STOPBYICOUNT] Periodic at 17100015 delta = 100013 elapsed time = 00:01:40
[STOPBYICOUNT] Periodic at 17200012 delta = 99997 elapsed time = 00:01:41
[STOPBYICOUNT] Periodic at 17300009 delta = 99997 elapsed time = 00:01:41
[STOPBYICOUNT] Periodic at 17400006 delta = 99997 elapsed time = 00:01:42
[STOPBYICOUNT] Periodic at 17500003 delta = 99997 elapsed time = 00:01:42
[STOPBYICOUNT] Periodic at 17600003 delta = 100000 elapsed time = 00:01:43
[STOPBYICOUNT] Periodic at 17700016 delta = 100013 elapsed time = 00:01:43
[STOPBYICOUNT] Periodic at 17800013 delta = 99997 elapsed time = 00:01:44
[STOPBYICOUNT] Periodic at 17900010 delta = 99997 elapsed time = 00:01:44
[STOPBYICOUNT] Periodic at 18000007 delta = 99997 elapsed time = 00:01:45
[STOPBYICOUNT] Periodic at 18100004 delta = 99997 elapsed time = 00:01:46
[STOPBYICOUNT] Periodic at 18200001 delta = 99997 elapsed time = 00:01:46
[STOPBYICOUNT] Periodic at 18300001 delta = 100000 elapsed time = 00:01:47
[STOPBYICOUNT] Periodic at 18400014 delta = 100013 elapsed time = 00:01:47
[STOPBYICOUNT] Periodic at 18500011 delta = 99997 elapsed time = 00:01:48
[STOPBYICOUNT] Periodic at 18600008 delta = 99997 elapsed time = 00:01:49
[STOPBYICOUNT] Periodic at 18700005 delta = 99997 elapsed time = 00:01:49
[STOPBYICOUNT] Periodic at 18800002 delta = 99997 elapsed time = 00:01:50
[STOPBYICOUNT] Periodic at 18900002 delta = 100000 elapsed time = 00:01:50
[STOPBYICOUNT] Periodic at 19000015 delta = 100013 elapsed time = 00:01:51
[STOPBYICOUNT] Periodic at 19100012 delta = 99997 elapsed time = 00:01:51
[STOPBYICOUNT] Periodic at 19200009 delta = 99997 elapsed time = 00:01:52
[STOPBYICOUNT] Periodic at 19300006 delta = 99997 elapsed time = 00:01:52
[STOPBYICOUNT] Periodic at 19400003 delta = 99997 elapsed time = 00:01:53
[STOPBYICOUNT] Periodic at 19500003 delta = 100000 elapsed time = 00:01:53
[STOPBYICOUNT] Periodic at 19600016 delta = 100013 elapsed time = 00:01:54
[STOPBYICOUNT] Periodic at 19700013 delta = 99997 elapsed time = 00:01:55
[STOPBYICOUNT] Periodic at 19800010 delta = 99997 elapsed time = 00:01:55
[STOPBYICOUNT] Periodic at 19900007 delta = 99997 elapsed time = 00:01:56
[STOPBYICOUNT] Periodic at 20000004 delta = 99997 elapsed time = 00:01:56
[STOPBYICOUNT] Periodic at 20100001 delta = 99997 elapsed time = 00:01:57
[STOPBYICOUNT] Periodic at 20200001 delta = 100000 elapsed time = 00:01:57
[STOPBYICOUNT] Periodic at 20300014 delta = 100013 elapsed time = 00:01:58
[STOPBYICOUNT] Periodic at 20400011 delta = 99997 elapsed time = 00:01:59
[STOPBYICOUNT] Periodic at 20500008 delta = 99997 elapsed time = 00:01:59
[STOPBYICOUNT] Periodic at 20600005 delta = 99997 elapsed time = 00:02:00
[STOPBYICOUNT] Periodic at 20700002 delta = 99997 elapsed time = 00:02:01
[STOPBYICOUNT] Periodic at 20800002 delta = 100000 elapsed time = 00:02:01
[STOPBYICOUNT] Periodic at 20900015 delta = 100013 elapsed time = 00:02:02
[STOPBYICOUNT] Periodic at 21000012 delta = 99997 elapsed time = 00:02:02
[STOPBYICOUNT] Periodic at 21100009 delta = 99997 elapsed time = 00:02:03
[STOPBYICOUNT] Periodic at 21200006 delta = 99997 elapsed time = 00:02:03
[STOPBYICOUNT] Periodic at 21300003 delta = 99997 elapsed time = 00:02:04
[STOPBYICOUNT] Periodic at 21400003 delta = 100000 elapsed time = 00:02:04
[STOPBYICOUNT] Periodic at 21500016 delta = 100013 elapsed time = 00:02:05
[STOPBYICOUNT] Periodic at 21600013 delta = 99997 elapsed time = 00:02:05
[STOPBYICOUNT] Periodic at 21700010 delta = 99997 elapsed time = 00:02:06
[STOPBYICOUNT] Periodic at 21800007 delta = 99997 elapsed time = 00:02:07
[STOPBYICOUNT] Periodic at 21900004 delta = 99997 elapsed time = 00:02:07
[STOPBYICOUNT] Periodic at 22000001 delta = 99997 elapsed time = 00:02:08
[STOPBYICOUNT] Periodic at 22100001 delta = 100000 elapsed time = 00:02:08
[STOPBYICOUNT] Periodic at 22200014 delta = 100013 elapsed time = 00:02:09
[STOPBYICOUNT] Periodic at 22300011 delta = 99997 elapsed time = 00:02:09
[STOPBYICOUNT] Periodic at 22400008 delta = 99997 elapsed time = 00:02:10
[STOPBYICOUNT] Periodic at 22500005 delta = 99997 elapsed time = 00:02:10
[STOPBYICOUNT] Periodic at 22600002 delta = 99997 elapsed time = 00:02:11
[STOPBYICOUNT] Periodic at 22700002 delta = 100000 elapsed time = 00:02:11
[STOPBYICOUNT] Periodic at 22800015 delta = 100013 elapsed time = 00:02:12
[STOPBYICOUNT] Periodic at 22900012 delta = 99997 elapsed time = 00:02:13
[STOPBYICOUNT] Periodic at 23000009 delta = 99997 elapsed time = 00:02:13
[STOPBYICOUNT] Periodic at 23100006 delta = 99997 elapsed time = 00:02:14
[STOPBYICOUNT] Periodic at 23200003 delta = 99997 elapsed time = 00:02:15
[STOPBYICOUNT] Periodic at 23300003 delta = 100000 elapsed time = 00:02:16
[STOPBYICOUNT] Periodic at 23400016 delta = 100013 elapsed time = 00:02:16
[STOPBYICOUNT] Periodic at 23500013 delta = 99997 elapsed time = 00:02:17
[STOPBYICOUNT] Periodic at 23600010 delta = 99997 elapsed time = 00:02:17
[STOPBYICOUNT] Periodic at 23700007 delta = 99997 elapsed time = 00:02:18
[STOPBYICOUNT] Periodic at 23800004 delta = 99997 elapsed time = 00:02:18
[STOPBYICOUNT] Periodic at 23900001 delta = 99997 elapsed time = 00:02:19
[STOPBYICOUNT] Periodic at 24000001 delta = 100000 elapsed time = 00:02:19
[STOPBYICOUNT] Periodic at 24100014 delta = 100013 elapsed time = 00:02:20
[STOPBYICOUNT] Periodic at 24200011 delta = 99997 elapsed time = 00:02:21
[STOPBYICOUNT] Periodic at 24300008 delta = 99997 elapsed time = 00:02:21
[STOPBYICOUNT] Periodic at 24400005 delta = 99997 elapsed time = 00:02:22
[STOPBYICOUNT] Periodic at 24500002 delta = 99997 elapsed time = 00:02:22
[STOPBYICOUNT] Periodic at 24600002 delta = 100000 elapsed time = 00:02:23
[STOPBYICOUNT] Periodic at 24700015 delta = 100013 elapsed time = 00:02:23
[STOPBYICOUNT] Periodic at 24800012 delta = 99997 elapsed time = 00:02:24
[STOPBYICOUNT] Periodic at 24900009 delta = 99997 elapsed time = 00:02:24
[STOPBYICOUNT] Periodic at 25000006 delta = 99997 elapsed time = 00:02:25
[STOPBYICOUNT] Periodic at 25100003 delta = 99997 elapsed time = 00:02:26
[STOPBYICOUNT] Periodic at 25200003 delta = 100000 elapsed time = 00:02:26
[STOPBYICOUNT] Periodic at 25300016 delta = 100013 elapsed time = 00:02:27
[STOPBYICOUNT] Periodic at 25400013 delta = 99997 elapsed time = 00:02:27
[STOPBYICOUNT] Periodic at 25500010 delta = 99997 elapsed time = 00:02:28
[STOPBYICOUNT] Periodic at 25600007 delta = 99997 elapsed time = 00:02:28
[STOPBYICOUNT] Periodic at 25700004 delta = 99997 elapsed time = 00:02:29
[STOPBYICOUNT] Periodic at 25800001 delta = 99997 elapsed time = 00:02:30
[STOPBYICOUNT] Periodic at 25900001 delta = 100000 elapsed time = 00:02:30
[STOPBYICOUNT] Periodic at 26000014 delta = 100013 elapsed time = 00:02:31
[STOPBYICOUNT] Periodic at 26100011 delta = 99997 elapsed time = 00:02:32
[STOPBYICOUNT] Periodic at 26200008 delta = 99997 elapsed time = 00:02:32
[STOPBYICOUNT] Periodic at 26300005 delta = 99997 elapsed time = 00:02:33
[STOPBYICOUNT] Periodic at 26400002 delta = 99997 elapsed time = 00:02:34
[STOPBYICOUNT] Periodic at 26500002 delta = 100000 elapsed time = 00:02:35
[STOPBYICOUNT] Periodic at 26600015 delta = 100013 elapsed time = 00:02:35
[STOPBYICOUNT] Periodic at 26700012 delta = 99997 elapsed time = 00:02:36
[STOPBYICOUNT] Periodic at 26800009 delta = 99997 elapsed time = 00:02:37
[STOPBYICOUNT] Periodic at 26900006 delta = 99997 elapsed time = 00:02:38
[STOPBYICOUNT] Periodic at 27000003 delta = 99997 elapsed time = 00:02:39
[STOPBYICOUNT] Periodic at 27100003 delta = 100000 elapsed time = 00:02:39
[STOPBYICOUNT] Periodic at 27200016 delta = 100013 elapsed time = 00:02:40
[STOPBYICOUNT] Periodic at 27300013 delta = 99997 elapsed time = 00:02:41
[STOPBYICOUNT] Periodic at 27400010 delta = 99997 elapsed time = 00:02:41
[STOPBYICOUNT] Periodic at 27500007 delta = 99997 elapsed time = 00:02:42
[STOPBYICOUNT] Periodic at 27600004 delta = 99997 elapsed time = 00:02:43
[STOPBYICOUNT] Periodic at 27700001 delta = 99997 elapsed time = 00:02:43
[STOPBYICOUNT] Periodic at 27800001 delta = 100000 elapsed time = 00:02:44
[STOPBYICOUNT] Periodic at 27900014 delta = 100013 elapsed time = 00:02:44
[STOPBYICOUNT] Periodic at 28000011 delta = 99997 elapsed time = 00:02:45
[STOPBYICOUNT] Periodic at 28100008 delta = 99997 elapsed time = 00:02:46
[STOPBYICOUNT] Periodic at 28200005 delta = 99997 elapsed time = 00:02:47
[STOPBYICOUNT] Periodic at 28300002 delta = 99997 elapsed time = 00:02:48
[STOPBYICOUNT] Periodic at 28400002 delta = 100000 elapsed time = 00:02:49
[STOPBYICOUNT] Periodic at 28500015 delta = 100013 elapsed time = 00:02:49
[STOPBYICOUNT] Periodic at 28600012 delta = 99997 elapsed time = 00:02:50
[STOPBYICOUNT] Periodic at 28700009 delta = 99997 elapsed time = 00:02:51
[STOPBYICOUNT] Periodic at 28800006 delta = 99997 elapsed time = 00:02:51
[STOPBYICOUNT] Periodic at 28900003 delta = 99997 elapsed time = 00:02:52
[STOPBYICOUNT] Periodic at 29000003 delta = 100000 elapsed time = 00:02:53
[STOPBYICOUNT] Periodic at 29100016 delta = 100013 elapsed time = 00:02:53
[STOPBYICOUNT] Periodic at 29200013 delta = 99997 elapsed time = 00:02:54
[STOPBYICOUNT] Periodic at 29300010 delta = 99997 elapsed time = 00:02:55
[STOPBYICOUNT] Periodic at 29400007 delta = 99997 elapsed time = 00:02:55
[STOPBYICOUNT] Periodic at 29500004 delta = 99997 elapsed time = 00:02:56
[STOPBYICOUNT] Periodic at 29600001 delta = 99997 elapsed time = 00:02:57
[STOPBYICOUNT] Periodic at 29700001 delta = 100000 elapsed time = 00:02:58
[STOPBYICOUNT] Periodic at 29800014 delta = 100013 elapsed time = 00:02:58
[STOPBYICOUNT] Periodic at 29900011 delta = 99997 elapsed time = 00:02:59
[STOPBYICOUNT] Periodic at 30000008 delta = 99997 elapsed time = 00:03:00
[STOPBYICOUNT] Periodic at 30100005 delta = 99997 elapsed time = 00:03:00
[STOPBYICOUNT] Periodic at 30200002 delta = 99997 elapsed time = 00:03:01
[STOPBYICOUNT] Periodic at 30300002 delta = 100000 elapsed time = 00:03:02
[STOPBYICOUNT] Periodic at 30400015 delta = 100013 elapsed time = 00:03:02
[STOPBYICOUNT] Periodic at 30500012 delta = 99997 elapsed time = 00:03:03
[STOPBYICOUNT] Periodic at 30600009 delta = 99997 elapsed time = 00:03:04
[STOPBYICOUNT] Periodic at 30700006 delta = 99997 elapsed time = 00:03:04
[STOPBYICOUNT] Periodic at 30800003 delta = 99997 elapsed time = 00:03:05
[STOPBYICOUNT] Periodic at 30900003 delta = 100000 elapsed time = 00:03:05
[STOPBYICOUNT] Periodic at 31000016 delta = 100013 elapsed time = 00:03:06
[STOPBYICOUNT] Periodic at 31100013 delta = 99997 elapsed time = 00:03:07
[STOPBYICOUNT] Periodic at 31200010 delta = 99997 elapsed time = 00:03:07
[STOPBYICOUNT] Periodic at 31300007 delta = 99997 elapsed time = 00:03:08
[STOPBYICOUNT] Periodic at 31400004 delta = 99997 elapsed time = 00:03:09
[STOPBYICOUNT] Periodic at 31500001 delta = 99997 elapsed time = 00:03:09
[STOPBYICOUNT] Periodic at 31600001 delta = 100000 elapsed time = 00:03:10
[STOPBYICOUNT] Periodic at 31700014 delta = 100013 elapsed time = 00:03:11
[STOPBYICOUNT] Periodic at 31800011 delta = 99997 elapsed time = 00:03:11
[STOPBYICOUNT] Periodic at 31900008 delta = 99997 elapsed time = 00:03:12
[STOPBYICOUNT] Periodic at 32000005 delta = 99997 elapsed time = 00:03:13
[STOPBYICOUNT] Periodic at 32100002 delta = 99997 elapsed time = 00:03:14
[STOPBYICOUNT] Periodic at 32200002 delta = 100000 elapsed time = 00:03:14
[STOPBYICOUNT] Periodic at 32300015 delta = 100013 elapsed time = 00:03:15
[STOPBYICOUNT] Periodic at 32400012 delta = 99997 elapsed time = 00:03:15
[STOPBYICOUNT] Periodic at 32500009 delta = 99997 elapsed time = 00:03:16
[STOPBYICOUNT] Periodic at 32600006 delta = 99997 elapsed time = 00:03:16
[STOPBYICOUNT] Periodic at 32700003 delta = 99997 elapsed time = 00:03:17
[STOPBYICOUNT] Periodic at 32800003 delta = 100000 elapsed time = 00:03:18
[STOPBYICOUNT] Periodic at 32900016 delta = 100013 elapsed time = 00:03:18
[STOPBYICOUNT] Periodic at 33000013 delta = 99997 elapsed time = 00:03:19
[STOPBYICOUNT] Periodic at 33100010 delta = 99997 elapsed time = 00:03:19
[STOPBYICOUNT] Periodic at 33200007 delta = 99997 elapsed time = 00:03:20
[STOPBYICOUNT] Periodic at 33300004 delta = 99997 elapsed time = 00:03:21
[STOPBYICOUNT] Periodic at 33400001 delta = 99997 elapsed time = 00:03:21
[STOPBYICOUNT] Periodic at 33500001 delta = 100000 elapsed time = 00:03:22
[STOPBYICOUNT] Periodic at 33600014 delta = 100013 elapsed time = 00:03:22
[STOPBYICOUNT] Periodic at 33700011 delta = 99997 elapsed time = 00:03:23
[STOPBYICOUNT] Periodic at 33800008 delta = 99997 elapsed time = 00:03:24
[STOPBYICOUNT] Periodic at 33900005 delta = 99997 elapsed time = 00:03:24
[STOPBYICOUNT] Periodic at 34000002 delta = 99997 elapsed time = 00:03:25
[STOPBYICOUNT] Periodic at 34100002 delta = 100000 elapsed time = 00:03:26
[STOPBYICOUNT] Periodic at 34200015 delta = 100013 elapsed time = 00:03:26
[STOPBYICOUNT] Periodic at 34300012 delta = 99997 elapsed time = 00:03:27
[STOPBYICOUNT] Periodic at 34400009 delta = 99997 elapsed time = 00:03:27
[STOPBYICOUNT] Periodic at 34500006 delta = 99997 elapsed time = 00:03:28
[STOPBYICOUNT] Periodic at 34600003 delta = 99997 elapsed time = 00:03:28
[STOPBYICOUNT] Periodic at 34700003 delta = 100000 elapsed time = 00:03:29
[STOPBYICOUNT] Periodic at 34800016 delta = 100013 elapsed time = 00:03:29
[STOPBYICOUNT] Periodic at 34900013 delta = 99997 elapsed time = 00:03:30
[STOPBYICOUNT] Periodic at 35000010 delta = 99997 elapsed time = 00:03:31
[STOPBYICOUNT] Periodic at 35100007 delta = 99997 elapsed time = 00:03:31
[STOPBYICOUNT] Periodic at 35200004 delta = 99997 elapsed time = 00:03:32
[STOPBYICOUNT] Periodic at 35300001 delta = 99997 elapsed time = 00:03:32
[STOPBYICOUNT] Periodic at 35400001 delta = 100000 elapsed time = 00:03:33
[STOPBYICOUNT] Periodic at 35500014 delta = 100013 elapsed time = 00:03:33
[STOPBYICOUNT] Periodic at 35600011 delta = 99997 elapsed time = 00:03:34
[STOPBYICOUNT] Periodic at 35700008 delta = 99997 elapsed time = 00:03:35
[STOPBYICOUNT] Periodic at 35800005 delta = 99997 elapsed time = 00:03:35
[STOPBYICOUNT] Periodic at 35900002 delta = 99997 elapsed time = 00:03:36
[STOPBYICOUNT] Periodic at 36000002 delta = 100000 elapsed time = 00:03:36
[STOPBYICOUNT] Periodic at 36100015 delta = 100013 elapsed time = 00:03:37
[STOPBYICOUNT] Periodic at 36200012 delta = 99997 elapsed time = 00:03:37
[STOPBYICOUNT] Periodic at 36300009 delta = 99997 elapsed time = 00:03:38
[STOPBYICOUNT] Periodic at 36400006 delta = 99997 elapsed time = 00:03:38
[STOPBYICOUNT] Periodic at 36500003 delta = 99997 elapsed time = 00:03:39
[STOPBYICOUNT] Periodic at 36600003 delta = 100000 elapsed time = 00:03:40
[STOPBYICOUNT] Periodic at 36700016 delta = 100013 elapsed time = 00:03:40
[STOPBYICOUNT] Periodic at 36800013 delta = 99997 elapsed time = 00:03:41
[STOPBYICOUNT] Periodic at 36900010 delta = 99997 elapsed time = 00:03:41
[STOPBYICOUNT] Periodic at 37000007 delta = 99997 elapsed time = 00:03:42
[STOPBYICOUNT] Periodic at 37100004 delta = 99997 elapsed time = 00:03:43
[STOPBYICOUNT] Periodic at 37200001 delta = 99997 elapsed time = 00:03:43
[STOPBYICOUNT] Periodic at 37300001 delta = 100000 elapsed time = 00:03:44
[STOPBYICOUNT] Periodic at 37400014 delta = 100013 elapsed time = 00:03:44
[STOPBYICOUNT] Periodic at 37500011 delta = 99997 elapsed time = 00:03:45
[STOPBYICOUNT] Periodic at 37600008 delta = 99997 elapsed time = 00:03:45
[STOPBYICOUNT] Periodic at 37700005 delta = 99997 elapsed time = 00:03:46
[STOPBYICOUNT] Periodic at 37800002 delta = 99997 elapsed time = 00:03:47
[STOPBYICOUNT] Periodic at 37900002 delta = 100000 elapsed time = 00:03:47
[STOPBYICOUNT] Periodic at 38000015 delta = 100013 elapsed time = 00:03:48
[STOPBYICOUNT] Periodic at 38100012 delta = 99997 elapsed time = 00:03:48
[STOPBYICOUNT] Periodic at 38200009 delta = 99997 elapsed time = 00:03:49
[STOPBYICOUNT] Periodic at 38300006 delta = 99997 elapsed time = 00:03:50
[STOPBYICOUNT] Periodic at 38400003 delta = 99997 elapsed time = 00:03:50
[STOPBYICOUNT] Periodic at 38500003 delta = 100000 elapsed time = 00:03:51
[STOPBYICOUNT] Periodic at 38600016 delta = 100013 elapsed time = 00:03:51
[STOPBYICOUNT] Periodic at 38700013 delta = 99997 elapsed time = 00:03:52
[STOPBYICOUNT] Periodic at 38800010 delta = 99997 elapsed time = 00:03:53
[STOPBYICOUNT] Periodic at 38900007 delta = 99997 elapsed time = 00:03:53
[STOPBYICOUNT] Periodic at 39000004 delta = 99997 elapsed time = 00:03:54
[STOPBYICOUNT] Periodic at 39100001 delta = 99997 elapsed time = 00:03:54
[STOPBYICOUNT] Periodic at 39200001 delta = 100000 elapsed time = 00:03:55
[STOPBYICOUNT] Periodic at 39300014 delta = 100013 elapsed time = 00:03:55
[STOPBYICOUNT] Periodic at 39400011 delta = 99997 elapsed time = 00:03:56
[STOPBYICOUNT] Periodic at 39500008 delta = 99997 elapsed time = 00:03:56
[STOPBYICOUNT] Periodic at 39600005 delta = 99997 elapsed time = 00:03:57
[STOPBYICOUNT] Periodic at 39700002 delta = 99997 elapsed time = 00:03:57
[STOPBYICOUNT] Periodic at 39800002 delta = 100000 elapsed time = 00:03:58
[STOPBYICOUNT] Periodic at 39900015 delta = 100013 elapsed time = 00:03:59
[STOPBYICOUNT] Periodic at 40000012 delta = 99997 elapsed time = 00:03:59
[STOPBYICOUNT] Periodic at 40100009 delta = 99997 elapsed time = 00:04:00
[STOPBYICOUNT] Periodic at 40200006 delta = 99997 elapsed time = 00:04:00
[STOPBYICOUNT] Periodic at 40300003 delta = 99997 elapsed time = 00:04:01
[STOPBYICOUNT] Periodic at 40400003 delta = 100000 elapsed time = 00:04:02
[STOPBYICOUNT] Periodic at 40500016 delta = 100013 elapsed time = 00:04:02
[STOPBYICOUNT] Periodic at 40600013 delta = 99997 elapsed time = 00:04:03
[STOPBYICOUNT] Periodic at 40700010 delta = 99997 elapsed time = 00:04:03
[STOPBYICOUNT] Periodic at 40800007 delta = 99997 elapsed time = 00:04:04
[STOPBYICOUNT] Periodic at 40900004 delta = 99997 elapsed time = 00:04:04
[STOPBYICOUNT] Periodic at 41000001 delta = 99997 elapsed time = 00:04:05
[STOPBYICOUNT] Periodic at 41100001 delta = 100000 elapsed time = 00:04:06
[STOPBYICOUNT] Periodic at 41200014 delta = 100013 elapsed time = 00:04:06
[STOPBYICOUNT] Periodic at 41300011 delta = 99997 elapsed time = 00:04:07
[STOPBYICOUNT] Periodic at 41400008 delta = 99997 elapsed time = 00:04:07
[STOPBYICOUNT] Periodic at 41500005 delta = 99997 elapsed time = 00:04:08
[STOPBYICOUNT] Periodic at 41600002 delta = 99997 elapsed time = 00:04:08
[STOPBYICOUNT] Periodic at 41700002 delta = 100000 elapsed time = 00:04:09
[STOPBYICOUNT] Periodic at 41800015 delta = 100013 elapsed time = 00:04:10
[STOPBYICOUNT] Periodic at 41900012 delta = 99997 elapsed time = 00:04:11
[STOPBYICOUNT] Periodic at 42000009 delta = 99997 elapsed time = 00:04:11
[STOPBYICOUNT] Periodic at 42100006 delta = 99997 elapsed time = 00:04:12
[STOPBYICOUNT] Periodic at 42200003 delta = 99997 elapsed time = 00:04:12
[STOPBYICOUNT] Periodic at 42300003 delta = 100000 elapsed time = 00:04:13
[STOPBYICOUNT] Periodic at 42400016 delta = 100013 elapsed time = 00:04:13
[STOPBYICOUNT] Periodic at 42500013 delta = 99997 elapsed time = 00:04:14
[STOPBYICOUNT] Periodic at 42600010 delta = 99997 elapsed time = 00:04:15
[STOPBYICOUNT] Periodic at 42700007 delta = 99997 elapsed time = 00:04:15
[STOPBYICOUNT] Periodic at 42800004 delta = 99997 elapsed time = 00:04:16
[STOPBYICOUNT] Periodic at 42900001 delta = 99997 elapsed time = 00:04:17
[STOPBYICOUNT] Periodic at 43000001 delta = 100000 elapsed time = 00:04:17
[STOPBYICOUNT] Periodic at 43100014 delta = 100013 elapsed time = 00:04:18
[STOPBYICOUNT] Periodic at 43200011 delta = 99997 elapsed time = 00:04:19
[STOPBYICOUNT] Periodic at 43300008 delta = 99997 elapsed time = 00:04:19
[STOPBYICOUNT] Periodic at 43400005 delta = 99997 elapsed time = 00:04:20
[STOPBYICOUNT] Periodic at 43500002 delta = 99997 elapsed time = 00:04:20
[STOPBYICOUNT] Periodic at 43600002 delta = 100000 elapsed time = 00:04:21
[STOPBYICOUNT] Periodic at 43700015 delta = 100013 elapsed time = 00:04:21
[STOPBYICOUNT] Periodic at 43800012 delta = 99997 elapsed time = 00:04:22
[STOPBYICOUNT] Periodic at 43900009 delta = 99997 elapsed time = 00:04:23
[STOPBYICOUNT] Periodic at 44000006 delta = 99997 elapsed time = 00:04:23
[STOPBYICOUNT] Periodic at 44100003 delta = 99997 elapsed time = 00:04:24
[STOPBYICOUNT] Periodic at 44200003 delta = 100000 elapsed time = 00:04:25
[STOPBYICOUNT] Periodic at 44300016 delta = 100013 elapsed time = 00:04:25
[STOPBYICOUNT] Periodic at 44400013 delta = 99997 elapsed time = 00:04:26
[STOPBYICOUNT] Periodic at 44500010 delta = 99997 elapsed time = 00:04:26
[STOPBYICOUNT] Periodic at 44600007 delta = 99997 elapsed time = 00:04:27
[STOPBYICOUNT] Periodic at 44700004 delta = 99997 elapsed time = 00:04:27
[STOPBYICOUNT] Periodic at 44800001 delta = 99997 elapsed time = 00:04:28
[STOPBYICOUNT] Periodic at 44900001 delta = 100000 elapsed time = 00:04:29
[STOPBYICOUNT] Periodic at 45000014 delta = 100013 elapsed time = 00:04:29
[STOPBYICOUNT] Periodic at 45100011 delta = 99997 elapsed time = 00:04:30
[STOPBYICOUNT] Periodic at 45200008 delta = 99997 elapsed time = 00:04:30
[STOPBYICOUNT] Periodic at 45300005 delta = 99997 elapsed time = 00:04:31
[STOPBYICOUNT] Periodic at 45400002 delta = 99997 elapsed time = 00:04:31
[STOPBYICOUNT] Periodic at 45500002 delta = 100000 elapsed time = 00:04:32
[STOPBYICOUNT] Periodic at 45600015 delta = 100013 elapsed time = 00:04:33
[STOPBYICOUNT] Periodic at 45700012 delta = 99997 elapsed time = 00:04:34
[STOPBYICOUNT] Periodic at 45800009 delta = 99997 elapsed time = 00:04:34
[STOPBYICOUNT] Periodic at 45900006 delta = 99997 elapsed time = 00:04:35
[STOPBYICOUNT] Periodic at 46000003 delta = 99997 elapsed time = 00:04:35
[STOPBYICOUNT] Periodic at 46100003 delta = 100000 elapsed time = 00:04:36
[STOPBYICOUNT] Periodic at 46200016 delta = 100013 elapsed time = 00:04:37
[STOPBYICOUNT] Periodic at 46300013 delta = 99997 elapsed time = 00:04:37
[STOPBYICOUNT] Periodic at 46400010 delta = 99997 elapsed time = 00:04:38
[STOPBYICOUNT] Periodic at 46500007 delta = 99997 elapsed time = 00:04:38
[STOPBYICOUNT] Periodic at 46600004 delta = 99997 elapsed time = 00:04:39
[STOPBYICOUNT] Periodic at 46700001 delta = 99997 elapsed time = 00:04:39
[STOPBYICOUNT] Periodic at 46800001 delta = 100000 elapsed time = 00:04:40
[STOPBYICOUNT] Periodic at 46900014 delta = 100013 elapsed time = 00:04:41
[STOPBYICOUNT] Periodic at 47000011 delta = 99997 elapsed time = 00:04:42
[STOPBYICOUNT] Periodic at 47100008 delta = 99997 elapsed time = 00:04:43
[STOPBYICOUNT] Periodic at 47200005 delta = 99997 elapsed time = 00:04:43
[STOPBYICOUNT] Periodic at 47300002 delta = 99997 elapsed time = 00:04:44
[STOPBYICOUNT] Periodic at 47400002 delta = 100000 elapsed time = 00:04:44
[STOPBYICOUNT] Periodic at 47500015 delta = 100013 elapsed time = 00:04:45
[STOPBYICOUNT] Periodic at 47600012 delta = 99997 elapsed time = 00:04:45
[STOPBYICOUNT] Periodic at 47700009 delta = 99997 elapsed time = 00:04:46
[STOPBYICOUNT] Periodic at 47800006 delta = 99997 elapsed time = 00:04:46
[STOPBYICOUNT] Periodic at 47900003 delta = 99997 elapsed time = 00:04:47
[STOPBYICOUNT] Periodic at 48000003 delta = 100000 elapsed time = 00:04:47
[STOPBYICOUNT] Periodic at 48100016 delta = 100013 elapsed time = 00:04:48
[STOPBYICOUNT] Periodic at 48200013 delta = 99997 elapsed time = 00:04:48
[STOPBYICOUNT] Periodic at 48300010 delta = 99997 elapsed time = 00:04:49
[STOPBYICOUNT] Periodic at 48400007 delta = 99997 elapsed time = 00:04:50
[STOPBYICOUNT] Periodic at 48500004 delta = 99997 elapsed time = 00:04:50
[STOPBYICOUNT] Periodic at 48600001 delta = 99997 elapsed time = 00:04:51
[STOPBYICOUNT] Periodic at 48700001 delta = 100000 elapsed time = 00:04:51
[STOPBYICOUNT] Periodic at 48800014 delta = 100013 elapsed time = 00:04:52
[STOPBYICOUNT] Periodic at 48900011 delta = 99997 elapsed time = 00:04:52
[STOPBYICOUNT] Periodic at 49000008 delta = 99997 elapsed time = 00:04:53
[STOPBYICOUNT] Periodic at 49100005 delta = 99997 elapsed time = 00:04:53
[STOPBYICOUNT] Periodic at 49200002 delta = 99997 elapsed time = 00:04:54
[STOPBYICOUNT] Periodic at 49300002 delta = 100000 elapsed time = 00:04:55
[STOPBYICOUNT] Periodic at 49400015 delta = 100013 elapsed time = 00:04:55
[STOPBYICOUNT] Periodic at 49500012 delta = 99997 elapsed time = 00:04:56
[STOPBYICOUNT] Periodic at 49600009 delta = 99997 elapsed time = 00:04:57
[STOPBYICOUNT] Periodic at 49700006 delta = 99997 elapsed time = 00:04:57
[STOPBYICOUNT] Periodic at 49800003 delta = 99997 elapsed time = 00:04:58
[STOPBYICOUNT] Periodic at 49900003 delta = 100000 elapsed time = 00:04:58
[STOPBYICOUNT] Periodic at 50000016 delta = 100013 elapsed time = 00:04:59
[STOPBYICOUNT] Periodic at 50100013 delta = 99997 elapsed time = 00:04:59
[STOPBYICOUNT] Periodic at 50200010 delta = 99997 elapsed time = 00:05:00
[STOPBYICOUNT] Periodic at 50300007 delta = 99997 elapsed time = 00:05:00
[STOPBYICOUNT] Periodic at 50400004 delta = 99997 elapsed time = 00:05:01
[STOPBYICOUNT] Periodic at 50500001 delta = 99997 elapsed time = 00:05:01
[STOPBYICOUNT] Periodic at 50600001 delta = 100000 elapsed time = 00:05:02
[STOPBYICOUNT] Periodic at 50700014 delta = 100013 elapsed time = 00:05:02
[STOPBYICOUNT] Periodic at 50800011 delta = 99997 elapsed time = 00:05:03
[STOPBYICOUNT] Periodic at 50900008 delta = 99997 elapsed time = 00:05:04
[STOPBYICOUNT] Periodic at 51000005 delta = 99997 elapsed time = 00:05:04
[STOPBYICOUNT] Periodic at 51100002 delta = 99997 elapsed time = 00:05:05
[STOPBYICOUNT] Periodic at 51200002 delta = 100000 elapsed time = 00:05:05
