[SNIPER] (0) Using trace file /root/codes/Victima/traces/gc.sift
[SNIPER] Start here
True
[SNIPER] Running ['bash', '-c', '/root/codes/Victima/sniper/lib/sniper -c /root/codes/Victima/sniper/config/base.cfg --general/total_cores=1 --general/output_dir=/root/codes/UniNDP-virtuoso/CPU-cuckoo-potm-virtualized-32K/1core/gc -g --traceinput/mirror_output=true --config=/root/codes/Victima/sniper/config/nehalem.cfg --config=/root/codes/Victima/sniper/config/utopia_motivation_baseline.cfg --config=/root/codes/Victima/sniper/config/virtual_memory_configs/common_translation.cfg --config=/root/codes/Victima/sniper/config/UniNDP/configs/UniNDP_baseline_CPU.cfg --config=/root/codes/Victima/sniper/config/UniNDP/CPU/baseline_CPU_1core_cuckoo_potm_channel_32K.cfg --perf_model/ptw/enabled=false --perf_model/ptw/virtualized=true -g --traceinput/stop_with_first_app=true -g --traceinput/restart_apps=false -g --hooks/numscripts=1 -g --hooks/script0name=/root/codes/UniNDP-virtuoso/CPU-cuckoo-potm-virtualized-32K/1core/gc/sim.scripts.py -g --hooks/script0args= -g --traceinput/enabled=true -g --traceinput/emulate_syscalls=false -g --traceinput/num_apps=1 -g --traceinput/thread_0=/root/codes/Victima/traces/gc.sift']
<subprocess.Popen object at 0x150a36022a90>
Starting simLet's load config
config_path
Allocating Simulator
Hello from simulator's constructor
Hello from simulator
Supporting 2page sizes: 12, 21,
Creating pwc_L4 cache with 4 sets, 4-way associative, 8B blocksize
Creating pwc_L3 cache with 4 sets, 4-way associative, 8B blocksize
Creating pwc_L2 cache with 8 sets, 4-way associative, 8B blocksize
0
0
60
100
PWC1
Registered special metric: ptw_latency_heatmap
Registered special metric: ptw_latency_heatmap
Registered special metric: ptw_latency_heatmap
Creating nested_tlb_cache cache with 16 sets, 4-way associative, 4096B blocksize
[VM] CUCKOO POTM is enabled
Instantiating Cuckoo Software-managed TLB across_channels
Creating a 8-ary Cuckoo hashtable
Hash function city
Total number of slots 4096
Hash-size 9
Creating a 8-ary Cuckoo hashtable
Hash function city
Total number of slots 4096
Hash-size 9
Creating stlb_cache cache with 128 sets, 12-way associative, 4096B blocksize
Creating itlb_cache cache with 16 sets, 8-way associative, 4096B blocksize
Creating dtlb_cache cache with 16 sets, 4-way associative, 4096B blocksize
Registered special metric: L2_TLB_miss_per_page
Registering cache time series
Registered special metric: cache_timeseries
Creating nuca-cache cache with 2048 sets, 16-way associative, 64B blocksize
Attaching Nuca to PTW
Core : 0
Directory type : limited_no_broadcast
Total Entries : 33554432
Associativity : 16
Cache Block Size : 64
Max hw sharers : 64
Max Num Sharers : 1
Initializing cache L 2
Creating L1-I cache with 64 sets, 8-way associative, 64B blocksize
Initializing cache L 3
Creating L1-D cache with 64 sets, 8-way associative, 64B blocksize
Initializing cache L 4
Creating L2 cache with 64 sets, 8-way associative, 64B blocksize
Initializing cache L 5
Creating L3 cache with 512 sets, 16-way associative, 64B blocksize
Executing Python script /root/codes/UniNDP-virtuoso/CPU-cuckoo-potm-virtualized-32K/1core/gc/sim.scripts.py
[STOPBYICOUNT] Starting in ROI (detail)
[STOPBYICOUNT] Then stopping after simulating at least 500000000 instructions in detail
[SNIPER] --------------------------------------------------------------------------------
[SNIPER] Sniper using SIFT/trace-driven frontend
[SNIPER] Running full application in DETAILED mode
[SNIPER] --------------------------------------------------------------------------------
[SNIPER] Enabling performance models
[SNIPER] Setting instrumentation mode to DETAILED
[STOPBYICOUNT] Periodic at 100011 delta = 100011 elapsed time = 00:00:03
[STOPBYICOUNT] Periodic at 200005 delta = 99994 elapsed time = 00:00:07
[STOPBYICOUNT] Periodic at 300003 delta = 99998 elapsed time = 00:00:10
[STOPBYICOUNT] Periodic at 400001 delta = 99998 elapsed time = 00:00:13
[STOPBYICOUNT] Periodic at 500010 delta = 100009 elapsed time = 00:00:15
[STOPBYICOUNT] Periodic at 600002 delta = 99992 elapsed time = 00:00:18
[STOPBYICOUNT] Periodic at 700003 delta = 100001 elapsed time = 00:00:20
[STOPBYICOUNT] Periodic at 800002 delta = 99999 elapsed time = 00:00:23
[STOPBYICOUNT] Periodic at 900001 delta = 99999 elapsed time = 00:00:26
[STOPBYICOUNT] Periodic at 1000001 delta = 100000 elapsed time = 00:00:28
[STOPBYICOUNT] Periodic at 1100009 delta = 100008 elapsed time = 00:00:30
[STOPBYICOUNT] Periodic at 1200001 delta = 99992 elapsed time = 00:00:32
[STOPBYICOUNT] Periodic at 1300003 delta = 100002 elapsed time = 00:00:34
[STOPBYICOUNT] Periodic at 1400004 delta = 100001 elapsed time = 00:00:36
[STOPBYICOUNT] Periodic at 1500003 delta = 99999 elapsed time = 00:00:38
[STOPBYICOUNT] Periodic at 1600003 delta = 100000 elapsed time = 00:00:40
[STOPBYICOUNT] Periodic at 1700004 delta = 100001 elapsed time = 00:00:43
[STOPBYICOUNT] Periodic at 1800008 delta = 100004 elapsed time = 00:00:45
[STOPBYICOUNT] Periodic at 1900007 delta = 99999 elapsed time = 00:00:47
[STOPBYICOUNT] Periodic at 2000001 delta = 99994 elapsed time = 00:00:49
[STOPBYICOUNT] Periodic at 2100001 delta = 100000 elapsed time = 00:00:51
[STOPBYICOUNT] Periodic at 2200005 delta = 100004 elapsed time = 00:00:53
[STOPBYICOUNT] Periodic at 2300012 delta = 100007 elapsed time = 00:00:55
[STOPBYICOUNT] Periodic at 2400007 delta = 99995 elapsed time = 00:00:57
[STOPBYICOUNT] Periodic at 2500001 delta = 99994 elapsed time = 00:00:59
[STOPBYICOUNT] Periodic at 2600003 delta = 100002 elapsed time = 00:01:01
[STOPBYICOUNT] Periodic at 2700001 delta = 99998 elapsed time = 00:01:03
[STOPBYICOUNT] Periodic at 2800004 delta = 100003 elapsed time = 00:01:05
[STOPBYICOUNT] Periodic at 2900006 delta = 100002 elapsed time = 00:01:07
[STOPBYICOUNT] Periodic at 3000001 delta = 99995 elapsed time = 00:01:09
[STOPBYICOUNT] Periodic at 3100001 delta = 100000 elapsed time = 00:01:11
[STOPBYICOUNT] Periodic at 3200004 delta = 100003 elapsed time = 00:01:13
[STOPBYICOUNT] Periodic at 3300001 delta = 99997 elapsed time = 00:01:15
[STOPBYICOUNT] Periodic at 3400002 delta = 100001 elapsed time = 00:01:17
[STOPBYICOUNT] Periodic at 3500001 delta = 99999 elapsed time = 00:01:19
[STOPBYICOUNT] Periodic at 3600001 delta = 100000 elapsed time = 00:01:21
[STOPBYICOUNT] Periodic at 3700002 delta = 100001 elapsed time = 00:01:23
[STOPBYICOUNT] Periodic at 3800005 delta = 100003 elapsed time = 00:01:26
[STOPBYICOUNT] Periodic at 3900003 delta = 99998 elapsed time = 00:01:29
[STOPBYICOUNT] Periodic at 4000001 delta = 99998 elapsed time = 00:01:31
[STOPBYICOUNT] Periodic at 4100006 delta = 100005 elapsed time = 00:01:33
[STOPBYICOUNT] Periodic at 4200008 delta = 100002 elapsed time = 00:01:35
[STOPBYICOUNT] Periodic at 4300003 delta = 99995 elapsed time = 00:01:38
[STOPBYICOUNT] Periodic at 4400006 delta = 100003 elapsed time = 00:01:40
[STOPBYICOUNT] Periodic at 4500002 delta = 99996 elapsed time = 00:01:42
[STOPBYICOUNT] Periodic at 4600001 delta = 99999 elapsed time = 00:01:44
[STOPBYICOUNT] Periodic at 4700002 delta = 100001 elapsed time = 00:01:47
[STOPBYICOUNT] Periodic at 4800001 delta = 99999 elapsed time = 00:01:49
[STOPBYICOUNT] Periodic at 4900006 delta = 100005 elapsed time = 00:01:51
[STOPBYICOUNT] Periodic at 5000002 delta = 99996 elapsed time = 00:01:53
[STOPBYICOUNT] Periodic at 5100002 delta = 100000 elapsed time = 00:01:55
[STOPBYICOUNT] Periodic at 5200009 delta = 100007 elapsed time = 00:01:57
[STOPBYICOUNT] Periodic at 5300007 delta = 99998 elapsed time = 00:02:00
[STOPBYICOUNT] Periodic at 5400001 delta = 99994 elapsed time = 00:02:03
[STOPBYICOUNT] Periodic at 5500001 delta = 100000 elapsed time = 00:02:05
[STOPBYICOUNT] Periodic at 5600004 delta = 100003 elapsed time = 00:02:07
[STOPBYICOUNT] Periodic at 5700001 delta = 99997 elapsed time = 00:02:10
[STOPBYICOUNT] Periodic at 5800004 delta = 100003 elapsed time = 00:02:13
[STOPBYICOUNT] Periodic at 5900003 delta = 99999 elapsed time = 00:02:15
[STOPBYICOUNT] Periodic at 6000002 delta = 99999 elapsed time = 00:02:17
[STOPBYICOUNT] Periodic at 6100002 delta = 100000 elapsed time = 00:02:19
[STOPBYICOUNT] Periodic at 6200004 delta = 100002 elapsed time = 00:02:21
[STOPBYICOUNT] Periodic at 6300003 delta = 99999 elapsed time = 00:02:24
[STOPBYICOUNT] Periodic at 6400010 delta = 100007 elapsed time = 00:02:26
[STOPBYICOUNT] Periodic at 6500002 delta = 99992 elapsed time = 00:02:28
[STOPBYICOUNT] Periodic at 6600002 delta = 100000 elapsed time = 00:02:31
[STOPBYICOUNT] Periodic at 6700002 delta = 100000 elapsed time = 00:02:33
[STOPBYICOUNT] Periodic at 6800001 delta = 99999 elapsed time = 00:02:35
[STOPBYICOUNT] Periodic at 6900003 delta = 100002 elapsed time = 00:02:37
[STOPBYICOUNT] Periodic at 7000003 delta = 100000 elapsed time = 00:02:41
[STOPBYICOUNT] Periodic at 7100009 delta = 100006 elapsed time = 00:02:43
[STOPBYICOUNT] Periodic at 7200002 delta = 99993 elapsed time = 00:02:45
[STOPBYICOUNT] Periodic at 7300002 delta = 100000 elapsed time = 00:02:48
[STOPBYICOUNT] Periodic at 7400004 delta = 100002 elapsed time = 00:02:50
[STOPBYICOUNT] Periodic at 7500006 delta = 100002 elapsed time = 00:02:52
[STOPBYICOUNT] Periodic at 7600007 delta = 100001 elapsed time = 00:02:54
[STOPBYICOUNT] Periodic at 7700010 delta = 100003 elapsed time = 00:02:57
[STOPBYICOUNT] Periodic at 7800001 delta = 99991 elapsed time = 00:02:59
[STOPBYICOUNT] Periodic at 7900012 delta = 100011 elapsed time = 00:03:01
[STOPBYICOUNT] Periodic at 8000002 delta = 99990 elapsed time = 00:03:03
[STOPBYICOUNT] Periodic at 8100006 delta = 100004 elapsed time = 00:03:05
[STOPBYICOUNT] Periodic at 8200004 delta = 99998 elapsed time = 00:03:07
[STOPBYICOUNT] Periodic at 8300003 delta = 99999 elapsed time = 00:03:10
[STOPBYICOUNT] Periodic at 8400002 delta = 99999 elapsed time = 00:03:12
[STOPBYICOUNT] Periodic at 8500006 delta = 100004 elapsed time = 00:03:14
[STOPBYICOUNT] Periodic at 8600006 delta = 100000 elapsed time = 00:03:16
[STOPBYICOUNT] Periodic at 8700004 delta = 99998 elapsed time = 00:03:18
[STOPBYICOUNT] Periodic at 8800002 delta = 99998 elapsed time = 00:03:20
[STOPBYICOUNT] Periodic at 8900004 delta = 100002 elapsed time = 00:03:23
[STOPBYICOUNT] Periodic at 9000003 delta = 99999 elapsed time = 00:03:25
[STOPBYICOUNT] Periodic at 9100006 delta = 100003 elapsed time = 00:03:28
[STOPBYICOUNT] Periodic at 9200003 delta = 99997 elapsed time = 00:03:30
[STOPBYICOUNT] Periodic at 9300002 delta = 99999 elapsed time = 00:03:32
[STOPBYICOUNT] Periodic at 9400001 delta = 99999 elapsed time = 00:03:35
[STOPBYICOUNT] Periodic at 9500003 delta = 100002 elapsed time = 00:03:37
[STOPBYICOUNT] Periodic at 9600003 delta = 100000 elapsed time = 00:03:39
[STOPBYICOUNT] Periodic at 9700002 delta = 99999 elapsed time = 00:03:41
[STOPBYICOUNT] Periodic at 9800009 delta = 100007 elapsed time = 00:03:43
[STOPBYICOUNT] Periodic at 9900003 delta = 99994 elapsed time = 00:03:46
[STOPBYICOUNT] Periodic at 10000001 delta = 99998 elapsed time = 00:03:48
[STOPBYICOUNT] Periodic at 10100002 delta = 100001 elapsed time = 00:03:50
[STOPBYICOUNT] Periodic at 10200003 delta = 100001 elapsed time = 00:03:54
[STOPBYICOUNT] Periodic at 10300001 delta = 99998 elapsed time = 00:03:58
[STOPBYICOUNT] Periodic at 10400006 delta = 100005 elapsed time = 00:04:00
[STOPBYICOUNT] Periodic at 10500003 delta = 99997 elapsed time = 00:04:02
[STOPBYICOUNT] Periodic at 10600001 delta = 99998 elapsed time = 00:04:04
[STOPBYICOUNT] Periodic at 10700002 delta = 100001 elapsed time = 00:04:07
[STOPBYICOUNT] Periodic at 10800003 delta = 100001 elapsed time = 00:04:09
[STOPBYICOUNT] Periodic at 10900007 delta = 100004 elapsed time = 00:04:12
[STOPBYICOUNT] Periodic at 11000003 delta = 99996 elapsed time = 00:04:14
[STOPBYICOUNT] Periodic at 11100011 delta = 100008 elapsed time = 00:04:16
[STOPBYICOUNT] Periodic at 11200005 delta = 99994 elapsed time = 00:04:18
[STOPBYICOUNT] Periodic at 11300008 delta = 100003 elapsed time = 00:04:20
[STOPBYICOUNT] Periodic at 11400002 delta = 99994 elapsed time = 00:04:23
[STOPBYICOUNT] Periodic at 11500001 delta = 99999 elapsed time = 00:04:25
[STOPBYICOUNT] Periodic at 11600004 delta = 100003 elapsed time = 00:04:27
[STOPBYICOUNT] Periodic at 11700002 delta = 99998 elapsed time = 00:04:30
[STOPBYICOUNT] Periodic at 11800003 delta = 100001 elapsed time = 00:04:32
[STOPBYICOUNT] Periodic at 11900012 delta = 100009 elapsed time = 00:04:34
[STOPBYICOUNT] Periodic at 12000012 delta = 100000 elapsed time = 00:04:36
[STOPBYICOUNT] Periodic at 12100004 delta = 99992 elapsed time = 00:04:39
[STOPBYICOUNT] Periodic at 12200001 delta = 99997 elapsed time = 00:04:41
[STOPBYICOUNT] Periodic at 12300004 delta = 100003 elapsed time = 00:04:43
[STOPBYICOUNT] Periodic at 12400005 delta = 100001 elapsed time = 00:04:45
[STOPBYICOUNT] Periodic at 12500002 delta = 99997 elapsed time = 00:04:48
[STOPBYICOUNT] Periodic at 12600003 delta = 100001 elapsed time = 00:04:50
[STOPBYICOUNT] Periodic at 12700001 delta = 99998 elapsed time = 00:04:52
[STOPBYICOUNT] Periodic at 12800010 delta = 100009 elapsed time = 00:04:54
[STOPBYICOUNT] Periodic at 12900004 delta = 99994 elapsed time = 00:04:57
[STOPBYICOUNT] Periodic at 13000009 delta = 100005 elapsed time = 00:04:59
[STOPBYICOUNT] Periodic at 13100003 delta = 99994 elapsed time = 00:05:01
[STOPBYICOUNT] Periodic at 13200004 delta = 100001 elapsed time = 00:05:03
[STOPBYICOUNT] Periodic at 13300001 delta = 99997 elapsed time = 00:05:05
[STOPBYICOUNT] Periodic at 13400002 delta = 100001 elapsed time = 00:05:07
