[SNIPER] (0) Using trace file /root/codes/Victima/traces/cc.sift
[SNIPER] Start here
True
[SNIPER] Running ['bash', '-c', '/root/codes/Victima/sniper/lib/sniper -c /root/codes/Victima/sniper/config/base.cfg --general/total_cores=1 --general/output_dir=/root/codes/UniNDP-virtuoso/CPU-cuckoo-potm-virtualized-128K/1core/cc -g --traceinput/mirror_output=true --config=/root/codes/Victima/sniper/config/nehalem.cfg --config=/root/codes/Victima/sniper/config/utopia_motivation_baseline.cfg --config=/root/codes/Victima/sniper/config/virtual_memory_configs/common_translation.cfg --config=/root/codes/Victima/sniper/config/UniNDP/configs/UniNDP_baseline_CPU.cfg --config=/root/codes/Victima/sniper/config/UniNDP/CPU/baseline_CPU_1core_cuckoo_potm_channel_128K.cfg --perf_model/ptw/enabled=false --perf_model/ptw/virtualized=true -g --traceinput/stop_with_first_app=true -g --traceinput/restart_apps=false -g --hooks/numscripts=1 -g --hooks/script0name=/root/codes/UniNDP-virtuoso/CPU-cuckoo-potm-virtualized-128K/1core/cc/sim.scripts.py -g --hooks/script0args= -g --traceinput/enabled=true -g --traceinput/emulate_syscalls=false -g --traceinput/num_apps=1 -g --traceinput/thread_0=/root/codes/Victima/traces/cc.sift']
<subprocess.Popen object at 0x150e75d41a90>
Starting simLet's load config
config_path
Allocating Simulator
Hello from simulator's constructor
Hello from simulator
Supporting 2page sizes: 12, 21,
Creating pwc_L4 cache with 4 sets, 4-way associative, 8B blocksize
Creating pwc_L3 cache with 4 sets, 4-way associative, 8B blocksize
Creating pwc_L2 cache with 8 sets, 4-way associative, 8B blocksize
0
0
60
100
PWC1
Registered special metric: ptw_latency_heatmap
Registered special metric: ptw_latency_heatmap
Registered special metric: ptw_latency_heatmap
Creating nested_tlb_cache cache with 16 sets, 4-way associative, 4096B blocksize
[VM] CUCKOO POTM is enabled
Instantiating Cuckoo Software-managed TLB across_channels
Creating a 8-ary Cuckoo hashtable
Hash function city
Total number of slots 16384
Hash-size 11
Creating a 8-ary Cuckoo hashtable
Hash function city
Total number of slots 16384
Hash-size 11
Creating stlb_cache cache with 128 sets, 12-way associative, 4096B blocksize
Creating itlb_cache cache with 16 sets, 8-way associative, 4096B blocksize
Creating dtlb_cache cache with 16 sets, 4-way associative, 4096B blocksize
Registered special metric: L2_TLB_miss_per_page
Registering cache time series
Registered special metric: cache_timeseries
Creating nuca-cache cache with 2048 sets, 16-way associative, 64B blocksize
Attaching Nuca to PTW
Core : 0
Directory type : limited_no_broadcast
Total Entries : 33554432
Associativity : 16
Cache Block Size : 64
Max hw sharers : 64
Max Num Sharers : 1
Initializing cache L 2
Creating L1-I cache with 64 sets, 8-way associative, 64B blocksize
Initializing cache L 3
Creating L1-D cache with 64 sets, 8-way associative, 64B blocksize
Initializing cache L 4
Creating L2 cache with 64 sets, 8-way associative, 64B blocksize
Initializing cache L 5
Creating L3 cache with 512 sets, 16-way associative, 64B blocksize
Executing Python script /root/codes/UniNDP-virtuoso/CPU-cuckoo-potm-virtualized-128K/1core/cc/sim.scripts.py
[STOPBYICOUNT] Starting in ROI (detail)
[STOPBYICOUNT] Then stopping after simulating at least 500000000 instructions in detail
[SNIPER] --------------------------------------------------------------------------------
[SNIPER] Sniper using SIFT/trace-driven frontend
[SNIPER] Running full application in DETAILED mode
[SNIPER] --------------------------------------------------------------------------------
[SNIPER] Enabling performance models
[SNIPER] Setting instrumentation mode to DETAILED
[STOPBYICOUNT] Periodic at 100001 delta = 100001 elapsed time = 00:00:01
[STOPBYICOUNT] Periodic at 200002 delta = 100001 elapsed time = 00:00:05
[STOPBYICOUNT] Periodic at 300008 delta = 100006 elapsed time = 00:00:08
[STOPBYICOUNT] Periodic at 400003 delta = 99995 elapsed time = 00:00:10
[STOPBYICOUNT] Periodic at 500003 delta = 100000 elapsed time = 00:00:12
[STOPBYICOUNT] Periodic at 600001 delta = 99998 elapsed time = 00:00:14
[STOPBYICOUNT] Periodic at 700003 delta = 100002 elapsed time = 00:00:15
[STOPBYICOUNT] Periodic at 800003 delta = 100000 elapsed time = 00:00:18
[STOPBYICOUNT] Periodic at 900003 delta = 100000 elapsed time = 00:00:22
[STOPBYICOUNT] Periodic at 1000009 delta = 100006 elapsed time = 00:00:24
[STOPBYICOUNT] Periodic at 1100003 delta = 99994 elapsed time = 00:00:28
[STOPBYICOUNT] Periodic at 1200002 delta = 99999 elapsed time = 00:00:32
[STOPBYICOUNT] Periodic at 1300007 delta = 100005 elapsed time = 00:00:37
[STOPBYICOUNT] Periodic at 1400002 delta = 99995 elapsed time = 00:00:40
[STOPBYICOUNT] Periodic at 1500001 delta = 99999 elapsed time = 00:00:44
[STOPBYICOUNT] Periodic at 1600008 delta = 100007 elapsed time = 00:00:48
[STOPBYICOUNT] Periodic at 1700001 delta = 99993 elapsed time = 00:00:52
[STOPBYICOUNT] Periodic at 1800002 delta = 100001 elapsed time = 00:00:56
[STOPBYICOUNT] Periodic at 1900004 delta = 100002 elapsed time = 00:01:00
[STOPBYICOUNT] Periodic at 2000002 delta = 99998 elapsed time = 00:01:04
[STOPBYICOUNT] Periodic at 2100009 delta = 100007 elapsed time = 00:01:06
[STOPBYICOUNT] Periodic at 2200002 delta = 99993 elapsed time = 00:01:08
[STOPBYICOUNT] Periodic at 2300003 delta = 100001 elapsed time = 00:01:12
[STOPBYICOUNT] Periodic at 2400002 delta = 99999 elapsed time = 00:01:17
[STOPBYICOUNT] Periodic at 2500001 delta = 99999 elapsed time = 00:01:21
[STOPBYICOUNT] Periodic at 2600003 delta = 100002 elapsed time = 00:01:25
[STOPBYICOUNT] Periodic at 2700003 delta = 100000 elapsed time = 00:01:28
[STOPBYICOUNT] Periodic at 2800007 delta = 100004 elapsed time = 00:01:30
[STOPBYICOUNT] Periodic at 2900005 delta = 99998 elapsed time = 00:01:33
[STOPBYICOUNT] Periodic at 3000003 delta = 99998 elapsed time = 00:01:35
[STOPBYICOUNT] Periodic at 3100004 delta = 100001 elapsed time = 00:01:37
[STOPBYICOUNT] Periodic at 3200006 delta = 100002 elapsed time = 00:01:40
[STOPBYICOUNT] Periodic at 3300002 delta = 99996 elapsed time = 00:01:42
[STOPBYICOUNT] Periodic at 3400003 delta = 100001 elapsed time = 00:01:45
[STOPBYICOUNT] Periodic at 3500002 delta = 99999 elapsed time = 00:01:48
[STOPBYICOUNT] Periodic at 3600005 delta = 100003 elapsed time = 00:01:50
[STOPBYICOUNT] Periodic at 3700006 delta = 100001 elapsed time = 00:01:53
[STOPBYICOUNT] Periodic at 3800002 delta = 99996 elapsed time = 00:01:57
[STOPBYICOUNT] Periodic at 3900003 delta = 100001 elapsed time = 00:02:00
[STOPBYICOUNT] Periodic at 4000003 delta = 100000 elapsed time = 00:02:05
[STOPBYICOUNT] Periodic at 4100026 delta = 100023 elapsed time = 00:02:09
[STOPBYICOUNT] Periodic at 4200001 delta = 99975 elapsed time = 00:02:13
[STOPBYICOUNT] Periodic at 4300001 delta = 100000 elapsed time = 00:02:16
[STOPBYICOUNT] Periodic at 4400001 delta = 100000 elapsed time = 00:02:21
[STOPBYICOUNT] Periodic at 4500012 delta = 100011 elapsed time = 00:02:25
[STOPBYICOUNT] Periodic at 4600002 delta = 99990 elapsed time = 00:02:28
[STOPBYICOUNT] Periodic at 4700004 delta = 100002 elapsed time = 00:02:30
[STOPBYICOUNT] Periodic at 4800002 delta = 99998 elapsed time = 00:02:32
[STOPBYICOUNT] Periodic at 4900004 delta = 100002 elapsed time = 00:02:36
[STOPBYICOUNT] Periodic at 5000001 delta = 99997 elapsed time = 00:02:41
[STOPBYICOUNT] Periodic at 5100002 delta = 100001 elapsed time = 00:02:43
[STOPBYICOUNT] Periodic at 5200001 delta = 99999 elapsed time = 00:02:48
[STOPBYICOUNT] Periodic at 5300002 delta = 100001 elapsed time = 00:02:51
[STOPBYICOUNT] Periodic at 5400002 delta = 100000 elapsed time = 00:02:53
[STOPBYICOUNT] Periodic at 5500003 delta = 100001 elapsed time = 00:02:58
[STOPBYICOUNT] Periodic at 5600003 delta = 100000 elapsed time = 00:03:02
[STOPBYICOUNT] Periodic at 5700001 delta = 99998 elapsed time = 00:03:04
[STOPBYICOUNT] Periodic at 5800002 delta = 100001 elapsed time = 00:03:06
[STOPBYICOUNT] Periodic at 5900002 delta = 100000 elapsed time = 00:03:08
[STOPBYICOUNT] Periodic at 6000002 delta = 100000 elapsed time = 00:03:10
[STOPBYICOUNT] Periodic at 6100002 delta = 100000 elapsed time = 00:03:12
[STOPBYICOUNT] Periodic at 6200001 delta = 99999 elapsed time = 00:03:15
[STOPBYICOUNT] Periodic at 6300004 delta = 100003 elapsed time = 00:03:17
[STOPBYICOUNT] Periodic at 6400004 delta = 100000 elapsed time = 00:03:21
[STOPBYICOUNT] Periodic at 6500006 delta = 100002 elapsed time = 00:03:26
[STOPBYICOUNT] Periodic at 6600004 delta = 99998 elapsed time = 00:03:30
[STOPBYICOUNT] Periodic at 6700001 delta = 99997 elapsed time = 00:03:34
[STOPBYICOUNT] Periodic at 6800006 delta = 100005 elapsed time = 00:03:38
[STOPBYICOUNT] Periodic at 6900007 delta = 100001 elapsed time = 00:03:41
[STOPBYICOUNT] Periodic at 7000002 delta = 99995 elapsed time = 00:03:44
[STOPBYICOUNT] Periodic at 7100006 delta = 100004 elapsed time = 00:03:46
[STOPBYICOUNT] Periodic at 7200002 delta = 99996 elapsed time = 00:03:48
[STOPBYICOUNT] Periodic at 7300001 delta = 99999 elapsed time = 00:03:50
[STOPBYICOUNT] Periodic at 7400001 delta = 100000 elapsed time = 00:03:52
[STOPBYICOUNT] Periodic at 7500001 delta = 100000 elapsed time = 00:03:54
[STOPBYICOUNT] Periodic at 7600001 delta = 100000 elapsed time = 00:03:56
[STOPBYICOUNT] Periodic at 7700001 delta = 100000 elapsed time = 00:03:58
[STOPBYICOUNT] Periodic at 7800001 delta = 100000 elapsed time = 00:04:00
[STOPBYICOUNT] Periodic at 7900003 delta = 100002 elapsed time = 00:04:01
[STOPBYICOUNT] Periodic at 8000001 delta = 99998 elapsed time = 00:04:05
[STOPBYICOUNT] Periodic at 8100003 delta = 100002 elapsed time = 00:04:07
[STOPBYICOUNT] Periodic at 8200003 delta = 100000 elapsed time = 00:04:09
[STOPBYICOUNT] Periodic at 8300001 delta = 99998 elapsed time = 00:04:12
[STOPBYICOUNT] Periodic at 8400007 delta = 100006 elapsed time = 00:04:13
[STOPBYICOUNT] Periodic at 8500002 delta = 99995 elapsed time = 00:04:18
[STOPBYICOUNT] Periodic at 8600003 delta = 100001 elapsed time = 00:04:22
[STOPBYICOUNT] Periodic at 8700003 delta = 100000 elapsed time = 00:04:26
[STOPBYICOUNT] Periodic at 8800003 delta = 100000 elapsed time = 00:04:31
[STOPBYICOUNT] Periodic at 8900002 delta = 99999 elapsed time = 00:04:35
[STOPBYICOUNT] Periodic at 9000007 delta = 100005 elapsed time = 00:04:39
[STOPBYICOUNT] Periodic at 9100002 delta = 99995 elapsed time = 00:04:43
[STOPBYICOUNT] Periodic at 9200007 delta = 100005 elapsed time = 00:04:45
[STOPBYICOUNT] Periodic at 9300001 delta = 99994 elapsed time = 00:04:47
[STOPBYICOUNT] Periodic at 9400008 delta = 100007 elapsed time = 00:04:51
[STOPBYICOUNT] Periodic at 9500001 delta = 99993 elapsed time = 00:04:55
[STOPBYICOUNT] Periodic at 9600001 delta = 100000 elapsed time = 00:05:00
[STOPBYICOUNT] Periodic at 9700001 delta = 100000 elapsed time = 00:05:02
