[SNIPER] (0) Using trace file /root/codes/Victima/traces/gc.sift
[SNIPER] (1) Using trace file /root/codes/Victima/traces/gc.sift
[SNIPER] (2) Using trace file /root/codes/Victima/traces/gc.sift
[SNIPER] (3) Using trace file /root/codes/Victima/traces/gc.sift
[SNIPER] (4) Using trace file /root/codes/Victima/traces/gc.sift
[SNIPER] (5) Using trace file /root/codes/Victima/traces/gc.sift
[SNIPER] (6) Using trace file /root/codes/Victima/traces/gc.sift
[SNIPER] (7) Using trace file /root/codes/Victima/traces/gc.sift
[SNIPER] Start here
True
[SNIPER] Running ['bash', '-c', '/root/codes/Victima/sniper/lib/sniper -c /root/codes/Victima/sniper/config/base.cfg --general/total_cores=1 --general/output_dir=/root/codes/8CORE/STLB/8core/gc -g --traceinput/mirror_output=true --config=/root/codes/Victima/sniper/config/nehalem.cfg --config=/root/codes/Victima/sniper/config/utopia_motivation_baseline.cfg --config=/root/codes/Victima/sniper/config/virtual_memory_configs/common_translation.cfg --config=/root/codes/Victima/sniper/config/UniNDP/configs/UniNDP_baseline_CPU_hbm.cfg --config=/root/codes/Victima/sniper/config/UniNDP/CPU-HBM/baseline_CPU_8core_potm.cfg -g --traceinput/stop_with_first_app=true -g --traceinput/restart_apps=false -g --hooks/numscripts=1 -g --hooks/script0name=/root/codes/8CORE/STLB/8core/gc/sim.scripts.py -g --hooks/script0args= -g --traceinput/enabled=true -g --traceinput/emulate_syscalls=false -g --traceinput/num_apps=8 -g --traceinput/thread_0=/root/codes/Victima/traces/gc.sift -g --traceinput/thread_1=/root/codes/Victima/traces/gc.sift -g --traceinput/thread_2=/root/codes/Victima/traces/gc.sift -g --traceinput/thread_3=/root/codes/Victima/traces/gc.sift -g --traceinput/thread_4=/root/codes/Victima/traces/gc.sift -g --traceinput/thread_5=/root/codes/Victima/traces/gc.sift -g --traceinput/thread_6=/root/codes/Victima/traces/gc.sift -g --traceinput/thread_7=/root/codes/Victima/traces/gc.sift']
<subprocess.Popen object at 0x14d6b2fd5a90>
Starting simLet's load config
config_path
Allocating Simulator
Hello from simulator's constructor
Hello from simulator
Supporting 2page sizes: 12, 21,
Creating pwc_L4 cache with 4 sets, 4-way associative, 8B blocksize
Creating pwc_L3 cache with 4 sets, 4-way associative, 8B blocksize
Creating pwc_L2 cache with 8 sets, 4-way associative, 8B blocksize
0
0
60
100
Registered special metric: ptw_latency_heatmap
[VM] POTM is enabled
Creating potm_tlb_cache cache with 16384 sets, 16-way associative, 4096B blocksize
[VM] POTM: Setting up POTM data structure as L3 TLB with 262144 entries
Creating stlb_cache cache with 128 sets, 12-way associative, 4096B blocksize
Creating itlb_cache cache with 16 sets, 8-way associative, 4096B blocksize
Creating dtlb_cache cache with 16 sets, 4-way associative, 4096B blocksize
Registered special metric: L2_TLB_miss_per_page
Registering cache time series
Registered special metric: cache_timeseries
Creating nuca-cache cache with 16384 sets, 16-way associative, 64B blocksize
Attaching Nuca to PTW
Core : 0
Directory type : limited_no_broadcast
Total Entries : 33554432
Associativity : 16
Cache Block Size : 64
Max hw sharers : 64
Max Num Sharers : 8
Initializing cache L 2
Creating L1-I cache with 64 sets, 8-way associative, 64B blocksize
Initializing cache L 3
Creating L1-D cache with 64 sets, 8-way associative, 64B blocksize
Initializing cache L 4
Creating L2 cache with 64 sets, 8-way associative, 64B blocksize
Initializing cache L 5
Creating L3 cache with 512 sets, 16-way associative, 64B blocksize
Supporting 2page sizes: 12, 21,
Creating pwc_L4 cache with 4 sets, 4-way associative, 8B blocksize
Creating pwc_L3 cache with 4 sets, 4-way associative, 8B blocksize
Creating pwc_L2 cache with 8 sets, 4-way associative, 8B blocksize
0
0
60
100
Registered special metric: ptw_latency_heatmap
[VM] POTM is enabled
Creating potm_tlb_cache cache with 16384 sets, 16-way associative, 4096B blocksize
[VM] POTM: Setting up POTM data structure as L3 TLB with 262144 entries
Creating stlb_cache cache with 128 sets, 12-way associative, 4096B blocksize
Creating itlb_cache cache with 16 sets, 8-way associative, 4096B blocksize
Creating dtlb_cache cache with 16 sets, 4-way associative, 4096B blocksize
Registered special metric: L2_TLB_miss_per_page
Registering cache time series
Registered special metric: cache_timeseries
Creating nuca-cache cache with 16384 sets, 16-way associative, 64B blocksize
Attaching Nuca to PTW
Core : 1
Directory type : limited_no_broadcast
Total Entries : 33554432
Associativity : 16
Cache Block Size : 64
Max hw sharers : 64
Max Num Sharers : 8
Initializing cache L 2
Creating L1-I cache with 64 sets, 8-way associative, 64B blocksize
Initializing cache L 3
Creating L1-D cache with 64 sets, 8-way associative, 64B blocksize
Initializing cache L 4
Creating L2 cache with 64 sets, 8-way associative, 64B blocksize
Initializing cache L 5
Creating L3 cache with 512 sets, 16-way associative, 64B blocksize
Supporting 2page sizes: 12, 21,
Creating pwc_L4 cache with 4 sets, 4-way associative, 8B blocksize
Creating pwc_L3 cache with 4 sets, 4-way associative, 8B blocksize
Creating pwc_L2 cache with 8 sets, 4-way associative, 8B blocksize
0
0
60
100
Registered special metric: ptw_latency_heatmap
[VM] POTM is enabled
Creating potm_tlb_cache cache with 16384 sets, 16-way associative, 4096B blocksize
[VM] POTM: Setting up POTM data structure as L3 TLB with 262144 entries
Creating stlb_cache cache with 128 sets, 12-way associative, 4096B blocksize
Creating itlb_cache cache with 16 sets, 8-way associative, 4096B blocksize
Creating dtlb_cache cache with 16 sets, 4-way associative, 4096B blocksize
Registered special metric: L2_TLB_miss_per_page
Registering cache time series
Registered special metric: cache_timeseries
Creating nuca-cache cache with 16384 sets, 16-way associative, 64B blocksize
Attaching Nuca to PTW
Core : 2
Directory type : limited_no_broadcast
Total Entries : 33554432
Associativity : 16
Cache Block Size : 64
Max hw sharers : 64
Max Num Sharers : 8
Initializing cache L 2
Creating L1-I cache with 64 sets, 8-way associative, 64B blocksize
Initializing cache L 3
Creating L1-D cache with 64 sets, 8-way associative, 64B blocksize
Initializing cache L 4
Creating L2 cache with 64 sets, 8-way associative, 64B blocksize
Initializing cache L 5
Creating L3 cache with 512 sets, 16-way associative, 64B blocksize
Supporting 2page sizes: 12, 21,
Creating pwc_L4 cache with 4 sets, 4-way associative, 8B blocksize
Creating pwc_L3 cache with 4 sets, 4-way associative, 8B blocksize
Creating pwc_L2 cache with 8 sets, 4-way associative, 8B blocksize
0
0
60
100
Registered special metric: ptw_latency_heatmap
[VM] POTM is enabled
Creating potm_tlb_cache cache with 16384 sets, 16-way associative, 4096B blocksize
[VM] POTM: Setting up POTM data structure as L3 TLB with 262144 entries
Creating stlb_cache cache with 128 sets, 12-way associative, 4096B blocksize
Creating itlb_cache cache with 16 sets, 8-way associative, 4096B blocksize
Creating dtlb_cache cache with 16 sets, 4-way associative, 4096B blocksize
Registered special metric: L2_TLB_miss_per_page
Registering cache time series
Registered special metric: cache_timeseries
Creating nuca-cache cache with 16384 sets, 16-way associative, 64B blocksize
Attaching Nuca to PTW
Core : 3
Directory type : limited_no_broadcast
Total Entries : 33554432
Associativity : 16
Cache Block Size : 64
Max hw sharers : 64
Max Num Sharers : 8
Initializing cache L 2
Creating L1-I cache with 64 sets, 8-way associative, 64B blocksize
Initializing cache L 3
Creating L1-D cache with 64 sets, 8-way associative, 64B blocksize
Initializing cache L 4
Creating L2 cache with 64 sets, 8-way associative, 64B blocksize
Initializing cache L 5
Creating L3 cache with 512 sets, 16-way associative, 64B blocksize
Supporting 2page sizes: 12, 21,
Creating pwc_L4 cache with 4 sets, 4-way associative, 8B blocksize
Creating pwc_L3 cache with 4 sets, 4-way associative, 8B blocksize
Creating pwc_L2 cache with 8 sets, 4-way associative, 8B blocksize
0
0
60
100
Registered special metric: ptw_latency_heatmap
[VM] POTM is enabled
Creating potm_tlb_cache cache with 16384 sets, 16-way associative, 4096B blocksize
[VM] POTM: Setting up POTM data structure as L3 TLB with 262144 entries
Creating stlb_cache cache with 128 sets, 12-way associative, 4096B blocksize
Creating itlb_cache cache with 16 sets, 8-way associative, 4096B blocksize
Creating dtlb_cache cache with 16 sets, 4-way associative, 4096B blocksize
Registered special metric: L2_TLB_miss_per_page
Registering cache time series
Registered special metric: cache_timeseries
Creating nuca-cache cache with 16384 sets, 16-way associative, 64B blocksize
Attaching Nuca to PTW
Core : 4
Directory type : limited_no_broadcast
Total Entries : 33554432
Associativity : 16
Cache Block Size : 64
Max hw sharers : 64
Max Num Sharers : 8
Initializing cache L 2
Creating L1-I cache with 64 sets, 8-way associative, 64B blocksize
Initializing cache L 3
Creating L1-D cache with 64 sets, 8-way associative, 64B blocksize
Initializing cache L 4
Creating L2 cache with 64 sets, 8-way associative, 64B blocksize
Initializing cache L 5
Creating L3 cache with 512 sets, 16-way associative, 64B blocksize
Supporting 2page sizes: 12, 21,
Creating pwc_L4 cache with 4 sets, 4-way associative, 8B blocksize
Creating pwc_L3 cache with 4 sets, 4-way associative, 8B blocksize
Creating pwc_L2 cache with 8 sets, 4-way associative, 8B blocksize
0
0
60
100
Registered special metric: ptw_latency_heatmap
[VM] POTM is enabled
Creating potm_tlb_cache cache with 16384 sets, 16-way associative, 4096B blocksize
[VM] POTM: Setting up POTM data structure as L3 TLB with 262144 entries
Creating stlb_cache cache with 128 sets, 12-way associative, 4096B blocksize
Creating itlb_cache cache with 16 sets, 8-way associative, 4096B blocksize
Creating dtlb_cache cache with 16 sets, 4-way associative, 4096B blocksize
Registered special metric: L2_TLB_miss_per_page
Registering cache time series
Registered special metric: cache_timeseries
Creating nuca-cache cache with 16384 sets, 16-way associative, 64B blocksize
Attaching Nuca to PTW
Core : 5
Directory type : limited_no_broadcast
Total Entries : 33554432
Associativity : 16
Cache Block Size : 64
Max hw sharers : 64
Max Num Sharers : 8
Initializing cache L 2
Creating L1-I cache with 64 sets, 8-way associative, 64B blocksize
Initializing cache L 3
Creating L1-D cache with 64 sets, 8-way associative, 64B blocksize
Initializing cache L 4
Creating L2 cache with 64 sets, 8-way associative, 64B blocksize
Initializing cache L 5
Creating L3 cache with 512 sets, 16-way associative, 64B blocksize
Supporting 2page sizes: 12, 21,
Creating pwc_L4 cache with 4 sets, 4-way associative, 8B blocksize
Creating pwc_L3 cache with 4 sets, 4-way associative, 8B blocksize
Creating pwc_L2 cache with 8 sets, 4-way associative, 8B blocksize
0
0
60
100
Registered special metric: ptw_latency_heatmap
[VM] POTM is enabled
Creating potm_tlb_cache cache with 16384 sets, 16-way associative, 4096B blocksize
[VM] POTM: Setting up POTM data structure as L3 TLB with 262144 entries
Creating stlb_cache cache with 128 sets, 12-way associative, 4096B blocksize
Creating itlb_cache cache with 16 sets, 8-way associative, 4096B blocksize
Creating dtlb_cache cache with 16 sets, 4-way associative, 4096B blocksize
Registered special metric: L2_TLB_miss_per_page
Registering cache time series
Registered special metric: cache_timeseries
Creating nuca-cache cache with 16384 sets, 16-way associative, 64B blocksize
Attaching Nuca to PTW
Core : 6
Directory type : limited_no_broadcast
Total Entries : 33554432
Associativity : 16
Cache Block Size : 64
Max hw sharers : 64
Max Num Sharers : 8
Initializing cache L 2
Creating L1-I cache with 64 sets, 8-way associative, 64B blocksize
Initializing cache L 3
Creating L1-D cache with 64 sets, 8-way associative, 64B blocksize
Initializing cache L 4
Creating L2 cache with 64 sets, 8-way associative, 64B blocksize
Initializing cache L 5
Creating L3 cache with 512 sets, 16-way associative, 64B blocksize
Supporting 2page sizes: 12, 21,
Creating pwc_L4 cache with 4 sets, 4-way associative, 8B blocksize
Creating pwc_L3 cache with 4 sets, 4-way associative, 8B blocksize
Creating pwc_L2 cache with 8 sets, 4-way associative, 8B blocksize
0
0
60
100
Registered special metric: ptw_latency_heatmap
[VM] POTM is enabled
Creating potm_tlb_cache cache with 16384 sets, 16-way associative, 4096B blocksize
[VM] POTM: Setting up POTM data structure as L3 TLB with 262144 entries
Creating stlb_cache cache with 128 sets, 12-way associative, 4096B blocksize
Creating itlb_cache cache with 16 sets, 8-way associative, 4096B blocksize
Creating dtlb_cache cache with 16 sets, 4-way associative, 4096B blocksize
Registered special metric: L2_TLB_miss_per_page
Registering cache time series
Registered special metric: cache_timeseries
Creating nuca-cache cache with 16384 sets, 16-way associative, 64B blocksize
Attaching Nuca to PTW
Core : 7
Directory type : limited_no_broadcast
Total Entries : 33554432
Associativity : 16
Cache Block Size : 64
Max hw sharers : 64
Max Num Sharers : 8
Initializing cache L 2
Creating L1-I cache with 64 sets, 8-way associative, 64B blocksize
Initializing cache L 3
Creating L1-D cache with 64 sets, 8-way associative, 64B blocksize
Initializing cache L 4
Creating L2 cache with 64 sets, 8-way associative, 64B blocksize
Initializing cache L 5
Creating L3 cache with 512 sets, 16-way associative, 64B blocksize
Executing Python script /root/codes/8CORE/STLB/8core/gc/sim.scripts.py
[STOPBYICOUNT] Starting in ROI (detail)
[STOPBYICOUNT] Then stopping after simulating at least 4000000000 instructions in detail
[SNIPER] --------------------------------------------------------------------------------
[SNIPER] Sniper using SIFT/trace-driven frontend
[SNIPER] Running full application in DETAILED mode
[SNIPER] --------------------------------------------------------------------------------
[SNIPER] Enabling performance models
[SNIPER] Setting instrumentation mode to DETAILED
[STOPBYICOUNT] Periodic at 100028 delta = 100028 elapsed time = 00:00:08
[STOPBYICOUNT] Periodic at 200044 delta = 100016 elapsed time = 00:00:11
[STOPBYICOUNT] Periodic at 300036 delta = 99992 elapsed time = 00:00:14
[STOPBYICOUNT] Periodic at 400008 delta = 99972 elapsed time = 00:00:17
[STOPBYICOUNT] Periodic at 500026 delta = 100018 elapsed time = 00:00:22
[STOPBYICOUNT] Periodic at 600076 delta = 100050 elapsed time = 00:00:25
[STOPBYICOUNT] Periodic at 700042 delta = 99966 elapsed time = 00:00:28
[STOPBYICOUNT] Periodic at 800088 delta = 100046 elapsed time = 00:00:31
[STOPBYICOUNT] Periodic at 900020 delta = 99932 elapsed time = 00:00:36
[STOPBYICOUNT] Periodic at 1000020 delta = 100000 elapsed time = 00:00:39
[STOPBYICOUNT] Periodic at 1100026 delta = 100006 elapsed time = 00:00:42
[STOPBYICOUNT] Periodic at 1200096 delta = 100070 elapsed time = 00:00:44
[STOPBYICOUNT] Periodic at 1300070 delta = 99974 elapsed time = 00:00:50
[STOPBYICOUNT] Periodic at 1400028 delta = 99958 elapsed time = 00:00:52
[STOPBYICOUNT] Periodic at 1500010 delta = 99982 elapsed time = 00:00:55
[STOPBYICOUNT] Periodic at 1600040 delta = 100030 elapsed time = 00:00:58
[STOPBYICOUNT] Periodic at 1700034 delta = 99994 elapsed time = 00:01:02
[STOPBYICOUNT] Periodic at 1800052 delta = 100018 elapsed time = 00:01:05
[STOPBYICOUNT] Periodic at 1900022 delta = 99970 elapsed time = 00:01:08
[STOPBYICOUNT] Periodic at 2000032 delta = 100010 elapsed time = 00:01:11
[STOPBYICOUNT] Periodic at 2100048 delta = 100016 elapsed time = 00:01:16
[STOPBYICOUNT] Periodic at 2200080 delta = 100032 elapsed time = 00:01:18
[STOPBYICOUNT] Periodic at 2300034 delta = 99954 elapsed time = 00:01:21
[STOPBYICOUNT] Periodic at 2400024 delta = 99990 elapsed time = 00:01:23
[STOPBYICOUNT] Periodic at 2500020 delta = 99996 elapsed time = 00:01:28
[STOPBYICOUNT] Periodic at 2600012 delta = 99992 elapsed time = 00:01:30
[STOPBYICOUNT] Periodic at 2700034 delta = 100022 elapsed time = 00:01:33
[STOPBYICOUNT] Periodic at 2800008 delta = 99974 elapsed time = 00:01:35
[STOPBYICOUNT] Periodic at 2900020 delta = 100012 elapsed time = 00:01:40
[STOPBYICOUNT] Periodic at 3000036 delta = 100016 elapsed time = 00:01:42
[STOPBYICOUNT] Periodic at 3100046 delta = 100010 elapsed time = 00:01:45
[STOPBYICOUNT] Periodic at 3200008 delta = 99962 elapsed time = 00:01:47
[STOPBYICOUNT] Periodic at 3300020 delta = 100012 elapsed time = 00:01:52
[STOPBYICOUNT] Periodic at 3400048 delta = 100028 elapsed time = 00:01:55
[STOPBYICOUNT] Periodic at 3500022 delta = 99974 elapsed time = 00:01:57
[STOPBYICOUNT] Periodic at 3600024 delta = 100002 elapsed time = 00:02:00
[STOPBYICOUNT] Periodic at 3700014 delta = 99990 elapsed time = 00:02:04
[STOPBYICOUNT] Periodic at 3800064 delta = 100050 elapsed time = 00:02:07
[STOPBYICOUNT] Periodic at 3900042 delta = 99978 elapsed time = 00:02:09
[STOPBYICOUNT] Periodic at 4000080 delta = 100038 elapsed time = 00:02:11
[STOPBYICOUNT] Periodic at 4100024 delta = 99944 elapsed time = 00:02:16
[STOPBYICOUNT] Periodic at 4200068 delta = 100044 elapsed time = 00:02:19
[STOPBYICOUNT] Periodic at 4300022 delta = 99954 elapsed time = 00:02:21
[STOPBYICOUNT] Periodic at 4400056 delta = 100034 elapsed time = 00:02:23
[STOPBYICOUNT] Periodic at 4500028 delta = 99972 elapsed time = 00:02:28
[STOPBYICOUNT] Periodic at 4600028 delta = 100000 elapsed time = 00:02:31
[STOPBYICOUNT] Periodic at 4700016 delta = 99988 elapsed time = 00:02:33
[STOPBYICOUNT] Periodic at 4800016 delta = 100000 elapsed time = 00:02:35
[STOPBYICOUNT] Periodic at 4900046 delta = 100030 elapsed time = 00:02:40
[STOPBYICOUNT] Periodic at 5000020 delta = 99974 elapsed time = 00:02:42
[STOPBYICOUNT] Periodic at 5100042 delta = 100022 elapsed time = 00:02:45
[STOPBYICOUNT] Periodic at 5200040 delta = 99998 elapsed time = 00:02:47
[STOPBYICOUNT] Periodic at 5300018 delta = 99978 elapsed time = 00:02:52
[STOPBYICOUNT] Periodic at 5400020 delta = 100002 elapsed time = 00:02:54
[STOPBYICOUNT] Periodic at 5500010 delta = 99990 elapsed time = 00:02:56
[STOPBYICOUNT] Periodic at 5600024 delta = 100014 elapsed time = 00:02:59

[SNIPER] Internal exception: Segmentation fault. Access Address = 0x656d79

61758 139
inside nested try
inside try
0
[SNIPER] End
[SNIPER] Elapsed time: 188.28 seconds
------------------------------------------------------------
Segmentation fault. Access Address = 0x656d79

Backtrace:
pagetable_walker_radix.cc:ParametricDramDirectoryMSI::PageTableWalkerRadix::init_walk_recursive_functional:288
tlb.cc:ParametricDramDirectoryMSI::TLB::lookup:133
tlb.cc:ParametricDramDirectoryMSI::TLB::lookup:326
tlb.cc:ParametricDramDirectoryMSI::TLB::lookup:187
memory_manager.cc:ParametricDramDirectoryMSI::MemoryManager::accessTLBSubsystem:1065
memory_manager.cc:ParametricDramDirectoryMSI::MemoryManager::performAddressTranslation:991
memory_manager.cc:ParametricDramDirectoryMSI::MemoryManager::coreInitiateMemoryAccess:900
core.cc:Core::initiateMemoryAccess:391
core.cc:Core::accessMemory:491
rob_timer.cc:RobTimer::issueInstruction:584 (discriminator 4)
rob_timer.cc:RobTimer::doIssue:773
rob_timer.cc:RobTimer::execute:902
subsecond_time.h:SubsecondTime::operator+=:91
subsecond_time.h:SubsecondTime::SubsecondTime:70
------------------------------------------------------------
