[SNIPER] (0) Using trace file /root/codes/Victima/traces/pr.sift
[SNIPER] Start here
True
[SNIPER] Running ['bash', '-c', '/root/codes/Victima/sniper/lib/sniper -c /root/codes/Victima/sniper/config/base.cfg --general/total_cores=1 --general/output_dir=/root/codes/UniNDP-virtuoso/CPU-cuckoo-potm-virtualized-64K/1core/pr -g --traceinput/mirror_output=true --config=/root/codes/Victima/sniper/config/nehalem.cfg --config=/root/codes/Victima/sniper/config/utopia_motivation_baseline.cfg --config=/root/codes/Victima/sniper/config/virtual_memory_configs/common_translation.cfg --config=/root/codes/Victima/sniper/config/UniNDP/configs/UniNDP_baseline_CPU.cfg --config=/root/codes/Victima/sniper/config/UniNDP/CPU/baseline_CPU_1core_cuckoo_potm_channel_64K.cfg --perf_model/ptw/enabled=false --perf_model/ptw/virtualized=true -g --traceinput/stop_with_first_app=true -g --traceinput/restart_apps=false -g --hooks/numscripts=1 -g --hooks/script0name=/root/codes/UniNDP-virtuoso/CPU-cuckoo-potm-virtualized-64K/1core/pr/sim.scripts.py -g --hooks/script0args= -g --traceinput/enabled=true -g --traceinput/emulate_syscalls=false -g --traceinput/num_apps=1 -g --traceinput/thread_0=/root/codes/Victima/traces/pr.sift']
<subprocess.Popen object at 0x1489ada86a90>
Starting simLet's load config
config_path
Allocating Simulator
Hello from simulator's constructor
Hello from simulator
Supporting 2page sizes: 12, 21,
Creating pwc_L4 cache with 4 sets, 4-way associative, 8B blocksize
Creating pwc_L3 cache with 4 sets, 4-way associative, 8B blocksize
Creating pwc_L2 cache with 8 sets, 4-way associative, 8B blocksize
0
0
60
100
PWC1
Registered special metric: ptw_latency_heatmap
Registered special metric: ptw_latency_heatmap
Registered special metric: ptw_latency_heatmap
Creating nested_tlb_cache cache with 16 sets, 4-way associative, 4096B blocksize
[VM] CUCKOO POTM is enabled
Instantiating Cuckoo Software-managed TLB across_channels
Creating a 8-ary Cuckoo hashtable
Hash function city
Total number of slots 8192
Hash-size 10
Creating a 8-ary Cuckoo hashtable
Hash function city
Total number of slots 8192
Hash-size 10
Creating stlb_cache cache with 128 sets, 12-way associative, 4096B blocksize
Creating itlb_cache cache with 16 sets, 8-way associative, 4096B blocksize
Creating dtlb_cache cache with 16 sets, 4-way associative, 4096B blocksize
Registered special metric: L2_TLB_miss_per_page
Registering cache time series
Registered special metric: cache_timeseries
Creating nuca-cache cache with 2048 sets, 16-way associative, 64B blocksize
Attaching Nuca to PTW
Core : 0
Directory type : limited_no_broadcast
Total Entries : 33554432
Associativity : 16
Cache Block Size : 64
Max hw sharers : 64
Max Num Sharers : 1
Initializing cache L 2
Creating L1-I cache with 64 sets, 8-way associative, 64B blocksize
Initializing cache L 3
Creating L1-D cache with 64 sets, 8-way associative, 64B blocksize
Initializing cache L 4
Creating L2 cache with 64 sets, 8-way associative, 64B blocksize
Initializing cache L 5
Creating L3 cache with 512 sets, 16-way associative, 64B blocksize
Executing Python script /root/codes/UniNDP-virtuoso/CPU-cuckoo-potm-virtualized-64K/1core/pr/sim.scripts.py
[STOPBYICOUNT] Starting in ROI (detail)
[STOPBYICOUNT] Then stopping after simulating at least 500000000 instructions in detail
[SNIPER] --------------------------------------------------------------------------------
[SNIPER] Sniper using SIFT/trace-driven frontend
[SNIPER] Running full application in DETAILED mode
[SNIPER] --------------------------------------------------------------------------------
[SNIPER] Enabling performance models
[SNIPER] Setting instrumentation mode to DETAILED
[STOPBYICOUNT] Periodic at 100001 delta = 100001 elapsed time = 00:00:01
[STOPBYICOUNT] Periodic at 200001 delta = 100000 elapsed time = 00:00:02
[STOPBYICOUNT] Periodic at 300005 delta = 100004 elapsed time = 00:00:03
[STOPBYICOUNT] Periodic at 400007 delta = 100002 elapsed time = 00:00:05
[STOPBYICOUNT] Periodic at 500003 delta = 99996 elapsed time = 00:00:06
[STOPBYICOUNT] Periodic at 600005 delta = 100002 elapsed time = 00:00:07
[STOPBYICOUNT] Periodic at 700001 delta = 99996 elapsed time = 00:00:09
[STOPBYICOUNT] Periodic at 800003 delta = 100002 elapsed time = 00:00:11
[STOPBYICOUNT] Periodic at 900001 delta = 99998 elapsed time = 00:00:13
[STOPBYICOUNT] Periodic at 1000001 delta = 100000 elapsed time = 00:00:14
[STOPBYICOUNT] Periodic at 1100001 delta = 100000 elapsed time = 00:00:15
[STOPBYICOUNT] Periodic at 1200005 delta = 100004 elapsed time = 00:00:16
[STOPBYICOUNT] Periodic at 1300007 delta = 100002 elapsed time = 00:00:17
[STOPBYICOUNT] Periodic at 1400003 delta = 99996 elapsed time = 00:00:18
[STOPBYICOUNT] Periodic at 1500005 delta = 100002 elapsed time = 00:00:19
[STOPBYICOUNT] Periodic at 1600001 delta = 99996 elapsed time = 00:00:20
[STOPBYICOUNT] Periodic at 1700003 delta = 100002 elapsed time = 00:00:22
[STOPBYICOUNT] Periodic at 1800001 delta = 99998 elapsed time = 00:00:24
[STOPBYICOUNT] Periodic at 1900001 delta = 100000 elapsed time = 00:00:26
[STOPBYICOUNT] Periodic at 2000001 delta = 100000 elapsed time = 00:00:28
[STOPBYICOUNT] Periodic at 2100005 delta = 100004 elapsed time = 00:00:30
[STOPBYICOUNT] Periodic at 2200007 delta = 100002 elapsed time = 00:00:32
[STOPBYICOUNT] Periodic at 2300003 delta = 99996 elapsed time = 00:00:34
[STOPBYICOUNT] Periodic at 2400005 delta = 100002 elapsed time = 00:00:36
[STOPBYICOUNT] Periodic at 2500001 delta = 99996 elapsed time = 00:00:38
[STOPBYICOUNT] Periodic at 2600003 delta = 100002 elapsed time = 00:00:39
[STOPBYICOUNT] Periodic at 2700001 delta = 99998 elapsed time = 00:00:41
[STOPBYICOUNT] Periodic at 2800001 delta = 100000 elapsed time = 00:00:43
[STOPBYICOUNT] Periodic at 2900001 delta = 100000 elapsed time = 00:00:45
[STOPBYICOUNT] Periodic at 3000005 delta = 100004 elapsed time = 00:00:47
[STOPBYICOUNT] Periodic at 3100007 delta = 100002 elapsed time = 00:00:49
[STOPBYICOUNT] Periodic at 3200003 delta = 99996 elapsed time = 00:00:51
[STOPBYICOUNT] Periodic at 3300005 delta = 100002 elapsed time = 00:00:52
[STOPBYICOUNT] Periodic at 3400001 delta = 99996 elapsed time = 00:00:53
[STOPBYICOUNT] Periodic at 3500003 delta = 100002 elapsed time = 00:00:54
[STOPBYICOUNT] Periodic at 3600001 delta = 99998 elapsed time = 00:00:55
[STOPBYICOUNT] Periodic at 3700001 delta = 100000 elapsed time = 00:00:56
[STOPBYICOUNT] Periodic at 3800001 delta = 100000 elapsed time = 00:00:57
[STOPBYICOUNT] Periodic at 3900005 delta = 100004 elapsed time = 00:00:59
[STOPBYICOUNT] Periodic at 4000007 delta = 100002 elapsed time = 00:01:00
[STOPBYICOUNT] Periodic at 4100003 delta = 99996 elapsed time = 00:01:02
[STOPBYICOUNT] Periodic at 4200005 delta = 100002 elapsed time = 00:01:04
[STOPBYICOUNT] Periodic at 4300001 delta = 99996 elapsed time = 00:01:06
[STOPBYICOUNT] Periodic at 4400003 delta = 100002 elapsed time = 00:01:07
[STOPBYICOUNT] Periodic at 4500001 delta = 99998 elapsed time = 00:01:08
[STOPBYICOUNT] Periodic at 4600001 delta = 100000 elapsed time = 00:01:09
[STOPBYICOUNT] Periodic at 4700001 delta = 100000 elapsed time = 00:01:11
[STOPBYICOUNT] Periodic at 4800005 delta = 100004 elapsed time = 00:01:13
[STOPBYICOUNT] Periodic at 4900007 delta = 100002 elapsed time = 00:01:15
[STOPBYICOUNT] Periodic at 5000003 delta = 99996 elapsed time = 00:01:16
[STOPBYICOUNT] Periodic at 5100005 delta = 100002 elapsed time = 00:01:18
[STOPBYICOUNT] Periodic at 5200001 delta = 99996 elapsed time = 00:01:19
[STOPBYICOUNT] Periodic at 5300003 delta = 100002 elapsed time = 00:01:20
[STOPBYICOUNT] Periodic at 5400001 delta = 99998 elapsed time = 00:01:21
[STOPBYICOUNT] Periodic at 5500001 delta = 100000 elapsed time = 00:01:22
[STOPBYICOUNT] Periodic at 5600001 delta = 100000 elapsed time = 00:01:22
[STOPBYICOUNT] Periodic at 5700005 delta = 100004 elapsed time = 00:01:24
[STOPBYICOUNT] Periodic at 5800007 delta = 100002 elapsed time = 00:01:25
[STOPBYICOUNT] Periodic at 5900003 delta = 99996 elapsed time = 00:01:26
[STOPBYICOUNT] Periodic at 6000005 delta = 100002 elapsed time = 00:01:27
[STOPBYICOUNT] Periodic at 6100001 delta = 99996 elapsed time = 00:01:29
[STOPBYICOUNT] Periodic at 6200003 delta = 100002 elapsed time = 00:01:31
[STOPBYICOUNT] Periodic at 6300001 delta = 99998 elapsed time = 00:01:33
[STOPBYICOUNT] Periodic at 6400001 delta = 100000 elapsed time = 00:01:35
[STOPBYICOUNT] Periodic at 6500001 delta = 100000 elapsed time = 00:01:37
[STOPBYICOUNT] Periodic at 6600005 delta = 100004 elapsed time = 00:01:38
[STOPBYICOUNT] Periodic at 6700007 delta = 100002 elapsed time = 00:01:40
[STOPBYICOUNT] Periodic at 6800003 delta = 99996 elapsed time = 00:01:41
[STOPBYICOUNT] Periodic at 6900005 delta = 100002 elapsed time = 00:01:42
[STOPBYICOUNT] Periodic at 7000001 delta = 99996 elapsed time = 00:01:44
[STOPBYICOUNT] Periodic at 7100003 delta = 100002 elapsed time = 00:01:46
[STOPBYICOUNT] Periodic at 7200001 delta = 99998 elapsed time = 00:01:48
[STOPBYICOUNT] Periodic at 7300001 delta = 100000 elapsed time = 00:01:50
[STOPBYICOUNT] Periodic at 7400001 delta = 100000 elapsed time = 00:01:52
[STOPBYICOUNT] Periodic at 7500005 delta = 100004 elapsed time = 00:01:53
[STOPBYICOUNT] Periodic at 7600007 delta = 100002 elapsed time = 00:01:54
[STOPBYICOUNT] Periodic at 7700003 delta = 99996 elapsed time = 00:01:56
[STOPBYICOUNT] Periodic at 7800005 delta = 100002 elapsed time = 00:01:58
[STOPBYICOUNT] Periodic at 7900001 delta = 99996 elapsed time = 00:02:00
[STOPBYICOUNT] Periodic at 8000003 delta = 100002 elapsed time = 00:02:02
[STOPBYICOUNT] Periodic at 8100001 delta = 99998 elapsed time = 00:02:04
[STOPBYICOUNT] Periodic at 8200001 delta = 100000 elapsed time = 00:02:06
[STOPBYICOUNT] Periodic at 8300001 delta = 100000 elapsed time = 00:02:08
[STOPBYICOUNT] Periodic at 8400005 delta = 100004 elapsed time = 00:02:09
[STOPBYICOUNT] Periodic at 8500007 delta = 100002 elapsed time = 00:02:10
[STOPBYICOUNT] Periodic at 8600003 delta = 99996 elapsed time = 00:02:11
[STOPBYICOUNT] Periodic at 8700005 delta = 100002 elapsed time = 00:02:12
[STOPBYICOUNT] Periodic at 8800001 delta = 99996 elapsed time = 00:02:13
[STOPBYICOUNT] Periodic at 8900003 delta = 100002 elapsed time = 00:02:14
[STOPBYICOUNT] Periodic at 9000001 delta = 99998 elapsed time = 00:02:15
[STOPBYICOUNT] Periodic at 9100001 delta = 100000 elapsed time = 00:02:16
[STOPBYICOUNT] Periodic at 9200001 delta = 100000 elapsed time = 00:02:17
[STOPBYICOUNT] Periodic at 9300005 delta = 100004 elapsed time = 00:02:17
[STOPBYICOUNT] Periodic at 9400007 delta = 100002 elapsed time = 00:02:18
[STOPBYICOUNT] Periodic at 9500003 delta = 99996 elapsed time = 00:02:19
[STOPBYICOUNT] Periodic at 9600005 delta = 100002 elapsed time = 00:02:20
[STOPBYICOUNT] Periodic at 9700001 delta = 99996 elapsed time = 00:02:21
[STOPBYICOUNT] Periodic at 9800003 delta = 100002 elapsed time = 00:02:22
[STOPBYICOUNT] Periodic at 9900001 delta = 99998 elapsed time = 00:02:24
[STOPBYICOUNT] Periodic at 10000001 delta = 100000 elapsed time = 00:02:25
[STOPBYICOUNT] Periodic at 10100001 delta = 100000 elapsed time = 00:02:26
[STOPBYICOUNT] Periodic at 10200005 delta = 100004 elapsed time = 00:02:27
[STOPBYICOUNT] Periodic at 10300007 delta = 100002 elapsed time = 00:02:28
[STOPBYICOUNT] Periodic at 10400003 delta = 99996 elapsed time = 00:02:29
[STOPBYICOUNT] Periodic at 10500005 delta = 100002 elapsed time = 00:02:30
[STOPBYICOUNT] Periodic at 10600001 delta = 99996 elapsed time = 00:02:31
[STOPBYICOUNT] Periodic at 10700003 delta = 100002 elapsed time = 00:02:32
[STOPBYICOUNT] Periodic at 10800001 delta = 99998 elapsed time = 00:02:33
[STOPBYICOUNT] Periodic at 10900001 delta = 100000 elapsed time = 00:02:34
[STOPBYICOUNT] Periodic at 11000001 delta = 100000 elapsed time = 00:02:35
[STOPBYICOUNT] Periodic at 11100005 delta = 100004 elapsed time = 00:02:36
[STOPBYICOUNT] Periodic at 11200007 delta = 100002 elapsed time = 00:02:36
[STOPBYICOUNT] Periodic at 11300003 delta = 99996 elapsed time = 00:02:37
[STOPBYICOUNT] Periodic at 11400005 delta = 100002 elapsed time = 00:02:38
[STOPBYICOUNT] Periodic at 11500001 delta = 99996 elapsed time = 00:02:39
[STOPBYICOUNT] Periodic at 11600003 delta = 100002 elapsed time = 00:02:40
[STOPBYICOUNT] Periodic at 11700001 delta = 99998 elapsed time = 00:02:42
[STOPBYICOUNT] Periodic at 11800001 delta = 100000 elapsed time = 00:02:43
[STOPBYICOUNT] Periodic at 11900001 delta = 100000 elapsed time = 00:02:45
[STOPBYICOUNT] Periodic at 12000005 delta = 100004 elapsed time = 00:02:47
[STOPBYICOUNT] Periodic at 12100007 delta = 100002 elapsed time = 00:02:49
[STOPBYICOUNT] Periodic at 12200003 delta = 99996 elapsed time = 00:02:51
[STOPBYICOUNT] Periodic at 12300005 delta = 100002 elapsed time = 00:02:53
[STOPBYICOUNT] Periodic at 12400001 delta = 99996 elapsed time = 00:02:55
[STOPBYICOUNT] Periodic at 12500003 delta = 100002 elapsed time = 00:02:57
[STOPBYICOUNT] Periodic at 12600001 delta = 99998 elapsed time = 00:02:59
[STOPBYICOUNT] Periodic at 12700001 delta = 100000 elapsed time = 00:03:01
[STOPBYICOUNT] Periodic at 12800001 delta = 100000 elapsed time = 00:03:03
[STOPBYICOUNT] Periodic at 12900005 delta = 100004 elapsed time = 00:03:06
[STOPBYICOUNT] Periodic at 13000007 delta = 100002 elapsed time = 00:03:08
[STOPBYICOUNT] Periodic at 13100003 delta = 99996 elapsed time = 00:03:10
[STOPBYICOUNT] Periodic at 13200005 delta = 100002 elapsed time = 00:03:12
[STOPBYICOUNT] Periodic at 13300001 delta = 99996 elapsed time = 00:03:14
[STOPBYICOUNT] Periodic at 13400003 delta = 100002 elapsed time = 00:03:16
[STOPBYICOUNT] Periodic at 13500001 delta = 99998 elapsed time = 00:03:18
[STOPBYICOUNT] Periodic at 13600001 delta = 100000 elapsed time = 00:03:20
[STOPBYICOUNT] Periodic at 13700001 delta = 100000 elapsed time = 00:03:23
[STOPBYICOUNT] Periodic at 13800005 delta = 100004 elapsed time = 00:03:24
[STOPBYICOUNT] Periodic at 13900007 delta = 100002 elapsed time = 00:03:26
[STOPBYICOUNT] Periodic at 14000003 delta = 99996 elapsed time = 00:03:28
[STOPBYICOUNT] Periodic at 14100005 delta = 100002 elapsed time = 00:03:30
[STOPBYICOUNT] Periodic at 14200001 delta = 99996 elapsed time = 00:03:31
[STOPBYICOUNT] Periodic at 14300003 delta = 100002 elapsed time = 00:03:32
[STOPBYICOUNT] Periodic at 14400001 delta = 99998 elapsed time = 00:03:34
[STOPBYICOUNT] Periodic at 14500001 delta = 100000 elapsed time = 00:03:35
[STOPBYICOUNT] Periodic at 14600001 delta = 100000 elapsed time = 00:03:37
[STOPBYICOUNT] Periodic at 14700005 delta = 100004 elapsed time = 00:03:39
[STOPBYICOUNT] Periodic at 14800007 delta = 100002 elapsed time = 00:03:40
[STOPBYICOUNT] Periodic at 14900003 delta = 99996 elapsed time = 00:03:40
[STOPBYICOUNT] Periodic at 15000005 delta = 100002 elapsed time = 00:03:41
[STOPBYICOUNT] Periodic at 15100001 delta = 99996 elapsed time = 00:03:43
[STOPBYICOUNT] Periodic at 15200003 delta = 100002 elapsed time = 00:03:44
[STOPBYICOUNT] Periodic at 15300001 delta = 99998 elapsed time = 00:03:46
[STOPBYICOUNT] Periodic at 15400001 delta = 100000 elapsed time = 00:03:47
[STOPBYICOUNT] Periodic at 15500001 delta = 100000 elapsed time = 00:03:48
[STOPBYICOUNT] Periodic at 15600005 delta = 100004 elapsed time = 00:03:49
[STOPBYICOUNT] Periodic at 15700007 delta = 100002 elapsed time = 00:03:50
[STOPBYICOUNT] Periodic at 15800003 delta = 99996 elapsed time = 00:03:51
[STOPBYICOUNT] Periodic at 15900005 delta = 100002 elapsed time = 00:03:52
[STOPBYICOUNT] Periodic at 16000001 delta = 99996 elapsed time = 00:03:52
[STOPBYICOUNT] Periodic at 16100003 delta = 100002 elapsed time = 00:03:53
[STOPBYICOUNT] Periodic at 16200001 delta = 99998 elapsed time = 00:03:54
[STOPBYICOUNT] Periodic at 16300001 delta = 100000 elapsed time = 00:03:55
[STOPBYICOUNT] Periodic at 16400001 delta = 100000 elapsed time = 00:03:56
[STOPBYICOUNT] Periodic at 16500005 delta = 100004 elapsed time = 00:03:57
[STOPBYICOUNT] Periodic at 16600007 delta = 100002 elapsed time = 00:03:58
[STOPBYICOUNT] Periodic at 16700003 delta = 99996 elapsed time = 00:04:00
[STOPBYICOUNT] Periodic at 16800005 delta = 100002 elapsed time = 00:04:02
[STOPBYICOUNT] Periodic at 16900001 delta = 99996 elapsed time = 00:04:03
[STOPBYICOUNT] Periodic at 17000003 delta = 100002 elapsed time = 00:04:05
[STOPBYICOUNT] Periodic at 17100001 delta = 99998 elapsed time = 00:04:07
[STOPBYICOUNT] Periodic at 17200001 delta = 100000 elapsed time = 00:04:09
[STOPBYICOUNT] Periodic at 17300001 delta = 100000 elapsed time = 00:04:11
[STOPBYICOUNT] Periodic at 17400005 delta = 100004 elapsed time = 00:04:13
[STOPBYICOUNT] Periodic at 17500007 delta = 100002 elapsed time = 00:04:15
[STOPBYICOUNT] Periodic at 17600003 delta = 99996 elapsed time = 00:04:17
[STOPBYICOUNT] Periodic at 17700005 delta = 100002 elapsed time = 00:04:18
[STOPBYICOUNT] Periodic at 17800001 delta = 99996 elapsed time = 00:04:20
[STOPBYICOUNT] Periodic at 17900003 delta = 100002 elapsed time = 00:04:22
[STOPBYICOUNT] Periodic at 18000001 delta = 99998 elapsed time = 00:04:24
[STOPBYICOUNT] Periodic at 18100001 delta = 100000 elapsed time = 00:04:26
[STOPBYICOUNT] Periodic at 18200001 delta = 100000 elapsed time = 00:04:27
[STOPBYICOUNT] Periodic at 18300005 delta = 100004 elapsed time = 00:04:29
[STOPBYICOUNT] Periodic at 18400007 delta = 100002 elapsed time = 00:04:30
[STOPBYICOUNT] Periodic at 18500003 delta = 99996 elapsed time = 00:04:32
[STOPBYICOUNT] Periodic at 18600005 delta = 100002 elapsed time = 00:04:33
[STOPBYICOUNT] Periodic at 18700001 delta = 99996 elapsed time = 00:04:34
[STOPBYICOUNT] Periodic at 18800003 delta = 100002 elapsed time = 00:04:35
[STOPBYICOUNT] Periodic at 18900001 delta = 99998 elapsed time = 00:04:35
[STOPBYICOUNT] Periodic at 19000001 delta = 100000 elapsed time = 00:04:36
[STOPBYICOUNT] Periodic at 19100001 delta = 100000 elapsed time = 00:04:37
[STOPBYICOUNT] Periodic at 19200005 delta = 100004 elapsed time = 00:04:38
[STOPBYICOUNT] Periodic at 19300007 delta = 100002 elapsed time = 00:04:39
[STOPBYICOUNT] Periodic at 19400003 delta = 99996 elapsed time = 00:04:40
[STOPBYICOUNT] Periodic at 19500005 delta = 100002 elapsed time = 00:04:41
[STOPBYICOUNT] Periodic at 19600001 delta = 99996 elapsed time = 00:04:42
[STOPBYICOUNT] Periodic at 19700003 delta = 100002 elapsed time = 00:04:43
[STOPBYICOUNT] Periodic at 19800001 delta = 99998 elapsed time = 00:04:45
[STOPBYICOUNT] Periodic at 19900001 delta = 100000 elapsed time = 00:04:47
[STOPBYICOUNT] Periodic at 20000001 delta = 100000 elapsed time = 00:04:49
[STOPBYICOUNT] Periodic at 20100005 delta = 100004 elapsed time = 00:04:50
[STOPBYICOUNT] Periodic at 20200007 delta = 100002 elapsed time = 00:04:52
[STOPBYICOUNT] Periodic at 20300003 delta = 99996 elapsed time = 00:04:54
[STOPBYICOUNT] Periodic at 20400005 delta = 100002 elapsed time = 00:04:56
[STOPBYICOUNT] Periodic at 20500001 delta = 99996 elapsed time = 00:04:57
[STOPBYICOUNT] Periodic at 20600003 delta = 100002 elapsed time = 00:04:59
[STOPBYICOUNT] Periodic at 20700001 delta = 99998 elapsed time = 00:05:01
[STOPBYICOUNT] Periodic at 20800001 delta = 100000 elapsed time = 00:05:03
[STOPBYICOUNT] Periodic at 20900001 delta = 100000 elapsed time = 00:05:04
[STOPBYICOUNT] Periodic at 21000005 delta = 100004 elapsed time = 00:05:05
[STOPBYICOUNT] Periodic at 21100007 delta = 100002 elapsed time = 00:05:05
