[SNIPER] (0) Using trace file /root/codes/Victima/traces/rnd.sift
[SNIPER] Start here
True
[SNIPER] Running ['bash', '-c', '/root/codes/Victima/sniper/lib/sniper -c /root/codes/Victima/sniper/config/base.cfg --general/total_cores=1 --general/output_dir=/root/codes/UniNDP-virtuoso/CPU-cuckoo-potm-virtualized-64K/1core/rnd -g --traceinput/mirror_output=true --config=/root/codes/Victima/sniper/config/nehalem.cfg --config=/root/codes/Victima/sniper/config/utopia_motivation_baseline.cfg --config=/root/codes/Victima/sniper/config/virtual_memory_configs/common_translation.cfg --config=/root/codes/Victima/sniper/config/UniNDP/configs/UniNDP_baseline_CPU.cfg --config=/root/codes/Victima/sniper/config/UniNDP/CPU/baseline_CPU_1core_cuckoo_potm_channel_64K.cfg --perf_model/ptw/enabled=false --perf_model/ptw/virtualized=true -g --traceinput/stop_with_first_app=true -g --traceinput/restart_apps=false -g --hooks/numscripts=1 -g --hooks/script0name=/root/codes/UniNDP-virtuoso/CPU-cuckoo-potm-virtualized-64K/1core/rnd/sim.scripts.py -g --hooks/script0args= -g --traceinput/enabled=true -g --traceinput/emulate_syscalls=false -g --traceinput/num_apps=1 -g --traceinput/thread_0=/root/codes/Victima/traces/rnd.sift']
<subprocess.Popen object at 0x14ac2ec45a90>
Starting simLet's load config
config_path
Allocating Simulator
Hello from simulator's constructor
Hello from simulator
Supporting 2page sizes: 12, 21,
Creating pwc_L4 cache with 4 sets, 4-way associative, 8B blocksize
Creating pwc_L3 cache with 4 sets, 4-way associative, 8B blocksize
Creating pwc_L2 cache with 8 sets, 4-way associative, 8B blocksize
0
0
60
100
PWC1
Registered special metric: ptw_latency_heatmap
Registered special metric: ptw_latency_heatmap
Registered special metric: ptw_latency_heatmap
Creating nested_tlb_cache cache with 16 sets, 4-way associative, 4096B blocksize
[VM] CUCKOO POTM is enabled
Instantiating Cuckoo Software-managed TLB across_channels
Creating a 8-ary Cuckoo hashtable
Hash function city
Total number of slots 8192
Hash-size 10
Creating a 8-ary Cuckoo hashtable
Hash function city
Total number of slots 8192
Hash-size 10
Creating stlb_cache cache with 128 sets, 12-way associative, 4096B blocksize
Creating itlb_cache cache with 16 sets, 8-way associative, 4096B blocksize
Creating dtlb_cache cache with 16 sets, 4-way associative, 4096B blocksize
Registered special metric: L2_TLB_miss_per_page
Registering cache time series
Registered special metric: cache_timeseries
Creating nuca-cache cache with 2048 sets, 16-way associative, 64B blocksize
Attaching Nuca to PTW
Core : 0
Directory type : limited_no_broadcast
Total Entries : 33554432
Associativity : 16
Cache Block Size : 64
Max hw sharers : 64
Max Num Sharers : 1
Initializing cache L 2
Creating L1-I cache with 64 sets, 8-way associative, 64B blocksize
Initializing cache L 3
Creating L1-D cache with 64 sets, 8-way associative, 64B blocksize
Initializing cache L 4
Creating L2 cache with 64 sets, 8-way associative, 64B blocksize
Initializing cache L 5
Creating L3 cache with 512 sets, 16-way associative, 64B blocksize
Executing Python script /root/codes/UniNDP-virtuoso/CPU-cuckoo-potm-virtualized-64K/1core/rnd/sim.scripts.py
[STOPBYICOUNT] Starting in ROI (detail)
[STOPBYICOUNT] Then stopping after simulating at least 500000000 instructions in detail
[SNIPER] --------------------------------------------------------------------------------
[SNIPER] Sniper using SIFT/trace-driven frontend
[SNIPER] Running full application in DETAILED mode
[SNIPER] --------------------------------------------------------------------------------
[SNIPER] Enabling performance models
[SNIPER] Setting instrumentation mode to DETAILED
[STOPBYICOUNT] Periodic at 100001 delta = 100001 elapsed time = 00:00:00
[STOPBYICOUNT] Periodic at 200001 delta = 100000 elapsed time = 00:00:00
[STOPBYICOUNT] Periodic at 300001 delta = 100000 elapsed time = 00:00:00
[STOPBYICOUNT] Periodic at 400001 delta = 100000 elapsed time = 00:00:00
[STOPBYICOUNT] Periodic at 500004 delta = 100003 elapsed time = 00:00:00
[STOPBYICOUNT] Periodic at 600003 delta = 99999 elapsed time = 00:00:00
[STOPBYICOUNT] Periodic at 700002 delta = 99999 elapsed time = 00:00:00
[STOPBYICOUNT] Periodic at 800002 delta = 100000 elapsed time = 00:00:00
[STOPBYICOUNT] Periodic at 900003 delta = 100001 elapsed time = 00:00:00
[STOPBYICOUNT] Periodic at 1000004 delta = 100001 elapsed time = 00:00:00
[STOPBYICOUNT] Periodic at 1100001 delta = 99997 elapsed time = 00:00:00
[STOPBYICOUNT] Periodic at 1200004 delta = 100003 elapsed time = 00:00:00
[STOPBYICOUNT] Periodic at 1300012 delta = 100008 elapsed time = 00:00:01
[STOPBYICOUNT] Periodic at 1400009 delta = 99997 elapsed time = 00:00:04
[STOPBYICOUNT] Periodic at 1500006 delta = 99997 elapsed time = 00:00:06
[STOPBYICOUNT] Periodic at 1600011 delta = 100005 elapsed time = 00:00:09
[STOPBYICOUNT] Periodic at 1700008 delta = 99997 elapsed time = 00:00:12
[STOPBYICOUNT] Periodic at 1800005 delta = 99997 elapsed time = 00:00:14
[STOPBYICOUNT] Periodic at 1900002 delta = 99997 elapsed time = 00:00:16
[STOPBYICOUNT] Periodic at 2000012 delta = 100010 elapsed time = 00:00:18
[STOPBYICOUNT] Periodic at 2100009 delta = 99997 elapsed time = 00:00:22
[STOPBYICOUNT] Periodic at 2200006 delta = 99997 elapsed time = 00:00:25
[STOPBYICOUNT] Periodic at 2300003 delta = 99997 elapsed time = 00:00:29
[STOPBYICOUNT] Periodic at 2400013 delta = 100010 elapsed time = 00:00:32
[STOPBYICOUNT] Periodic at 2500010 delta = 99997 elapsed time = 00:00:34
[STOPBYICOUNT] Periodic at 2600007 delta = 99997 elapsed time = 00:00:36
[STOPBYICOUNT] Periodic at 2700004 delta = 99997 elapsed time = 00:00:38
[STOPBYICOUNT] Periodic at 2800009 delta = 100005 elapsed time = 00:00:41
[STOPBYICOUNT] Periodic at 2900006 delta = 99997 elapsed time = 00:00:42
[STOPBYICOUNT] Periodic at 3000003 delta = 99997 elapsed time = 00:00:45
[STOPBYICOUNT] Periodic at 3100013 delta = 100010 elapsed time = 00:00:48
[STOPBYICOUNT] Periodic at 3200010 delta = 99997 elapsed time = 00:00:51
[STOPBYICOUNT] Periodic at 3300007 delta = 99997 elapsed time = 00:00:54
[STOPBYICOUNT] Periodic at 3400004 delta = 99997 elapsed time = 00:00:58
[STOPBYICOUNT] Periodic at 3500001 delta = 99997 elapsed time = 00:01:01
[STOPBYICOUNT] Periodic at 3600011 delta = 100010 elapsed time = 00:01:03
[STOPBYICOUNT] Periodic at 3700008 delta = 99997 elapsed time = 00:01:04
[STOPBYICOUNT] Periodic at 3800005 delta = 99997 elapsed time = 00:01:07
[STOPBYICOUNT] Periodic at 3900002 delta = 99997 elapsed time = 00:01:08
[STOPBYICOUNT] Periodic at 4000007 delta = 100005 elapsed time = 00:01:09
[STOPBYICOUNT] Periodic at 4100004 delta = 99997 elapsed time = 00:01:11
[STOPBYICOUNT] Periodic at 4200001 delta = 99997 elapsed time = 00:01:12
[STOPBYICOUNT] Periodic at 4300011 delta = 100010 elapsed time = 00:01:15
[STOPBYICOUNT] Periodic at 4400008 delta = 99997 elapsed time = 00:01:16
[STOPBYICOUNT] Periodic at 4500005 delta = 99997 elapsed time = 00:01:18
[STOPBYICOUNT] Periodic at 4600002 delta = 99997 elapsed time = 00:01:20
[STOPBYICOUNT] Periodic at 4700012 delta = 100010 elapsed time = 00:01:23
[STOPBYICOUNT] Periodic at 4800009 delta = 99997 elapsed time = 00:01:26
[STOPBYICOUNT] Periodic at 4900006 delta = 99997 elapsed time = 00:01:30
[STOPBYICOUNT] Periodic at 5000003 delta = 99997 elapsed time = 00:01:33
[STOPBYICOUNT] Periodic at 5100013 delta = 100010 elapsed time = 00:01:36
[STOPBYICOUNT] Periodic at 5200005 delta = 99992 elapsed time = 00:01:38
[STOPBYICOUNT] Periodic at 5300002 delta = 99997 elapsed time = 00:01:40
[STOPBYICOUNT] Periodic at 5400012 delta = 100010 elapsed time = 00:01:42
[STOPBYICOUNT] Periodic at 5500009 delta = 99997 elapsed time = 00:01:45
[STOPBYICOUNT] Periodic at 5600006 delta = 99997 elapsed time = 00:01:48
[STOPBYICOUNT] Periodic at 5700003 delta = 99997 elapsed time = 00:01:50
[STOPBYICOUNT] Periodic at 5800013 delta = 100010 elapsed time = 00:01:53
[STOPBYICOUNT] Periodic at 5900010 delta = 99997 elapsed time = 00:01:55
[STOPBYICOUNT] Periodic at 6000007 delta = 99997 elapsed time = 00:01:56
[STOPBYICOUNT] Periodic at 6100004 delta = 99997 elapsed time = 00:01:58
[STOPBYICOUNT] Periodic at 6200001 delta = 99997 elapsed time = 00:02:01
[STOPBYICOUNT] Periodic at 6300011 delta = 100010 elapsed time = 00:02:04
[STOPBYICOUNT] Periodic at 6400003 delta = 99992 elapsed time = 00:02:08
[STOPBYICOUNT] Periodic at 6500013 delta = 100010 elapsed time = 00:02:11
[STOPBYICOUNT] Periodic at 6600010 delta = 99997 elapsed time = 00:02:14
[STOPBYICOUNT] Periodic at 6700007 delta = 99997 elapsed time = 00:02:18
[STOPBYICOUNT] Periodic at 6800004 delta = 99997 elapsed time = 00:02:21
[STOPBYICOUNT] Periodic at 6900001 delta = 99997 elapsed time = 00:02:25
[STOPBYICOUNT] Periodic at 7000011 delta = 100010 elapsed time = 00:02:28
[STOPBYICOUNT] Periodic at 7100008 delta = 99997 elapsed time = 00:02:32
[STOPBYICOUNT] Periodic at 7200005 delta = 99997 elapsed time = 00:02:35
[STOPBYICOUNT] Periodic at 7300002 delta = 99997 elapsed time = 00:02:37
[STOPBYICOUNT] Periodic at 7400012 delta = 100010 elapsed time = 00:02:40
[STOPBYICOUNT] Periodic at 7500009 delta = 99997 elapsed time = 00:02:43
[STOPBYICOUNT] Periodic at 7600001 delta = 99992 elapsed time = 00:02:45
[STOPBYICOUNT] Periodic at 7700011 delta = 100010 elapsed time = 00:02:47
[STOPBYICOUNT] Periodic at 7800008 delta = 99997 elapsed time = 00:02:49
[STOPBYICOUNT] Periodic at 7900005 delta = 99997 elapsed time = 00:02:51
[STOPBYICOUNT] Periodic at 8000002 delta = 99997 elapsed time = 00:02:53
[STOPBYICOUNT] Periodic at 8100012 delta = 100010 elapsed time = 00:02:54
[STOPBYICOUNT] Periodic at 8200009 delta = 99997 elapsed time = 00:02:56
[STOPBYICOUNT] Periodic at 8300006 delta = 99997 elapsed time = 00:02:57
[STOPBYICOUNT] Periodic at 8400003 delta = 99997 elapsed time = 00:03:00
[STOPBYICOUNT] Periodic at 8500013 delta = 100010 elapsed time = 00:03:01
[STOPBYICOUNT] Periodic at 8600010 delta = 99997 elapsed time = 00:03:03
[STOPBYICOUNT] Periodic at 8700007 delta = 99997 elapsed time = 00:03:05
[STOPBYICOUNT] Periodic at 8800012 delta = 100005 elapsed time = 00:03:09
[STOPBYICOUNT] Periodic at 8900009 delta = 99997 elapsed time = 00:03:11
[STOPBYICOUNT] Periodic at 9000006 delta = 99997 elapsed time = 00:03:12
[STOPBYICOUNT] Periodic at 9100003 delta = 99997 elapsed time = 00:03:15
[STOPBYICOUNT] Periodic at 9200013 delta = 100010 elapsed time = 00:03:17
[STOPBYICOUNT] Periodic at 9300010 delta = 99997 elapsed time = 00:03:19
[STOPBYICOUNT] Periodic at 9400007 delta = 99997 elapsed time = 00:03:22
[STOPBYICOUNT] Periodic at 9500004 delta = 99997 elapsed time = 00:03:25
[STOPBYICOUNT] Periodic at 9600001 delta = 99997 elapsed time = 00:03:26
[STOPBYICOUNT] Periodic at 9700011 delta = 100010 elapsed time = 00:03:28
[STOPBYICOUNT] Periodic at 9800008 delta = 99997 elapsed time = 00:03:29
[STOPBYICOUNT] Periodic at 9900005 delta = 99997 elapsed time = 00:03:32
[STOPBYICOUNT] Periodic at 10000010 delta = 100005 elapsed time = 00:03:35
[STOPBYICOUNT] Periodic at 10100007 delta = 99997 elapsed time = 00:03:39
[STOPBYICOUNT] Periodic at 10200004 delta = 99997 elapsed time = 00:03:42
[STOPBYICOUNT] Periodic at 10300001 delta = 99997 elapsed time = 00:03:46
[STOPBYICOUNT] Periodic at 10400011 delta = 100010 elapsed time = 00:03:49
[STOPBYICOUNT] Periodic at 10500008 delta = 99997 elapsed time = 00:03:52
[STOPBYICOUNT] Periodic at 10600005 delta = 99997 elapsed time = 00:03:54
[STOPBYICOUNT] Periodic at 10700002 delta = 99997 elapsed time = 00:03:57
[STOPBYICOUNT] Periodic at 10800012 delta = 100010 elapsed time = 00:04:00
[STOPBYICOUNT] Periodic at 10900009 delta = 99997 elapsed time = 00:04:01
[STOPBYICOUNT] Periodic at 11000006 delta = 99997 elapsed time = 00:04:04
[STOPBYICOUNT] Periodic at 11100001 delta = 99995 elapsed time = 00:04:07
[STOPBYICOUNT] Periodic at 11200008 delta = 100007 elapsed time = 00:04:08
[STOPBYICOUNT] Periodic at 11300005 delta = 99997 elapsed time = 00:04:11
[STOPBYICOUNT] Periodic at 11400002 delta = 99997 elapsed time = 00:04:14
[STOPBYICOUNT] Periodic at 11500012 delta = 100010 elapsed time = 00:04:15
[STOPBYICOUNT] Periodic at 11600009 delta = 99997 elapsed time = 00:04:17
[STOPBYICOUNT] Periodic at 11700006 delta = 99997 elapsed time = 00:04:18
[STOPBYICOUNT] Periodic at 11800003 delta = 99997 elapsed time = 00:04:21
[STOPBYICOUNT] Periodic at 11900013 delta = 100010 elapsed time = 00:04:24
[STOPBYICOUNT] Periodic at 12000010 delta = 99997 elapsed time = 00:04:27
[STOPBYICOUNT] Periodic at 12100007 delta = 99997 elapsed time = 00:04:29
[STOPBYICOUNT] Periodic at 12200004 delta = 99997 elapsed time = 00:04:32
[STOPBYICOUNT] Periodic at 12300009 delta = 100005 elapsed time = 00:04:35
[STOPBYICOUNT] Periodic at 12400006 delta = 99997 elapsed time = 00:04:39
[STOPBYICOUNT] Periodic at 12500003 delta = 99997 elapsed time = 00:04:42
[STOPBYICOUNT] Periodic at 12600013 delta = 100010 elapsed time = 00:04:45
[STOPBYICOUNT] Periodic at 12700010 delta = 99997 elapsed time = 00:04:47
[STOPBYICOUNT] Periodic at 12800007 delta = 99997 elapsed time = 00:04:50
[STOPBYICOUNT] Periodic at 12900004 delta = 99997 elapsed time = 00:04:52
[STOPBYICOUNT] Periodic at 13000001 delta = 99997 elapsed time = 00:04:54
[STOPBYICOUNT] Periodic at 13100011 delta = 100010 elapsed time = 00:04:55
[STOPBYICOUNT] Periodic at 13200008 delta = 99997 elapsed time = 00:04:56
[STOPBYICOUNT] Periodic at 13300005 delta = 99997 elapsed time = 00:04:58
[STOPBYICOUNT] Periodic at 13400002 delta = 99997 elapsed time = 00:04:59
[STOPBYICOUNT] Periodic at 13500007 delta = 100005 elapsed time = 00:05:01
[STOPBYICOUNT] Periodic at 13600004 delta = 99997 elapsed time = 00:05:02
[STOPBYICOUNT] Periodic at 13700001 delta = 99997 elapsed time = 00:05:04
[STOPBYICOUNT] Periodic at 13800011 delta = 100010 elapsed time = 00:05:05
